<?xml version="1.0" encoding="UTF-8"?>
<coverage generated="1747762490085" clover="3.2.0">
  <project timestamp="1747762490085" name="All files">
    <metrics statements="539" coveredstatements="518" conditionals="230" coveredconditionals="181" methods="112" coveredmethods="109" elements="881" coveredelements="808" complexity="0" loc="539" ncloc="539" packages="1" files="1" classes="1"/>
    <file name="patristic.js" path="/Users/toboyles/Library/CloudStorage/OneDrive-Deloitte(O365D)/Projects/patristic/dist/patristic.js">
      <metrics statements="539" coveredstatements="518" conditionals="230" coveredconditionals="181" methods="112" coveredmethods="109"/>
      <line num="1" count="2" type="stmt"/>
      <line num="2" count="2" type="cond" truecount="3" falsecount="1"/>
      <line num="14" count="2" type="stmt"/>
      <line num="28" count="182" type="cond" truecount="2" falsecount="0"/>
      <line num="29" count="182" type="cond" truecount="2" falsecount="0"/>
      <line num="30" count="182" type="stmt"/>
      <line num="45" count="182" type="stmt"/>
      <line num="46" count="5642" type="stmt"/>
      <line num="55" count="2" type="stmt"/>
      <line num="57" count="126" type="cond" truecount="2" falsecount="0"/>
      <line num="58" count="106" type="stmt"/>
      <line num="59" count="106" type="stmt"/>
      <line num="61" count="20" type="cond" truecount="1" falsecount="1"/>
      <line num="62" count="20" type="stmt"/>
      <line num="68" count="126" type="stmt"/>
      <line num="69" count="126" type="stmt"/>
      <line num="79" count="2" type="stmt"/>
      <line num="80" count="2" type="cond" truecount="2" falsecount="0"/>
      <line num="82" count="2" type="cond" truecount="1" falsecount="1"/>
      <line num="83" count="2" type="stmt"/>
      <line num="85" count="0" type="cond" truecount="0" falsecount="2"/>
      <line num="86" count="0" type="stmt"/>
      <line num="88" count="2" type="stmt"/>
      <line num="89" count="2" type="stmt"/>
      <line num="90" count="2" type="stmt"/>
      <line num="91" count="2" type="stmt"/>
      <line num="99" count="2" type="stmt"/>
      <line num="100" count="2" type="stmt"/>
      <line num="109" count="2" type="stmt"/>
      <line num="110" count="18" type="stmt"/>
      <line num="117" count="2" type="stmt"/>
      <line num="118" count="1" type="stmt"/>
      <line num="119" count="8" type="cond" truecount="4" falsecount="0"/>
      <line num="120" count="2" type="cond" truecount="2" falsecount="0"/>
      <line num="121" count="1" type="stmt"/>
      <line num="123" count="1" type="stmt"/>
      <line num="125" count="2" type="stmt"/>
      <line num="138" count="2" type="stmt"/>
      <line num="139" count="1" type="stmt"/>
      <line num="140" count="1" type="stmt"/>
      <line num="141" count="1" type="stmt"/>
      <line num="148" count="2" type="stmt"/>
      <line num="149" count="6" type="stmt"/>
      <line num="157" count="2" type="stmt"/>
      <line num="158" count="1" type="stmt"/>
      <line num="170" count="2" type="stmt"/>
      <line num="171" count="36" type="stmt"/>
      <line num="172" count="36" type="cond" truecount="2" falsecount="0"/>
      <line num="173" count="1" type="stmt"/>
      <line num="174" count="36" type="cond" truecount="1" falsecount="1"/>
      <line num="175" count="0" type="stmt"/>
      <line num="176" count="36" type="stmt"/>
      <line num="177" count="36" type="stmt"/>
      <line num="178" count="56" type="stmt"/>
      <line num="179" count="54" type="stmt"/>
      <line num="181" count="34" type="stmt"/>
      <line num="191" count="2" type="stmt"/>
      <line num="192" count="1" type="stmt"/>
      <line num="193" count="1" type="stmt"/>
      <line num="203" count="2" type="stmt"/>
      <line num="204" count="15" type="stmt"/>
      <line num="205" count="15" type="stmt"/>
      <line num="215" count="2" type="stmt"/>
      <line num="216" count="5" type="stmt"/>
      <line num="217" count="5" type="stmt"/>
      <line num="219" count="5" type="stmt"/>
      <line num="220" count="15" type="stmt"/>
      <line num="221" count="15" type="stmt"/>
      <line num="222" count="15" type="stmt"/>
      <line num="223" count="30" type="stmt"/>
      <line num="224" count="30" type="stmt"/>
      <line num="227" count="5" type="stmt"/>
      <line num="237" count="2" type="stmt"/>
      <line num="238" count="356" type="stmt"/>
      <line num="239" count="355" type="stmt"/>
      <line num="240" count="354" type="stmt"/>
      <line num="250" count="2" type="stmt"/>
      <line num="251" count="339" type="stmt"/>
      <line num="252" count="339" type="stmt"/>
      <line num="253" count="339" type="stmt"/>
      <line num="261" count="2" type="stmt"/>
      <line num="262" count="730" type="stmt"/>
      <line num="263" count="729" type="stmt"/>
      <line num="270" count="2" type="stmt"/>
      <line num="271" count="5" type="cond" truecount="4" falsecount="0"/>
      <line num="272" count="1" type="stmt"/>
      <line num="274" count="4" type="stmt"/>
      <line num="275" count="3" type="stmt"/>
      <line num="276" count="3" type="stmt"/>
      <line num="277" count="3" type="cond" truecount="2" falsecount="0"/>
      <line num="279" count="4" type="stmt"/>
      <line num="280" count="3" type="stmt"/>
      <line num="281" count="3" type="stmt"/>
      <line num="288" count="2" type="stmt"/>
      <line num="289" count="132" type="stmt"/>
      <line num="290" count="132" type="stmt"/>
      <line num="291" count="132" type="stmt"/>
      <line num="292" count="132" type="stmt"/>
      <line num="293" count="327" type="cond" truecount="2" falsecount="0"/>
      <line num="294" count="195" type="stmt"/>
      <line num="295" count="195" type="cond" truecount="2" falsecount="0"/>
      <line num="297" count="327" type="stmt"/>
      <line num="298" count="327" type="stmt"/>
      <line num="300" count="132" type="stmt"/>
      <line num="313" count="2" type="stmt"/>
      <line num="314" count="13" type="stmt"/>
      <line num="315" count="31" type="cond" truecount="2" falsecount="0"/>
      <line num="316" count="31" type="cond" truecount="1" falsecount="1"/>
      <line num="317" count="31" type="cond" truecount="4" falsecount="0"/>
      <line num="318" count="6" type="stmt"/>
      <line num="321" count="13" type="stmt"/>
      <line num="328" count="2" type="stmt"/>
      <line num="329" count="6" type="stmt"/>
      <line num="340" count="2" type="stmt"/>
      <line num="341" count="3" type="cond" truecount="2" falsecount="0"/>
      <line num="342" count="3" type="stmt"/>
      <line num="343" count="6" type="stmt"/>
      <line num="344" count="3" type="stmt"/>
      <line num="354" count="2" type="stmt"/>
      <line num="355" count="3" type="cond" truecount="1" falsecount="1"/>
      <line num="356" count="7" type="stmt"/>
      <line num="366" count="2" type="stmt"/>
      <line num="367" count="24" type="cond" truecount="2" falsecount="0"/>
      <line num="368" count="21" type="stmt"/>
      <line num="369" count="21" type="stmt"/>
      <line num="370" count="21" type="cond" truecount="1" falsecount="1"/>
      <line num="371" count="21" type="stmt"/>
      <line num="372" count="20" type="stmt"/>
      <line num="373" count="20" type="cond" truecount="2" falsecount="0"/>
      <line num="384" count="2" type="stmt"/>
      <line num="385" count="169" type="cond" truecount="2" falsecount="0"/>
      <line num="386" count="169" type="cond" truecount="2" falsecount="0"/>
      <line num="387" count="52" type="stmt"/>
      <line num="388" count="176" type="stmt"/>
      <line num="391" count="169" type="stmt"/>
      <line num="399" count="2" type="stmt"/>
      <line num="400" count="1" type="stmt"/>
      <line num="408" count="2" type="stmt"/>
      <line num="409" count="113" type="cond" truecount="2" falsecount="0"/>
      <line num="410" count="76" type="stmt"/>
      <line num="412" count="37" type="stmt"/>
      <line num="413" count="37" type="stmt"/>
      <line num="414" count="115" type="stmt"/>
      <line num="416" count="37" type="stmt"/>
      <line num="427" count="2" type="stmt"/>
      <line num="428" count="19" type="stmt"/>
      <line num="429" count="19" type="stmt"/>
      <line num="430" count="23" type="cond" truecount="1" falsecount="1"/>
      <line num="431" count="0" type="stmt"/>
      <line num="434" count="23" type="stmt"/>
      <line num="436" count="19" type="stmt"/>
      <line num="444" count="2" type="stmt"/>
      <line num="445" count="135" type="stmt"/>
      <line num="446" count="135" type="stmt"/>
      <line num="447" count="135" type="stmt"/>
      <line num="455" count="2" type="stmt"/>
      <line num="456" count="4" type="cond" truecount="2" falsecount="0"/>
      <line num="457" count="1" type="stmt"/>
      <line num="458" count="3" type="cond" truecount="2" falsecount="0"/>
      <line num="459" count="4" type="stmt"/>
      <line num="461" count="1" type="stmt"/>
      <line num="474" count="2" type="stmt"/>
      <line num="475" count="45" type="stmt"/>
      <line num="476" count="45" type="cond" truecount="2" falsecount="0"/>
      <line num="477" count="66" type="stmt"/>
      <line num="478" count="2" type="cond" truecount="1" falsecount="1"/>
      <line num="479" count="10" type="stmt"/>
      <line num="481" count="0" type="stmt"/>
      <line num="489" count="2" type="stmt"/>
      <line num="490" count="5" type="stmt"/>
      <line num="491" count="5" type="cond" truecount="2" falsecount="0"/>
      <line num="492" count="2" type="stmt"/>
      <line num="493" count="3" type="cond" truecount="2" falsecount="0"/>
      <line num="494" count="6" type="stmt"/>
      <line num="496" count="1" type="stmt"/>
      <line num="504" count="2" type="stmt"/>
      <line num="505" count="3" type="stmt"/>
      <line num="506" count="3" type="cond" truecount="2" falsecount="0"/>
      <line num="507" count="2" type="stmt"/>
      <line num="508" count="2" type="stmt"/>
      <line num="509" count="2" type="stmt"/>
      <line num="510" count="2" type="stmt"/>
      <line num="511" count="2" type="stmt"/>
      <line num="512" count="2" type="stmt"/>
      <line num="513" count="2" type="stmt"/>
      <line num="515" count="1" type="stmt"/>
      <line num="517" count="2" type="stmt"/>
      <line num="528" count="2" type="stmt"/>
      <line num="529" count="2" type="cond" truecount="1" falsecount="1"/>
      <line num="530" count="0" type="cond" truecount="0" falsecount="2"/>
      <line num="531" count="0" type="stmt"/>
      <line num="539" count="2" type="stmt"/>
      <line num="540" count="13" type="cond" truecount="2" falsecount="0"/>
      <line num="541" count="10" type="cond" truecount="1" falsecount="1"/>
      <line num="543" count="13" type="cond" truecount="2" falsecount="0"/>
      <line num="544" count="11" type="cond" truecount="2" falsecount="0"/>
      <line num="545" count="10" type="stmt"/>
      <line num="547" count="8" type="stmt"/>
      <line num="556" count="2" type="stmt"/>
      <line num="557" count="3" type="cond" truecount="4" falsecount="0"/>
      <line num="558" count="2" type="cond" truecount="4" falsecount="0"/>
      <line num="559" count="1" type="stmt"/>
      <line num="567" count="2" type="stmt"/>
      <line num="568" count="329" type="stmt"/>
      <line num="581" count="2" type="stmt"/>
      <line num="582" count="2" type="stmt"/>
      <line num="583" count="2" type="stmt"/>
      <line num="584" count="2" type="stmt"/>
      <line num="585" count="2" type="stmt"/>
      <line num="593" count="2" type="stmt"/>
      <line num="594" count="529" type="stmt"/>
      <line num="603" count="2" type="stmt"/>
      <line num="604" count="1" type="stmt"/>
      <line num="614" count="2" type="stmt"/>
      <line num="615" count="1" type="stmt"/>
      <line num="625" count="2" type="stmt"/>
      <line num="626" count="1" type="stmt"/>
      <line num="627" count="1" type="stmt"/>
      <line num="628" count="6" type="cond" truecount="2" falsecount="0"/>
      <line num="629" count="5" type="stmt"/>
      <line num="634" count="1" type="stmt"/>
      <line num="646" count="2" type="stmt"/>
      <line num="647" count="1" type="cond" truecount="1" falsecount="1"/>
      <line num="648" count="1" type="cond" truecount="1" falsecount="1"/>
      <line num="649" count="1" type="stmt"/>
      <line num="650" count="1" type="stmt"/>
      <line num="651" count="1" type="stmt"/>
      <line num="652" count="6" type="cond" truecount="2" falsecount="0"/>
      <line num="653" count="6" type="cond" truecount="2" falsecount="0"/>
      <line num="655" count="1" type="stmt"/>
      <line num="656" count="6" type="stmt"/>
      <line num="666" count="2" type="stmt"/>
      <line num="667" count="1" type="stmt"/>
      <line num="668" count="1" type="stmt"/>
      <line num="669" count="1" type="stmt"/>
      <line num="670" count="1" type="stmt"/>
      <line num="671" count="1" type="stmt"/>
      <line num="672" count="1" type="stmt"/>
      <line num="674" count="1" type="stmt"/>
      <line num="675" count="1" type="stmt"/>
      <line num="676" count="1" type="stmt"/>
      <line num="677" count="2" type="stmt"/>
      <line num="678" count="2" type="stmt"/>
      <line num="680" count="1" type="stmt"/>
      <line num="690" count="2" type="stmt"/>
      <line num="691" count="1" type="stmt"/>
      <line num="692" count="1" type="stmt"/>
      <line num="693" count="1" type="cond" truecount="1" falsecount="1"/>
      <line num="694" count="0" type="stmt"/>
      <line num="696" count="1" type="stmt"/>
      <line num="706" count="2" type="stmt"/>
      <line num="707" count="1" type="stmt"/>
      <line num="709" count="1" type="cond" truecount="1" falsecount="1"/>
      <line num="710" count="1" type="stmt"/>
      <line num="711" count="1" type="cond" truecount="1" falsecount="1"/>
      <line num="712" count="1" type="stmt"/>
      <line num="716" count="0" type="stmt"/>
      <line num="725" count="2" type="stmt"/>
      <line num="726" count="1" type="stmt"/>
      <line num="727" count="1" type="stmt"/>
      <line num="728" count="1" type="stmt"/>
      <line num="729" count="1" type="stmt"/>
      <line num="730" count="1" type="stmt"/>
      <line num="742" count="2" type="stmt"/>
      <line num="743" count="1" type="stmt"/>
      <line num="744" count="1" type="stmt"/>
      <line num="745" count="1" type="stmt"/>
      <line num="746" count="2" type="stmt"/>
      <line num="747" count="2" type="stmt"/>
      <line num="749" count="2" type="stmt"/>
      <line num="750" count="1" type="stmt"/>
      <line num="757" count="2" type="stmt"/>
      <line num="758" count="7" type="cond" truecount="1" falsecount="1"/>
      <line num="759" count="7" type="stmt"/>
      <line num="760" count="7" type="stmt"/>
      <line num="768" count="2" type="stmt"/>
      <line num="769" count="5" type="stmt"/>
      <line num="770" count="5" type="stmt"/>
      <line num="778" count="2" type="stmt"/>
      <line num="779" count="3" type="cond" truecount="2" falsecount="2"/>
      <line num="780" count="0" type="stmt"/>
      <line num="781" count="3" type="stmt"/>
      <line num="782" count="3" type="stmt"/>
      <line num="790" count="2" type="stmt"/>
      <line num="791" count="1" type="stmt"/>
      <line num="792" count="2" type="cond" truecount="2" falsecount="0"/>
      <line num="793" count="1" type="stmt"/>
      <line num="794" count="1" type="cond" truecount="1" falsecount="1"/>
      <line num="795" count="0" type="stmt"/>
      <line num="797" count="1" type="stmt"/>
      <line num="799" count="1" type="stmt"/>
      <line num="802" count="0" type="stmt"/>
      <line num="811" count="2" type="stmt"/>
      <line num="812" count="1" type="cond" truecount="1" falsecount="1"/>
      <line num="813" count="6" type="stmt"/>
      <line num="823" count="2" type="stmt"/>
      <line num="824" count="1" type="stmt"/>
      <line num="825" count="1" type="stmt"/>
      <line num="834" count="2" type="stmt"/>
      <line num="835" count="2" type="cond" truecount="1" falsecount="1"/>
      <line num="836" count="2" type="stmt"/>
      <line num="837" count="12" type="stmt"/>
      <line num="848" count="2" type="stmt"/>
      <line num="849" count="0" type="stmt"/>
      <line num="858" count="2" type="stmt"/>
      <line num="859" count="21" type="stmt"/>
      <line num="868" count="2" type="stmt"/>
      <line num="869" count="4" type="stmt"/>
      <line num="870" count="4" type="stmt"/>
      <line num="871" count="4" type="stmt"/>
      <line num="872" count="4" type="stmt"/>
      <line num="873" count="12" type="stmt"/>
      <line num="874" count="12" type="stmt"/>
      <line num="875" count="12" type="stmt"/>
      <line num="876" count="14" type="stmt"/>
      <line num="877" count="12" type="stmt"/>
      <line num="878" count="12" type="stmt"/>
      <line num="881" count="2" type="stmt"/>
      <line num="883" count="8" type="stmt"/>
      <line num="896" count="2" type="stmt"/>
      <line num="897" count="32" type="stmt"/>
      <line num="898" count="32" type="cond" truecount="2" falsecount="0"/>
      <line num="899" count="10" type="stmt"/>
      <line num="900" count="27" type="stmt"/>
      <line num="902" count="32" type="stmt"/>
      <line num="903" count="32" type="cond" truecount="2" falsecount="0"/>
      <line num="904" count="32" type="cond" truecount="2" falsecount="0"/>
      <line num="905" count="32" type="stmt"/>
      <line num="913" count="25" type="stmt"/>
      <line num="914" count="25" type="cond" truecount="2" falsecount="0"/>
      <line num="915" count="23" type="stmt"/>
      <line num="916" count="23" type="cond" truecount="1" falsecount="1"/>
      <line num="917" count="0" type="stmt"/>
      <line num="918" count="0" type="cond" truecount="0" falsecount="2"/>
      <line num="919" count="0" type="stmt"/>
      <line num="920" count="0" type="stmt"/>
      <line num="921" count="0" type="cond" truecount="0" falsecount="2"/>
      <line num="924" count="2" type="stmt"/>
      <line num="925" count="2" type="cond" truecount="2" falsecount="0"/>
      <line num="926" count="1" type="stmt"/>
      <line num="927" count="1" type="stmt"/>
      <line num="928" count="1" type="stmt"/>
      <line num="931" count="25" type="stmt"/>
      <line num="943" count="2" type="stmt"/>
      <line num="944" count="198" type="stmt"/>
      <line num="948" count="198" type="cond" truecount="2" falsecount="0"/>
      <line num="949" count="157" type="stmt"/>
      <line num="950" count="198" type="stmt"/>
      <line num="962" count="2" type="stmt"/>
      <line num="963" count="2" type="cond" truecount="1" falsecount="1"/>
      <line num="964" count="2" type="cond" truecount="2" falsecount="0"/>
      <line num="965" count="2" type="stmt"/>
      <line num="982" count="121" type="cond" truecount="1" falsecount="1"/>
      <line num="983" count="121" type="cond" truecount="1" falsecount="1"/>
      <line num="984" count="121" type="cond" truecount="1" falsecount="1"/>
      <line num="985" count="121" type="cond" truecount="2" falsecount="0"/>
      <line num="986" count="121" type="stmt"/>
      <line num="990" count="121" type="cond" truecount="2" falsecount="0"/>
      <line num="991" count="38" type="stmt"/>
      <line num="992" count="102" type="stmt"/>
      <line num="995" count="121" type="stmt"/>
      <line num="1009" count="3" type="stmt"/>
      <line num="1010" count="3" type="stmt"/>
      <line num="1011" count="3" type="cond" truecount="2" falsecount="0"/>
      <line num="1012" count="3" type="stmt"/>
      <line num="1013" count="3" type="stmt"/>
      <line num="1014" count="3" type="stmt"/>
      <line num="1015" count="3" type="stmt"/>
      <line num="1016" count="3" type="stmt"/>
      <line num="1017" count="3" type="stmt"/>
      <line num="1018" count="3" type="stmt"/>
      <line num="1019" count="3" type="stmt"/>
      <line num="1020" count="3" type="stmt"/>
      <line num="1021" count="3" type="stmt"/>
      <line num="1022" count="3" type="stmt"/>
      <line num="1023" count="3" type="stmt"/>
      <line num="1024" count="10" type="stmt"/>
      <line num="1025" count="10" type="stmt"/>
      <line num="1026" count="10" type="stmt"/>
      <line num="1028" count="3" type="stmt"/>
      <line num="1029" count="3" type="stmt"/>
      <line num="1030" count="3" type="stmt"/>
      <line num="1031" count="10" type="stmt"/>
      <line num="1032" count="10" type="stmt"/>
      <line num="1034" count="3" type="stmt"/>
      <line num="1035" count="3" type="stmt"/>
      <line num="1040" count="14" type="cond" truecount="2" falsecount="0"/>
      <line num="1041" count="10" type="stmt"/>
      <line num="1042" count="10" type="stmt"/>
      <line num="1044" count="4" type="stmt"/>
      <line num="1045" count="4" type="stmt"/>
      <line num="1047" count="14" type="stmt"/>
      <line num="1050" count="3" type="stmt"/>
      <line num="1051" count="3" type="stmt"/>
      <line num="1052" count="10" type="cond" truecount="1" falsecount="1"/>
      <line num="1055" count="3" type="stmt"/>
      <line num="1057" count="4" type="stmt"/>
      <line num="1059" count="4" type="stmt"/>
      <line num="1062" count="4" type="stmt"/>
      <line num="1064" count="4" type="stmt"/>
      <line num="1065" count="4" type="stmt"/>
      <line num="1067" count="4" type="stmt"/>
      <line num="1068" count="4" type="stmt"/>
      <line num="1069" count="4" type="stmt"/>
      <line num="1071" count="4" type="stmt"/>
      <line num="1072" count="4" type="stmt"/>
      <line num="1073" count="4" type="stmt"/>
      <line num="1074" count="4" type="stmt"/>
      <line num="1075" count="4" type="stmt"/>
      <line num="1076" count="4" type="stmt"/>
      <line num="1078" count="4" type="stmt"/>
      <line num="1079" count="4" type="stmt"/>
      <line num="1080" count="4" type="stmt"/>
      <line num="1083" count="3" type="stmt"/>
      <line num="1084" count="3" type="stmt"/>
      <line num="1085" count="3" type="stmt"/>
      <line num="1087" count="3" type="stmt"/>
      <line num="1088" count="3" type="stmt"/>
      <line num="1089" count="3" type="stmt"/>
      <line num="1091" count="3" type="stmt"/>
      <line num="1092" count="3" type="stmt"/>
      <line num="1094" count="3" type="stmt"/>
      <line num="1095" count="3" type="stmt"/>
      <line num="1096" count="3" type="stmt"/>
      <line num="1100" count="4" type="stmt"/>
      <line num="1101" count="4" type="stmt"/>
      <line num="1102" count="4" type="stmt"/>
      <line num="1103" count="4" type="stmt"/>
      <line num="1104" count="4" type="stmt"/>
      <line num="1105" count="4" type="stmt"/>
      <line num="1106" count="4" type="stmt"/>
      <line num="1107" count="4" type="stmt"/>
      <line num="1108" count="4" type="stmt"/>
      <line num="1110" count="4" type="stmt"/>
      <line num="1111" count="4" type="stmt"/>
      <line num="1115" count="4" type="stmt"/>
      <line num="1116" count="14" type="cond" truecount="2" falsecount="0"/>
      <line num="1117" count="13" type="stmt"/>
      <line num="1118" count="13" type="cond" truecount="1" falsecount="1"/>
      <line num="1119" count="13" type="stmt"/>
      <line num="1120" count="13" type="cond" truecount="2" falsecount="0"/>
      <line num="1121" count="5" type="stmt"/>
      <line num="1122" count="5" type="stmt"/>
      <line num="1123" count="5" type="stmt"/>
      <line num="1127" count="4" type="stmt"/>
      <line num="1128" count="14" type="cond" truecount="2" falsecount="0"/>
      <line num="1129" count="13" type="stmt"/>
      <line num="1130" count="32" type="stmt"/>
      <line num="1131" count="32" type="cond" truecount="2" falsecount="0"/>
      <line num="1132" count="30" type="cond" truecount="2" falsecount="0"/>
      <line num="1133" count="27" type="stmt"/>
      <line num="1134" count="27" type="cond" truecount="1" falsecount="1"/>
      <line num="1135" count="0" type="stmt"/>
      <line num="1136" count="0" type="stmt"/>
      <line num="1137" count="0" type="stmt"/>
      <line num="1142" count="4" type="stmt"/>
      <line num="1146" count="4" type="stmt"/>
      <line num="1147" count="4" type="stmt"/>
      <line num="1148" count="4" type="stmt"/>
      <line num="1151" count="4" type="stmt"/>
      <line num="1152" count="4" type="stmt"/>
      <line num="1153" count="4" type="stmt"/>
      <line num="1154" count="4" type="stmt"/>
      <line num="1155" count="4" type="stmt"/>
      <line num="1157" count="4" type="stmt"/>
      <line num="1158" count="4" type="stmt"/>
      <line num="1159" count="14" type="cond" truecount="2" falsecount="0"/>
      <line num="1160" count="9" type="stmt"/>
      <line num="1161" count="9" type="stmt"/>
      <line num="1162" count="9" type="stmt"/>
      <line num="1163" count="9" type="stmt"/>
      <line num="1164" count="9" type="stmt"/>
      <line num="1166" count="4" type="stmt"/>
      <line num="1167" count="14" type="stmt"/>
      <line num="1168" count="14" type="stmt"/>
      <line num="1169" count="14" type="cond" truecount="2" falsecount="0"/>
      <line num="1170" count="9" type="stmt"/>
      <line num="1171" count="9" type="stmt"/>
      <line num="1172" count="9" type="stmt"/>
      <line num="1173" count="9" type="cond" truecount="2" falsecount="0"/>
      <line num="1175" count="4" type="stmt"/>
      <line num="1176" count="4" type="stmt"/>
      <line num="1177" count="4" type="cond" truecount="1" falsecount="1"/>
      <line num="1178" count="4" type="stmt"/>
      <line num="1179" count="4" type="stmt"/>
      <line num="1183" count="3" type="stmt"/>
      <line num="1184" count="3" type="stmt"/>
      <line num="1185" count="3" type="stmt"/>
      <line num="1186" count="10" type="stmt"/>
      <line num="1187" count="10" type="stmt"/>
      <line num="1188" count="34" type="stmt"/>
      <line num="1189" count="34" type="cond" truecount="1" falsecount="1"/>
      <line num="1190" count="34" type="stmt"/>
      <line num="1192" count="10" type="stmt"/>
      <line num="1194" count="3" type="stmt"/>
      <line num="1198" count="14" type="cond" truecount="1" falsecount="1"/>
      <line num="1199" count="14" type="stmt"/>
      <line num="1200" count="14" type="stmt"/>
      <line num="1201" count="14" type="stmt"/>
      <line num="1202" count="14" type="stmt"/>
      <line num="1203" count="14" type="stmt"/>
      <line num="1204" count="48" type="cond" truecount="4" falsecount="0"/>
      <line num="1205" count="29" type="stmt"/>
      <line num="1206" count="29" type="stmt"/>
      <line num="1208" count="14" type="stmt"/>
      <line num="1209" count="14" type="stmt"/>
      <line num="1210" count="15" type="stmt"/>
      <line num="1211" count="14" type="stmt"/>
      <line num="1212" count="14" type="stmt"/>
      <line num="1213" count="29" type="stmt"/>
      <line num="1215" count="14" type="stmt"/>
      <line num="1227" count="4" type="stmt"/>
      <line num="1228" count="4" type="stmt"/>
      <line num="1229" count="4" type="stmt"/>
      <line num="1230" count="4" type="stmt"/>
      <line num="1231" count="4" type="stmt"/>
      <line num="1232" count="108" type="stmt"/>
      <line num="1234" count="108" type="cond" truecount="5" falsecount="0"/>
      <line num="1236" count="8" type="stmt"/>
      <line num="1237" count="8" type="stmt"/>
      <line num="1238" count="8" type="stmt"/>
      <line num="1239" count="8" type="stmt"/>
      <line num="1241" count="12" type="stmt"/>
      <line num="1242" count="12" type="stmt"/>
      <line num="1243" count="12" type="stmt"/>
      <line num="1245" count="8" type="stmt"/>
      <line num="1246" count="8" type="stmt"/>
      <line num="1248" count="20" type="stmt"/>
      <line num="1250" count="60" type="stmt"/>
      <line num="1251" count="60" type="cond" truecount="5" falsecount="0"/>
      <line num="1252" count="28" type="stmt"/>
      <line num="1253" count="32" type="cond" truecount="2" falsecount="0"/>
      <line num="1254" count="20" type="stmt"/>
      <line num="1258" count="4" type="stmt"/>
      <line num="1261" count="2" type="stmt"/>
      <line num="1262" count="2" type="stmt"/>
      <line num="1263" count="2" type="stmt"/>
      <line num="1264" count="2" type="stmt"/>
      <line num="1265" count="2" type="stmt"/>
    </file>
  </project>
</coverage>
