<?xml version="1.0" encoding="UTF-8"?>
<coverage generated="1600192292129" clover="3.2.0">
  <project timestamp="1600192292129" name="All files">
    <metrics statements="531" coveredstatements="227" conditionals="224" coveredconditionals="85" methods="111" coveredmethods="50" elements="866" coveredelements="362" complexity="0" loc="531" ncloc="531" packages="1" files="1" classes="1"/>
    <file name="patristic.js" path="/Users/aaboyles/Projects/patristic/dist/patristic.js">
      <metrics statements="531" coveredstatements="227" conditionals="224" coveredconditionals="85" methods="111" coveredmethods="50"/>
      <line num="1" count="2" type="stmt"/>
      <line num="2" count="2" type="cond" truecount="3" falsecount="1"/>
      <line num="14" count="2" type="stmt"/>
      <line num="28" count="76" type="cond" truecount="2" falsecount="0"/>
      <line num="29" count="76" type="cond" truecount="1" falsecount="1"/>
      <line num="30" count="76" type="stmt"/>
      <line num="45" count="76" type="stmt"/>
      <line num="46" count="2356" type="stmt"/>
      <line num="55" count="2" type="stmt"/>
      <line num="57" count="67" type="cond" truecount="1" falsecount="1"/>
      <line num="58" count="0" type="stmt"/>
      <line num="59" count="0" type="stmt"/>
      <line num="61" count="67" type="cond" truecount="2" falsecount="0"/>
      <line num="62" count="67" type="stmt"/>
      <line num="68" count="67" type="stmt"/>
      <line num="69" count="67" type="stmt"/>
      <line num="79" count="2" type="stmt"/>
      <line num="80" count="1" type="cond" truecount="1" falsecount="1"/>
      <line num="82" count="1" type="cond" truecount="1" falsecount="1"/>
      <line num="83" count="0" type="stmt"/>
      <line num="85" count="1" type="cond" truecount="1" falsecount="1"/>
      <line num="86" count="1" type="stmt"/>
      <line num="88" count="1" type="stmt"/>
      <line num="89" count="1" type="stmt"/>
      <line num="90" count="1" type="stmt"/>
      <line num="91" count="1" type="stmt"/>
      <line num="99" count="2" type="stmt"/>
      <line num="100" count="1" type="stmt"/>
      <line num="109" count="2" type="stmt"/>
      <line num="110" count="0" type="stmt"/>
      <line num="117" count="2" type="stmt"/>
      <line num="118" count="1" type="stmt"/>
      <line num="119" count="5" type="cond" truecount="4" falsecount="0"/>
      <line num="120" count="1" type="cond" truecount="1" falsecount="1"/>
      <line num="121" count="1" type="stmt"/>
      <line num="123" count="0" type="stmt"/>
      <line num="125" count="1" type="stmt"/>
      <line num="138" count="2" type="stmt"/>
      <line num="139" count="0" type="stmt"/>
      <line num="140" count="0" type="stmt"/>
      <line num="141" count="0" type="stmt"/>
      <line num="148" count="2" type="stmt"/>
      <line num="149" count="0" type="stmt"/>
      <line num="157" count="2" type="stmt"/>
      <line num="158" count="0" type="stmt"/>
      <line num="170" count="2" type="stmt"/>
      <line num="171" count="6" type="stmt"/>
      <line num="172" count="6" type="cond" truecount="1" falsecount="1"/>
      <line num="173" count="0" type="stmt"/>
      <line num="174" count="6" type="cond" truecount="1" falsecount="1"/>
      <line num="175" count="0" type="stmt"/>
      <line num="176" count="6" type="stmt"/>
      <line num="177" count="6" type="stmt"/>
      <line num="178" count="24" type="stmt"/>
      <line num="179" count="24" type="stmt"/>
      <line num="181" count="6" type="stmt"/>
      <line num="191" count="2" type="stmt"/>
      <line num="192" count="3" type="stmt"/>
      <line num="193" count="3" type="stmt"/>
      <line num="203" count="2" type="stmt"/>
      <line num="204" count="0" type="stmt"/>
      <line num="205" count="0" type="stmt"/>
      <line num="215" count="2" type="stmt"/>
      <line num="216" count="0" type="stmt"/>
      <line num="217" count="0" type="stmt"/>
      <line num="219" count="0" type="stmt"/>
      <line num="220" count="0" type="stmt"/>
      <line num="221" count="0" type="stmt"/>
      <line num="222" count="0" type="stmt"/>
      <line num="223" count="0" type="stmt"/>
      <line num="224" count="0" type="stmt"/>
      <line num="227" count="0" type="stmt"/>
      <line num="237" count="2" type="stmt"/>
      <line num="238" count="159" type="stmt"/>
      <line num="239" count="159" type="stmt"/>
      <line num="240" count="159" type="stmt"/>
      <line num="250" count="2" type="stmt"/>
      <line num="251" count="149" type="stmt"/>
      <line num="252" count="149" type="stmt"/>
      <line num="253" count="149" type="stmt"/>
      <line num="261" count="2" type="stmt"/>
      <line num="262" count="310" type="stmt"/>
      <line num="263" count="310" type="stmt"/>
      <line num="270" count="2" type="stmt"/>
      <line num="271" count="2" type="cond" truecount="2" falsecount="2"/>
      <line num="272" count="0" type="stmt"/>
      <line num="274" count="2" type="stmt"/>
      <line num="275" count="1" type="stmt"/>
      <line num="276" count="1" type="stmt"/>
      <line num="277" count="1" type="cond" truecount="1" falsecount="1"/>
      <line num="279" count="2" type="stmt"/>
      <line num="280" count="2" type="stmt"/>
      <line num="281" count="2" type="stmt"/>
      <line num="288" count="2" type="stmt"/>
      <line num="289" count="12" type="stmt"/>
      <line num="290" count="12" type="stmt"/>
      <line num="291" count="12" type="stmt"/>
      <line num="292" count="12" type="stmt"/>
      <line num="293" count="149" type="cond" truecount="2" falsecount="0"/>
      <line num="294" count="137" type="stmt"/>
      <line num="295" count="137" type="cond" truecount="2" falsecount="0"/>
      <line num="297" count="149" type="stmt"/>
      <line num="298" count="149" type="stmt"/>
      <line num="300" count="12" type="stmt"/>
      <line num="313" count="2" type="stmt"/>
      <line num="314" count="0" type="stmt"/>
      <line num="315" count="0" type="cond" truecount="0" falsecount="2"/>
      <line num="316" count="0" type="cond" truecount="0" falsecount="2"/>
      <line num="317" count="0" type="cond" truecount="0" falsecount="4"/>
      <line num="318" count="0" type="stmt"/>
      <line num="321" count="0" type="stmt"/>
      <line num="328" count="2" type="stmt"/>
      <line num="329" count="0" type="stmt"/>
      <line num="340" count="2" type="stmt"/>
      <line num="341" count="1" type="cond" truecount="1" falsecount="1"/>
      <line num="342" count="1" type="stmt"/>
      <line num="343" count="2" type="stmt"/>
      <line num="344" count="1" type="stmt"/>
      <line num="354" count="2" type="stmt"/>
      <line num="355" count="0" type="cond" truecount="0" falsecount="2"/>
      <line num="356" count="0" type="stmt"/>
      <line num="366" count="2" type="stmt"/>
      <line num="367" count="112" type="cond" truecount="2" falsecount="0"/>
      <line num="368" count="104" type="stmt"/>
      <line num="369" count="104" type="stmt"/>
      <line num="370" count="104" type="cond" truecount="1" falsecount="1"/>
      <line num="371" count="104" type="stmt"/>
      <line num="372" count="103" type="stmt"/>
      <line num="373" count="103" type="cond" truecount="2" falsecount="0"/>
      <line num="384" count="2" type="stmt"/>
      <line num="385" count="178" type="cond" truecount="2" falsecount="0"/>
      <line num="386" count="178" type="cond" truecount="2" falsecount="0"/>
      <line num="387" count="87" type="stmt"/>
      <line num="388" count="690" type="stmt"/>
      <line num="391" count="178" type="stmt"/>
      <line num="399" count="2" type="stmt"/>
      <line num="400" count="0" type="stmt"/>
      <line num="408" count="2" type="stmt"/>
      <line num="409" count="0" type="cond" truecount="0" falsecount="2"/>
      <line num="410" count="0" type="stmt"/>
      <line num="412" count="0" type="stmt"/>
      <line num="413" count="0" type="stmt"/>
      <line num="414" count="0" type="stmt"/>
      <line num="416" count="0" type="stmt"/>
      <line num="427" count="2" type="stmt"/>
      <line num="428" count="3" type="stmt"/>
      <line num="429" count="3" type="stmt"/>
      <line num="430" count="12" type="cond" truecount="1" falsecount="1"/>
      <line num="431" count="0" type="stmt"/>
      <line num="434" count="12" type="stmt"/>
      <line num="436" count="3" type="stmt"/>
      <line num="444" count="2" type="stmt"/>
      <line num="445" count="15" type="stmt"/>
      <line num="446" count="15" type="stmt"/>
      <line num="447" count="15" type="stmt"/>
      <line num="455" count="2" type="stmt"/>
      <line num="456" count="0" type="cond" truecount="0" falsecount="2"/>
      <line num="457" count="0" type="stmt"/>
      <line num="458" count="0" type="cond" truecount="0" falsecount="2"/>
      <line num="459" count="0" type="stmt"/>
      <line num="461" count="0" type="stmt"/>
      <line num="474" count="2" type="stmt"/>
      <line num="475" count="15" type="stmt"/>
      <line num="476" count="15" type="cond" truecount="1" falsecount="1"/>
      <line num="477" count="129" type="stmt"/>
      <line num="478" count="0" type="cond" truecount="0" falsecount="2"/>
      <line num="479" count="0" type="stmt"/>
      <line num="481" count="0" type="stmt"/>
      <line num="489" count="2" type="stmt"/>
      <line num="490" count="0" type="stmt"/>
      <line num="491" count="0" type="cond" truecount="0" falsecount="2"/>
      <line num="492" count="0" type="stmt"/>
      <line num="493" count="0" type="cond" truecount="0" falsecount="2"/>
      <line num="494" count="0" type="stmt"/>
      <line num="496" count="0" type="stmt"/>
      <line num="504" count="2" type="stmt"/>
      <line num="505" count="14" type="stmt"/>
      <line num="506" count="14" type="cond" truecount="1" falsecount="1"/>
      <line num="507" count="14" type="stmt"/>
      <line num="508" count="14" type="stmt"/>
      <line num="509" count="14" type="stmt"/>
      <line num="510" count="14" type="stmt"/>
      <line num="511" count="14" type="stmt"/>
      <line num="512" count="14" type="stmt"/>
      <line num="513" count="14" type="stmt"/>
      <line num="515" count="0" type="stmt"/>
      <line num="517" count="14" type="stmt"/>
      <line num="528" count="2" type="stmt"/>
      <line num="529" count="0" type="cond" truecount="0" falsecount="2"/>
      <line num="530" count="0" type="cond" truecount="0" falsecount="2"/>
      <line num="531" count="0" type="stmt"/>
      <line num="539" count="2" type="stmt"/>
      <line num="540" count="7" type="cond" truecount="2" falsecount="0"/>
      <line num="541" count="5" type="cond" truecount="1" falsecount="1"/>
      <line num="543" count="7" type="cond" truecount="2" falsecount="0"/>
      <line num="544" count="6" type="cond" truecount="2" falsecount="0"/>
      <line num="545" count="5" type="stmt"/>
      <line num="547" count="4" type="stmt"/>
      <line num="556" count="2" type="stmt"/>
      <line num="557" count="0" type="cond" truecount="0" falsecount="4"/>
      <line num="558" count="0" type="cond" truecount="0" falsecount="4"/>
      <line num="559" count="0" type="stmt"/>
      <line num="567" count="2" type="stmt"/>
      <line num="568" count="200" type="stmt"/>
      <line num="581" count="2" type="stmt"/>
      <line num="582" count="0" type="stmt"/>
      <line num="583" count="0" type="stmt"/>
      <line num="584" count="0" type="stmt"/>
      <line num="585" count="0" type="stmt"/>
      <line num="593" count="2" type="stmt"/>
      <line num="594" count="211" type="stmt"/>
      <line num="603" count="2" type="stmt"/>
      <line num="604" count="0" type="stmt"/>
      <line num="614" count="2" type="stmt"/>
      <line num="615" count="0" type="stmt"/>
      <line num="625" count="2" type="stmt"/>
      <line num="626" count="0" type="stmt"/>
      <line num="627" count="0" type="stmt"/>
      <line num="628" count="0" type="cond" truecount="0" falsecount="2"/>
      <line num="629" count="0" type="stmt"/>
      <line num="634" count="0" type="stmt"/>
      <line num="646" count="2" type="stmt"/>
      <line num="647" count="0" type="cond" truecount="0" falsecount="2"/>
      <line num="648" count="0" type="cond" truecount="0" falsecount="2"/>
      <line num="649" count="0" type="stmt"/>
      <line num="650" count="0" type="stmt"/>
      <line num="651" count="0" type="stmt"/>
      <line num="652" count="0" type="cond" truecount="0" falsecount="2"/>
      <line num="653" count="0" type="cond" truecount="0" falsecount="2"/>
      <line num="655" count="0" type="stmt"/>
      <line num="656" count="0" type="stmt"/>
      <line num="666" count="2" type="stmt"/>
      <line num="667" count="0" type="stmt"/>
      <line num="668" count="0" type="stmt"/>
      <line num="669" count="0" type="stmt"/>
      <line num="670" count="0" type="stmt"/>
      <line num="671" count="0" type="stmt"/>
      <line num="672" count="0" type="stmt"/>
      <line num="674" count="0" type="stmt"/>
      <line num="675" count="0" type="stmt"/>
      <line num="676" count="0" type="stmt"/>
      <line num="677" count="0" type="stmt"/>
      <line num="678" count="0" type="stmt"/>
      <line num="680" count="0" type="stmt"/>
      <line num="689" count="2" type="stmt"/>
      <line num="690" count="0" type="stmt"/>
      <line num="691" count="0" type="stmt"/>
      <line num="692" count="0" type="stmt"/>
      <line num="701" count="2" type="stmt"/>
      <line num="702" count="0" type="stmt"/>
      <line num="703" count="0" type="stmt"/>
      <line num="704" count="0" type="stmt"/>
      <line num="705" count="0" type="stmt"/>
      <line num="706" count="0" type="stmt"/>
      <line num="718" count="2" type="stmt"/>
      <line num="719" count="2" type="stmt"/>
      <line num="720" count="2" type="stmt"/>
      <line num="721" count="2" type="stmt"/>
      <line num="722" count="14" type="stmt"/>
      <line num="723" count="14" type="stmt"/>
      <line num="725" count="14" type="stmt"/>
      <line num="726" count="2" type="stmt"/>
      <line num="733" count="2" type="stmt"/>
      <line num="734" count="0" type="cond" truecount="0" falsecount="2"/>
      <line num="735" count="0" type="stmt"/>
      <line num="736" count="0" type="stmt"/>
      <line num="744" count="2" type="stmt"/>
      <line num="745" count="0" type="stmt"/>
      <line num="746" count="0" type="stmt"/>
      <line num="754" count="2" type="stmt"/>
      <line num="755" count="0" type="cond" truecount="0" falsecount="4"/>
      <line num="756" count="0" type="stmt"/>
      <line num="757" count="0" type="stmt"/>
      <line num="758" count="0" type="stmt"/>
      <line num="766" count="2" type="stmt"/>
      <line num="767" count="1" type="stmt"/>
      <line num="768" count="5" type="cond" truecount="2" falsecount="0"/>
      <line num="769" count="1" type="stmt"/>
      <line num="770" count="1" type="cond" truecount="1" falsecount="1"/>
      <line num="771" count="0" type="stmt"/>
      <line num="773" count="1" type="stmt"/>
      <line num="775" count="1" type="stmt"/>
      <line num="778" count="1" type="stmt"/>
      <line num="787" count="2" type="stmt"/>
      <line num="788" count="0" type="cond" truecount="0" falsecount="2"/>
      <line num="789" count="0" type="stmt"/>
      <line num="799" count="2" type="stmt"/>
      <line num="800" count="0" type="stmt"/>
      <line num="801" count="0" type="stmt"/>
      <line num="810" count="2" type="stmt"/>
      <line num="811" count="0" type="cond" truecount="0" falsecount="2"/>
      <line num="812" count="0" type="stmt"/>
      <line num="813" count="0" type="stmt"/>
      <line num="824" count="2" type="stmt"/>
      <line num="825" count="0" type="stmt"/>
      <line num="834" count="2" type="stmt"/>
      <line num="835" count="4" type="stmt"/>
      <line num="844" count="2" type="stmt"/>
      <line num="845" count="0" type="stmt"/>
      <line num="846" count="0" type="stmt"/>
      <line num="847" count="0" type="stmt"/>
      <line num="848" count="0" type="stmt"/>
      <line num="849" count="0" type="stmt"/>
      <line num="850" count="0" type="stmt"/>
      <line num="851" count="0" type="stmt"/>
      <line num="852" count="0" type="stmt"/>
      <line num="853" count="0" type="stmt"/>
      <line num="854" count="0" type="stmt"/>
      <line num="857" count="0" type="stmt"/>
      <line num="859" count="0" type="stmt"/>
      <line num="872" count="2" type="stmt"/>
      <line num="873" count="15" type="stmt"/>
      <line num="874" count="15" type="cond" truecount="2" falsecount="0"/>
      <line num="875" count="5" type="stmt"/>
      <line num="876" count="12" type="stmt"/>
      <line num="878" count="15" type="stmt"/>
      <line num="879" count="15" type="cond" truecount="2" falsecount="0"/>
      <line num="880" count="15" type="cond" truecount="2" falsecount="0"/>
      <line num="881" count="15" type="stmt"/>
      <line num="889" count="12" type="stmt"/>
      <line num="890" count="12" type="cond" truecount="1" falsecount="1"/>
      <line num="891" count="12" type="stmt"/>
      <line num="892" count="12" type="cond" truecount="1" falsecount="1"/>
      <line num="893" count="0" type="stmt"/>
      <line num="894" count="0" type="cond" truecount="0" falsecount="2"/>
      <line num="895" count="0" type="stmt"/>
      <line num="896" count="0" type="stmt"/>
      <line num="897" count="0" type="cond" truecount="0" falsecount="2"/>
      <line num="900" count="0" type="stmt"/>
      <line num="901" count="0" type="cond" truecount="0" falsecount="2"/>
      <line num="902" count="0" type="stmt"/>
      <line num="903" count="0" type="stmt"/>
      <line num="904" count="0" type="stmt"/>
      <line num="907" count="12" type="stmt"/>
      <line num="919" count="2" type="stmt"/>
      <line num="920" count="32" type="stmt"/>
      <line num="924" count="32" type="cond" truecount="2" falsecount="0"/>
      <line num="925" count="27" type="stmt"/>
      <line num="926" count="32" type="stmt"/>
      <line num="938" count="2" type="stmt"/>
      <line num="939" count="0" type="cond" truecount="0" falsecount="2"/>
      <line num="940" count="0" type="cond" truecount="0" falsecount="2"/>
      <line num="941" count="0" type="stmt"/>
      <line num="958" count="0" type="cond" truecount="0" falsecount="2"/>
      <line num="959" count="0" type="cond" truecount="0" falsecount="2"/>
      <line num="960" count="0" type="cond" truecount="0" falsecount="2"/>
      <line num="961" count="0" type="cond" truecount="0" falsecount="2"/>
      <line num="962" count="0" type="stmt"/>
      <line num="966" count="0" type="cond" truecount="0" falsecount="2"/>
      <line num="967" count="0" type="stmt"/>
      <line num="968" count="0" type="stmt"/>
      <line num="971" count="0" type="stmt"/>
      <line num="985" count="0" type="stmt"/>
      <line num="986" count="0" type="stmt"/>
      <line num="987" count="0" type="cond" truecount="0" falsecount="2"/>
      <line num="988" count="0" type="stmt"/>
      <line num="989" count="0" type="stmt"/>
      <line num="990" count="0" type="stmt"/>
      <line num="991" count="0" type="stmt"/>
      <line num="992" count="0" type="stmt"/>
      <line num="993" count="0" type="stmt"/>
      <line num="994" count="0" type="stmt"/>
      <line num="995" count="0" type="stmt"/>
      <line num="996" count="0" type="stmt"/>
      <line num="997" count="0" type="stmt"/>
      <line num="998" count="0" type="stmt"/>
      <line num="999" count="0" type="stmt"/>
      <line num="1000" count="0" type="stmt"/>
      <line num="1001" count="0" type="stmt"/>
      <line num="1002" count="0" type="stmt"/>
      <line num="1004" count="0" type="stmt"/>
      <line num="1005" count="0" type="stmt"/>
      <line num="1006" count="0" type="stmt"/>
      <line num="1007" count="0" type="stmt"/>
      <line num="1008" count="0" type="stmt"/>
      <line num="1010" count="0" type="stmt"/>
      <line num="1011" count="0" type="stmt"/>
      <line num="1016" count="0" type="cond" truecount="0" falsecount="2"/>
      <line num="1017" count="0" type="stmt"/>
      <line num="1018" count="0" type="stmt"/>
      <line num="1020" count="0" type="stmt"/>
      <line num="1021" count="0" type="stmt"/>
      <line num="1023" count="0" type="stmt"/>
      <line num="1026" count="0" type="stmt"/>
      <line num="1027" count="0" type="stmt"/>
      <line num="1028" count="0" type="cond" truecount="0" falsecount="2"/>
      <line num="1031" count="0" type="stmt"/>
      <line num="1033" count="0" type="stmt"/>
      <line num="1035" count="0" type="stmt"/>
      <line num="1038" count="0" type="stmt"/>
      <line num="1040" count="0" type="stmt"/>
      <line num="1041" count="0" type="stmt"/>
      <line num="1043" count="0" type="stmt"/>
      <line num="1044" count="0" type="stmt"/>
      <line num="1045" count="0" type="stmt"/>
      <line num="1047" count="0" type="stmt"/>
      <line num="1048" count="0" type="stmt"/>
      <line num="1049" count="0" type="stmt"/>
      <line num="1050" count="0" type="stmt"/>
      <line num="1051" count="0" type="stmt"/>
      <line num="1052" count="0" type="stmt"/>
      <line num="1054" count="0" type="stmt"/>
      <line num="1055" count="0" type="stmt"/>
      <line num="1056" count="0" type="stmt"/>
      <line num="1059" count="0" type="stmt"/>
      <line num="1060" count="0" type="stmt"/>
      <line num="1061" count="0" type="stmt"/>
      <line num="1063" count="0" type="stmt"/>
      <line num="1064" count="0" type="stmt"/>
      <line num="1065" count="0" type="stmt"/>
      <line num="1067" count="0" type="stmt"/>
      <line num="1068" count="0" type="stmt"/>
      <line num="1070" count="0" type="stmt"/>
      <line num="1071" count="0" type="stmt"/>
      <line num="1072" count="0" type="stmt"/>
      <line num="1076" count="0" type="stmt"/>
      <line num="1077" count="0" type="stmt"/>
      <line num="1078" count="0" type="stmt"/>
      <line num="1079" count="0" type="stmt"/>
      <line num="1080" count="0" type="stmt"/>
      <line num="1081" count="0" type="stmt"/>
      <line num="1082" count="0" type="stmt"/>
      <line num="1083" count="0" type="stmt"/>
      <line num="1084" count="0" type="stmt"/>
      <line num="1086" count="0" type="stmt"/>
      <line num="1087" count="0" type="stmt"/>
      <line num="1091" count="0" type="stmt"/>
      <line num="1092" count="0" type="cond" truecount="0" falsecount="2"/>
      <line num="1093" count="0" type="stmt"/>
      <line num="1094" count="0" type="cond" truecount="0" falsecount="2"/>
      <line num="1095" count="0" type="stmt"/>
      <line num="1096" count="0" type="cond" truecount="0" falsecount="2"/>
      <line num="1097" count="0" type="stmt"/>
      <line num="1098" count="0" type="stmt"/>
      <line num="1099" count="0" type="stmt"/>
      <line num="1103" count="0" type="stmt"/>
      <line num="1104" count="0" type="cond" truecount="0" falsecount="2"/>
      <line num="1105" count="0" type="stmt"/>
      <line num="1106" count="0" type="stmt"/>
      <line num="1107" count="0" type="cond" truecount="0" falsecount="2"/>
      <line num="1108" count="0" type="cond" truecount="0" falsecount="2"/>
      <line num="1109" count="0" type="stmt"/>
      <line num="1110" count="0" type="cond" truecount="0" falsecount="2"/>
      <line num="1111" count="0" type="stmt"/>
      <line num="1112" count="0" type="stmt"/>
      <line num="1113" count="0" type="stmt"/>
      <line num="1118" count="0" type="stmt"/>
      <line num="1122" count="0" type="stmt"/>
      <line num="1123" count="0" type="stmt"/>
      <line num="1124" count="0" type="stmt"/>
      <line num="1127" count="0" type="stmt"/>
      <line num="1128" count="0" type="stmt"/>
      <line num="1129" count="0" type="stmt"/>
      <line num="1130" count="0" type="stmt"/>
      <line num="1131" count="0" type="stmt"/>
      <line num="1133" count="0" type="stmt"/>
      <line num="1134" count="0" type="stmt"/>
      <line num="1135" count="0" type="cond" truecount="0" falsecount="2"/>
      <line num="1136" count="0" type="stmt"/>
      <line num="1137" count="0" type="stmt"/>
      <line num="1138" count="0" type="stmt"/>
      <line num="1139" count="0" type="stmt"/>
      <line num="1140" count="0" type="stmt"/>
      <line num="1142" count="0" type="stmt"/>
      <line num="1143" count="0" type="stmt"/>
      <line num="1144" count="0" type="stmt"/>
      <line num="1145" count="0" type="cond" truecount="0" falsecount="2"/>
      <line num="1146" count="0" type="stmt"/>
      <line num="1147" count="0" type="stmt"/>
      <line num="1148" count="0" type="stmt"/>
      <line num="1149" count="0" type="cond" truecount="0" falsecount="2"/>
      <line num="1151" count="0" type="stmt"/>
      <line num="1152" count="0" type="stmt"/>
      <line num="1153" count="0" type="cond" truecount="0" falsecount="2"/>
      <line num="1154" count="0" type="stmt"/>
      <line num="1155" count="0" type="stmt"/>
      <line num="1159" count="0" type="stmt"/>
      <line num="1160" count="0" type="stmt"/>
      <line num="1161" count="0" type="stmt"/>
      <line num="1162" count="0" type="stmt"/>
      <line num="1163" count="0" type="stmt"/>
      <line num="1164" count="0" type="stmt"/>
      <line num="1165" count="0" type="cond" truecount="0" falsecount="2"/>
      <line num="1166" count="0" type="stmt"/>
      <line num="1168" count="0" type="stmt"/>
      <line num="1170" count="0" type="stmt"/>
      <line num="1174" count="0" type="cond" truecount="0" falsecount="2"/>
      <line num="1175" count="0" type="stmt"/>
      <line num="1176" count="0" type="stmt"/>
      <line num="1177" count="0" type="stmt"/>
      <line num="1178" count="0" type="stmt"/>
      <line num="1179" count="0" type="stmt"/>
      <line num="1180" count="0" type="cond" truecount="0" falsecount="4"/>
      <line num="1181" count="0" type="stmt"/>
      <line num="1182" count="0" type="stmt"/>
      <line num="1184" count="0" type="stmt"/>
      <line num="1185" count="0" type="stmt"/>
      <line num="1186" count="0" type="stmt"/>
      <line num="1187" count="0" type="stmt"/>
      <line num="1188" count="0" type="stmt"/>
      <line num="1189" count="0" type="stmt"/>
      <line num="1191" count="0" type="stmt"/>
      <line num="1203" count="8" type="stmt"/>
      <line num="1204" count="8" type="stmt"/>
      <line num="1205" count="8" type="stmt"/>
      <line num="1206" count="8" type="stmt"/>
      <line num="1207" count="8" type="stmt"/>
      <line num="1208" count="316" type="stmt"/>
      <line num="1210" count="316" type="cond" truecount="5" falsecount="0"/>
      <line num="1212" count="30" type="stmt"/>
      <line num="1213" count="30" type="stmt"/>
      <line num="1214" count="30" type="stmt"/>
      <line num="1215" count="30" type="stmt"/>
      <line num="1217" count="36" type="stmt"/>
      <line num="1218" count="36" type="stmt"/>
      <line num="1219" count="36" type="stmt"/>
      <line num="1221" count="30" type="stmt"/>
      <line num="1222" count="30" type="stmt"/>
      <line num="1224" count="50" type="stmt"/>
      <line num="1226" count="170" type="stmt"/>
      <line num="1227" count="170" type="cond" truecount="5" falsecount="0"/>
      <line num="1228" count="96" type="stmt"/>
      <line num="1229" count="74" type="cond" truecount="2" falsecount="0"/>
      <line num="1230" count="50" type="stmt"/>
      <line num="1234" count="8" type="stmt"/>
      <line num="1237" count="2" type="stmt"/>
      <line num="1238" count="2" type="stmt"/>
      <line num="1239" count="2" type="stmt"/>
      <line num="1240" count="2" type="stmt"/>
      <line num="1241" count="2" type="stmt"/>
      <line num="1243" count="2" type="stmt"/>
    </file>
  </project>
</coverage>
