{"/home/aaboyles/Projects/patristic/dist/patristic.js": {"path":"/home/aaboyles/Projects/patristic/dist/patristic.js","statementMap":{"0":{"start":{"line":1,"column":0},"end":{"line":1130,"column":4}},"1":{"start":{"line":2,"column":2},"end":{"line":4,"column":60}},"2":{"start":{"line":14,"column":18},"end":{"line":14,"column":25}},"3":{"start":{"line":28,"column":4},"end":{"line":34,"column":13}},"4":{"start":{"line":42,"column":2},"end":{"line":55,"column":4}},"5":{"start":{"line":44,"column":4},"end":{"line":52,"column":5}},"6":{"start":{"line":45,"column":6},"end":{"line":45,"column":15}},"7":{"start":{"line":46,"column":6},"end":{"line":46,"column":22}},"8":{"start":{"line":48,"column":6},"end":{"line":48,"column":26}},"9":{"start":{"line":48,"column":16},"end":{"line":48,"column":26}},"10":{"start":{"line":49,"column":6},"end":{"line":51,"column":10}},"11":{"start":{"line":53,"column":4},"end":{"line":53,"column":26}},"12":{"start":{"line":54,"column":4},"end":{"line":54,"column":13}},"13":{"start":{"line":64,"column":2},"end":{"line":77,"column":4}},"14":{"start":{"line":65,"column":4},"end":{"line":65,"column":32}},"15":{"start":{"line":65,"column":18},"end":{"line":65,"column":32}},"16":{"start":{"line":67,"column":4},"end":{"line":72,"column":5}},"17":{"start":{"line":68,"column":6},"end":{"line":68,"column":15}},"18":{"start":{"line":70,"column":6},"end":{"line":70,"column":26}},"19":{"start":{"line":70,"column":16},"end":{"line":70,"column":26}},"20":{"start":{"line":71,"column":6},"end":{"line":71,"column":42}},"21":{"start":{"line":73,"column":4},"end":{"line":73,"column":46}},"22":{"start":{"line":73,"column":28},"end":{"line":73,"column":44}},"23":{"start":{"line":74,"column":4},"end":{"line":74,"column":41}},"24":{"start":{"line":75,"column":4},"end":{"line":75,"column":20}},"25":{"start":{"line":76,"column":4},"end":{"line":76,"column":16}},"26":{"start":{"line":84,"column":2},"end":{"line":86,"column":4}},"27":{"start":{"line":85,"column":4},"end":{"line":85,"column":46}},"28":{"start":{"line":94,"column":2},"end":{"line":96,"column":4}},"29":{"start":{"line":95,"column":4},"end":{"line":95,"column":38}},"30":{"start":{"line":106,"column":2},"end":{"line":108,"column":4}},"31":{"start":{"line":107,"column":4},"end":{"line":107,"column":38}},"32":{"start":{"line":114,"column":2},"end":{"line":116,"column":4}},"33":{"start":{"line":115,"column":4},"end":{"line":115,"column":29}},"34":{"start":{"line":115,"column":26},"end":{"line":115,"column":27}},"35":{"start":{"line":123,"column":2},"end":{"line":125,"column":4}},"36":{"start":{"line":124,"column":4},"end":{"line":124,"column":37}},"37":{"start":{"line":136,"column":2},"end":{"line":147,"column":4}},"38":{"start":{"line":137,"column":19},"end":{"line":137,"column":20}},"39":{"start":{"line":138,"column":4},"end":{"line":138,"column":83}},"40":{"start":{"line":138,"column":39},"end":{"line":138,"column":83}},"41":{"start":{"line":139,"column":4},"end":{"line":139,"column":103}},"42":{"start":{"line":139,"column":42},"end":{"line":139,"column":103}},"43":{"start":{"line":140,"column":18},"end":{"line":140,"column":28}},"44":{"start":{"line":141,"column":4},"end":{"line":145,"column":5}},"45":{"start":{"line":142,"column":6},"end":{"line":142,"column":33}},"46":{"start":{"line":142,"column":27},"end":{"line":142,"column":33}},"47":{"start":{"line":143,"column":6},"end":{"line":143,"column":33}},"48":{"start":{"line":144,"column":6},"end":{"line":144,"column":31}},"49":{"start":{"line":146,"column":4},"end":{"line":146,"column":20}},"50":{"start":{"line":156,"column":2},"end":{"line":159,"column":4}},"51":{"start":{"line":157,"column":15},"end":{"line":157,"column":35}},"52":{"start":{"line":158,"column":4},"end":{"line":158,"column":53}},"53":{"start":{"line":167,"column":2},"end":{"line":178,"column":4}},"54":{"start":{"line":168,"column":17},"end":{"line":168,"column":21}},"55":{"start":{"line":168,"column":30},"end":{"line":168,"column":38}},"56":{"start":{"line":169,"column":4},"end":{"line":176,"column":5}},"57":{"start":{"line":170,"column":6},"end":{"line":170,"column":31}},"58":{"start":{"line":171,"column":6},"end":{"line":171,"column":16}},"59":{"start":{"line":172,"column":6},"end":{"line":175,"column":7}},"60":{"start":{"line":173,"column":8},"end":{"line":173,"column":25}},"61":{"start":{"line":174,"column":8},"end":{"line":174,"column":52}},"62":{"start":{"line":174,"column":34},"end":{"line":174,"column":50}},"63":{"start":{"line":177,"column":4},"end":{"line":177,"column":16}},"64":{"start":{"line":187,"column":2},"end":{"line":191,"column":4}},"65":{"start":{"line":188,"column":4},"end":{"line":188,"column":55}},"66":{"start":{"line":188,"column":28},"end":{"line":188,"column":53}},"67":{"start":{"line":189,"column":4},"end":{"line":189,"column":19}},"68":{"start":{"line":190,"column":4},"end":{"line":190,"column":16}},"69":{"start":{"line":200,"column":2},"end":{"line":204,"column":4}},"70":{"start":{"line":201,"column":4},"end":{"line":201,"column":19}},"71":{"start":{"line":202,"column":4},"end":{"line":202,"column":56}},"72":{"start":{"line":202,"column":28},"end":{"line":202,"column":54}},"73":{"start":{"line":203,"column":4},"end":{"line":203,"column":16}},"74":{"start":{"line":212,"column":2},"end":{"line":215,"column":4}},"75":{"start":{"line":213,"column":4},"end":{"line":213,"column":36}},"76":{"start":{"line":214,"column":4},"end":{"line":214,"column":16}},"77":{"start":{"line":221,"column":2},"end":{"line":232,"column":4}},"78":{"start":{"line":222,"column":4},"end":{"line":224,"column":5}},"79":{"start":{"line":223,"column":6},"end":{"line":223,"column":77}},"80":{"start":{"line":225,"column":4},"end":{"line":229,"column":7}},"81":{"start":{"line":226,"column":6},"end":{"line":226,"column":34}},"82":{"start":{"line":227,"column":6},"end":{"line":227,"column":33}},"83":{"start":{"line":228,"column":6},"end":{"line":228,"column":58}},"84":{"start":{"line":228,"column":25},"end":{"line":228,"column":58}},"85":{"start":{"line":230,"column":4},"end":{"line":230,"column":71}},"86":{"start":{"line":231,"column":4},"end":{"line":231,"column":23}},"87":{"start":{"line":238,"column":2},"end":{"line":252,"column":4}},"88":{"start":{"line":239,"column":19},"end":{"line":239,"column":20}},"89":{"start":{"line":239,"column":29},"end":{"line":239,"column":43}},"90":{"start":{"line":240,"column":4},"end":{"line":240,"column":19}},"91":{"start":{"line":241,"column":4},"end":{"line":250,"column":9}},"92":{"start":{"line":243,"column":8},"end":{"line":243,"column":30}},"93":{"start":{"line":243,"column":23},"end":{"line":243,"column":30}},"94":{"start":{"line":244,"column":8},"end":{"line":244,"column":37}},"95":{"start":{"line":245,"column":8},"end":{"line":245,"column":50}},"96":{"start":{"line":245,"column":31},"end":{"line":245,"column":50}},"97":{"start":{"line":248,"column":8},"end":{"line":248,"column":38}},"98":{"start":{"line":249,"column":8},"end":{"line":249,"column":72}},"99":{"start":{"line":249,"column":56},"end":{"line":249,"column":67}},"100":{"start":{"line":251,"column":4},"end":{"line":251,"column":16}},"101":{"start":{"line":264,"column":2},"end":{"line":273,"column":4}},"102":{"start":{"line":265,"column":4},"end":{"line":271,"column":7}},"103":{"start":{"line":266,"column":6},"end":{"line":266,"column":44}},"104":{"start":{"line":266,"column":24},"end":{"line":266,"column":44}},"105":{"start":{"line":267,"column":6},"end":{"line":267,"column":52}},"106":{"start":{"line":267,"column":32},"end":{"line":267,"column":52}},"107":{"start":{"line":268,"column":6},"end":{"line":270,"column":7}},"108":{"start":{"line":269,"column":8},"end":{"line":269,"column":30}},"109":{"start":{"line":272,"column":4},"end":{"line":272,"column":16}},"110":{"start":{"line":281,"column":2},"end":{"line":289,"column":4}},"111":{"start":{"line":282,"column":20},"end":{"line":282,"column":22}},"112":{"start":{"line":283,"column":18},"end":{"line":283,"column":22}},"113":{"start":{"line":284,"column":4},"end":{"line":287,"column":5}},"114":{"start":{"line":285,"column":6},"end":{"line":285,"column":37}},"115":{"start":{"line":286,"column":6},"end":{"line":286,"column":31}},"116":{"start":{"line":288,"column":4},"end":{"line":288,"column":21}},"117":{"start":{"line":298,"column":2},"end":{"line":301,"column":4}},"118":{"start":{"line":299,"column":4},"end":{"line":299,"column":76}},"119":{"start":{"line":299,"column":36},"end":{"line":299,"column":76}},"120":{"start":{"line":300,"column":4},"end":{"line":300,"column":53}},"121":{"start":{"line":300,"column":35},"end":{"line":300,"column":51}},"122":{"start":{"line":310,"column":2},"end":{"line":319,"column":4}},"123":{"start":{"line":311,"column":4},"end":{"line":311,"column":35}},"124":{"start":{"line":311,"column":23},"end":{"line":311,"column":35}},"125":{"start":{"line":312,"column":19},"end":{"line":312,"column":32}},"126":{"start":{"line":312,"column":38},"end":{"line":312,"column":53}},"127":{"start":{"line":313,"column":4},"end":{"line":318,"column":5}},"128":{"start":{"line":314,"column":6},"end":{"line":317,"column":7}},"129":{"start":{"line":314,"column":18},"end":{"line":314,"column":19}},"130":{"start":{"line":315,"column":25},"end":{"line":315,"column":54}},"131":{"start":{"line":316,"column":8},"end":{"line":316,"column":41}},"132":{"start":{"line":316,"column":23},"end":{"line":316,"column":41}},"133":{"start":{"line":327,"column":2},"end":{"line":335,"column":4}},"134":{"start":{"line":328,"column":22},"end":{"line":328,"column":47}},"135":{"start":{"line":329,"column":4},"end":{"line":333,"column":5}},"136":{"start":{"line":330,"column":6},"end":{"line":332,"column":9}},"137":{"start":{"line":331,"column":8},"end":{"line":331,"column":69}},"138":{"start":{"line":331,"column":48},"end":{"line":331,"column":67}},"139":{"start":{"line":334,"column":4},"end":{"line":334,"column":23}},"140":{"start":{"line":342,"column":2},"end":{"line":344,"column":4}},"141":{"start":{"line":343,"column":4},"end":{"line":343,"column":28}},"142":{"start":{"line":351,"column":2},"end":{"line":362,"column":4}},"143":{"start":{"line":352,"column":4},"end":{"line":360,"column":5}},"144":{"start":{"line":353,"column":6},"end":{"line":353,"column":20}},"145":{"start":{"line":355,"column":24},"end":{"line":355,"column":26}},"146":{"start":{"line":356,"column":6},"end":{"line":358,"column":9}},"147":{"start":{"line":357,"column":8},"end":{"line":357,"column":60}},"148":{"start":{"line":357,"column":39},"end":{"line":357,"column":58}},"149":{"start":{"line":359,"column":6},"end":{"line":359,"column":25}},"150":{"start":{"line":361,"column":4},"end":{"line":361,"column":72}},"151":{"start":{"line":371,"column":2},"end":{"line":378,"column":4}},"152":{"start":{"line":372,"column":15},"end":{"line":372,"column":19}},"153":{"start":{"line":373,"column":4},"end":{"line":376,"column":5}},"154":{"start":{"line":374,"column":6},"end":{"line":374,"column":99}},"155":{"start":{"line":374,"column":24},"end":{"line":374,"column":99}},"156":{"start":{"line":375,"column":6},"end":{"line":375,"column":25}},"157":{"start":{"line":377,"column":4},"end":{"line":377,"column":16}},"158":{"start":{"line":385,"column":2},"end":{"line":389,"column":4}},"159":{"start":{"line":386,"column":17},"end":{"line":386,"column":21}},"160":{"start":{"line":387,"column":4},"end":{"line":387,"column":51}},"161":{"start":{"line":387,"column":28},"end":{"line":387,"column":51}},"162":{"start":{"line":388,"column":4},"end":{"line":388,"column":18}},"163":{"start":{"line":396,"column":2},"end":{"line":403,"column":4}},"164":{"start":{"line":397,"column":4},"end":{"line":401,"column":5}},"165":{"start":{"line":398,"column":6},"end":{"line":398,"column":43}},"166":{"start":{"line":399,"column":11},"end":{"line":401,"column":5}},"167":{"start":{"line":400,"column":6},"end":{"line":400,"column":53}},"168":{"start":{"line":400,"column":37},"end":{"line":400,"column":51}},"169":{"start":{"line":402,"column":4},"end":{"line":402,"column":86}},"170":{"start":{"line":413,"column":2},"end":{"line":421,"column":4}},"171":{"start":{"line":414,"column":22},"end":{"line":414,"column":43}},"172":{"start":{"line":415,"column":4},"end":{"line":419,"column":5}},"173":{"start":{"line":416,"column":6},"end":{"line":416,"column":53}},"174":{"start":{"line":416,"column":35},"end":{"line":416,"column":51}},"175":{"start":{"line":417,"column":11},"end":{"line":419,"column":5}},"176":{"start":{"line":418,"column":6},"end":{"line":418,"column":56}},"177":{"start":{"line":418,"column":35},"end":{"line":418,"column":54}},"178":{"start":{"line":420,"column":4},"end":{"line":420,"column":78}},"179":{"start":{"line":428,"column":2},"end":{"line":436,"column":4}},"180":{"start":{"line":429,"column":17},"end":{"line":429,"column":33}},"181":{"start":{"line":430,"column":4},"end":{"line":434,"column":5}},"182":{"start":{"line":431,"column":6},"end":{"line":431,"column":35}},"183":{"start":{"line":432,"column":11},"end":{"line":434,"column":5}},"184":{"start":{"line":433,"column":6},"end":{"line":433,"column":45}},"185":{"start":{"line":433,"column":30},"end":{"line":433,"column":43}},"186":{"start":{"line":435,"column":4},"end":{"line":435,"column":66}},"187":{"start":{"line":443,"column":2},"end":{"line":452,"column":4}},"188":{"start":{"line":444,"column":20},"end":{"line":444,"column":31}},"189":{"start":{"line":445,"column":4},"end":{"line":450,"column":5}},"190":{"start":{"line":446,"column":6},"end":{"line":446,"column":37}},"191":{"start":{"line":447,"column":6},"end":{"line":447,"column":36}},"192":{"start":{"line":448,"column":6},"end":{"line":448,"column":30}},"193":{"start":{"line":449,"column":6},"end":{"line":449,"column":69}},"194":{"start":{"line":451,"column":4},"end":{"line":451,"column":16}},"195":{"start":{"line":462,"column":2},"end":{"line":466,"column":4}},"196":{"start":{"line":463,"column":4},"end":{"line":463,"column":63}},"197":{"start":{"line":463,"column":33},"end":{"line":463,"column":63}},"198":{"start":{"line":464,"column":4},"end":{"line":464,"column":68}},"199":{"start":{"line":464,"column":35},"end":{"line":464,"column":68}},"200":{"start":{"line":465,"column":4},"end":{"line":465,"column":66}},"201":{"start":{"line":473,"column":2},"end":{"line":482,"column":4}},"202":{"start":{"line":474,"column":4},"end":{"line":476,"column":5}},"203":{"start":{"line":475,"column":6},"end":{"line":475,"column":60}},"204":{"start":{"line":475,"column":47},"end":{"line":475,"column":60}},"205":{"start":{"line":477,"column":4},"end":{"line":480,"column":5}},"206":{"start":{"line":478,"column":6},"end":{"line":478,"column":66}},"207":{"start":{"line":478,"column":33},"end":{"line":478,"column":50}},"208":{"start":{"line":478,"column":53},"end":{"line":478,"column":66}},"209":{"start":{"line":479,"column":6},"end":{"line":479,"column":56}},"210":{"start":{"line":479,"column":38},"end":{"line":479,"column":54}},"211":{"start":{"line":481,"column":4},"end":{"line":481,"column":16}},"212":{"start":{"line":490,"column":2},"end":{"line":494,"column":4}},"213":{"start":{"line":491,"column":4},"end":{"line":491,"column":47}},"214":{"start":{"line":491,"column":34},"end":{"line":491,"column":47}},"215":{"start":{"line":492,"column":4},"end":{"line":492,"column":76}},"216":{"start":{"line":492,"column":64},"end":{"line":492,"column":76}},"217":{"start":{"line":493,"column":4},"end":{"line":493,"column":48}},"218":{"start":{"line":501,"column":2},"end":{"line":503,"column":4}},"219":{"start":{"line":502,"column":4},"end":{"line":502,"column":38}},"220":{"start":{"line":515,"column":2},"end":{"line":520,"column":4}},"221":{"start":{"line":516,"column":16},"end":{"line":516,"column":50}},"222":{"start":{"line":517,"column":4},"end":{"line":517,"column":42}},"223":{"start":{"line":518,"column":4},"end":{"line":518,"column":25}},"224":{"start":{"line":519,"column":4},"end":{"line":519,"column":16}},"225":{"start":{"line":527,"column":2},"end":{"line":529,"column":4}},"226":{"start":{"line":528,"column":4},"end":{"line":528,"column":32}},"227":{"start":{"line":537,"column":2},"end":{"line":539,"column":4}},"228":{"start":{"line":538,"column":4},"end":{"line":538,"column":28}},"229":{"start":{"line":548,"column":2},"end":{"line":550,"column":4}},"230":{"start":{"line":549,"column":4},"end":{"line":549,"column":28}},"231":{"start":{"line":559,"column":2},"end":{"line":569,"column":4}},"232":{"start":{"line":560,"column":16},"end":{"line":560,"column":18}},"233":{"start":{"line":561,"column":4},"end":{"line":567,"column":7}},"234":{"start":{"line":562,"column":6},"end":{"line":562,"column":28}},"235":{"start":{"line":562,"column":21},"end":{"line":562,"column":28}},"236":{"start":{"line":563,"column":6},"end":{"line":566,"column":9}},"237":{"start":{"line":568,"column":4},"end":{"line":568,"column":17}},"238":{"start":{"line":580,"column":2},"end":{"line":590,"column":4}},"239":{"start":{"line":581,"column":4},"end":{"line":581,"column":46}},"240":{"start":{"line":581,"column":35},"end":{"line":581,"column":46}},"241":{"start":{"line":582,"column":4},"end":{"line":582,"column":46}},"242":{"start":{"line":582,"column":35},"end":{"line":582,"column":46}},"243":{"start":{"line":583,"column":14},"end":{"line":583,"column":22}},"244":{"start":{"line":583,"column":30},"end":{"line":583,"column":39}},"245":{"start":{"line":584,"column":4},"end":{"line":587,"column":7}},"246":{"start":{"line":585,"column":6},"end":{"line":585,"column":38}},"247":{"start":{"line":585,"column":24},"end":{"line":585,"column":38}},"248":{"start":{"line":586,"column":6},"end":{"line":586,"column":38}},"249":{"start":{"line":586,"column":24},"end":{"line":586,"column":38}},"250":{"start":{"line":588,"column":16},"end":{"line":588,"column":47}},"251":{"start":{"line":589,"column":4},"end":{"line":589,"column":70}},"252":{"start":{"line":589,"column":26},"end":{"line":589,"column":68}},"253":{"start":{"line":599,"column":2},"end":{"line":614,"column":4}},"254":{"start":{"line":600,"column":18},"end":{"line":600,"column":22}},"255":{"start":{"line":601,"column":19},"end":{"line":601,"column":25}},"256":{"start":{"line":602,"column":15},"end":{"line":602,"column":35}},"257":{"start":{"line":603,"column":4},"end":{"line":606,"column":5}},"258":{"start":{"line":604,"column":6},"end":{"line":604,"column":31}},"259":{"start":{"line":605,"column":6},"end":{"line":605,"column":27}},"260":{"start":{"line":607,"column":12},"end":{"line":607,"column":27}},"261":{"start":{"line":608,"column":4},"end":{"line":608,"column":21}},"262":{"start":{"line":609,"column":4},"end":{"line":612,"column":5}},"263":{"start":{"line":610,"column":6},"end":{"line":610,"column":37}},"264":{"start":{"line":611,"column":6},"end":{"line":611,"column":31}},"265":{"start":{"line":613,"column":4},"end":{"line":613,"column":20}},"266":{"start":{"line":622,"column":2},"end":{"line":626,"column":4}},"267":{"start":{"line":623,"column":15},"end":{"line":623,"column":29}},"268":{"start":{"line":624,"column":4},"end":{"line":624,"column":19}},"269":{"start":{"line":625,"column":4},"end":{"line":625,"column":16}},"270":{"start":{"line":637,"column":2},"end":{"line":649,"column":4}},"271":{"start":{"line":638,"column":4},"end":{"line":638,"column":34}},"272":{"start":{"line":638,"column":22},"end":{"line":638,"column":34}},"273":{"start":{"line":639,"column":4},"end":{"line":639,"column":65}},"274":{"start":{"line":639,"column":46},"end":{"line":639,"column":65}},"275":{"start":{"line":640,"column":18},"end":{"line":640,"column":52}},"276":{"start":{"line":641,"column":18},"end":{"line":641,"column":25}},"277":{"start":{"line":642,"column":19},"end":{"line":642,"column":21}},"278":{"start":{"line":643,"column":4},"end":{"line":646,"column":5}},"279":{"start":{"line":644,"column":6},"end":{"line":644,"column":29}},"280":{"start":{"line":645,"column":6},"end":{"line":645,"column":31}},"281":{"start":{"line":647,"column":4},"end":{"line":647,"column":48}},"282":{"start":{"line":647,"column":36},"end":{"line":647,"column":46}},"283":{"start":{"line":648,"column":3},"end":{"line":648,"column":18}},"284":{"start":{"line":658,"column":2},"end":{"line":666,"column":4}},"285":{"start":{"line":659,"column":4},"end":{"line":659,"column":35}},"286":{"start":{"line":659,"column":23},"end":{"line":659,"column":35}},"287":{"start":{"line":660,"column":4},"end":{"line":664,"column":5}},"288":{"start":{"line":661,"column":6},"end":{"line":661,"column":33}},"289":{"start":{"line":661,"column":21},"end":{"line":661,"column":31}},"290":{"start":{"line":663,"column":6},"end":{"line":663,"column":30}},"291":{"start":{"line":665,"column":4},"end":{"line":665,"column":16}},"292":{"start":{"line":673,"column":2},"end":{"line":676,"column":4}},"293":{"start":{"line":674,"column":4},"end":{"line":674,"column":25}},"294":{"start":{"line":675,"column":4},"end":{"line":675,"column":16}},"295":{"start":{"line":683,"column":2},"end":{"line":687,"column":4}},"296":{"start":{"line":684,"column":4},"end":{"line":684,"column":108}},"297":{"start":{"line":684,"column":53},"end":{"line":684,"column":108}},"298":{"start":{"line":685,"column":4},"end":{"line":685,"column":25}},"299":{"start":{"line":686,"column":4},"end":{"line":686,"column":16}},"300":{"start":{"line":695,"column":2},"end":{"line":698,"column":4}},"301":{"start":{"line":696,"column":4},"end":{"line":696,"column":61}},"302":{"start":{"line":696,"column":20},"end":{"line":696,"column":61}},"303":{"start":{"line":696,"column":43},"end":{"line":696,"column":60}},"304":{"start":{"line":697,"column":4},"end":{"line":697,"column":61}},"305":{"start":{"line":697,"column":32},"end":{"line":697,"column":59}},"306":{"start":{"line":707,"column":2},"end":{"line":710,"column":4}},"307":{"start":{"line":708,"column":15},"end":{"line":708,"column":35}},"308":{"start":{"line":709,"column":4},"end":{"line":709,"column":53}},"309":{"start":{"line":718,"column":2},"end":{"line":721,"column":4}},"310":{"start":{"line":719,"column":4},"end":{"line":719,"column":36}},"311":{"start":{"line":719,"column":15},"end":{"line":719,"column":36}},"312":{"start":{"line":719,"column":28},"end":{"line":719,"column":35}},"313":{"start":{"line":720,"column":4},"end":{"line":720,"column":97}},"314":{"start":{"line":720,"column":31},"end":{"line":720,"column":95}},"315":{"start":{"line":720,"column":80},"end":{"line":720,"column":91}},"316":{"start":{"line":730,"column":2},"end":{"line":732,"column":4}},"317":{"start":{"line":731,"column":4},"end":{"line":731,"column":32}},"318":{"start":{"line":740,"column":2},"end":{"line":742,"column":4}},"319":{"start":{"line":741,"column":4},"end":{"line":741,"column":27}},"320":{"start":{"line":750,"column":2},"end":{"line":767,"column":4}},"321":{"start":{"line":751,"column":16},"end":{"line":751,"column":32}},"322":{"start":{"line":752,"column":12},"end":{"line":752,"column":24}},"323":{"start":{"line":753,"column":17},"end":{"line":753,"column":29}},"324":{"start":{"line":754,"column":4},"end":{"line":762,"column":5}},"325":{"start":{"line":754,"column":16},"end":{"line":754,"column":17}},"326":{"start":{"line":755,"column":6},"end":{"line":755,"column":31}},"327":{"start":{"line":756,"column":6},"end":{"line":756,"column":23}},"328":{"start":{"line":757,"column":6},"end":{"line":761,"column":7}},"329":{"start":{"line":757,"column":18},"end":{"line":757,"column":19}},"330":{"start":{"line":758,"column":23},"end":{"line":758,"column":52}},"331":{"start":{"line":759,"column":8},"end":{"line":759,"column":32}},"332":{"start":{"line":760,"column":8},"end":{"line":760,"column":32}},"333":{"start":{"line":763,"column":4},"end":{"line":766,"column":6}},"334":{"start":{"line":765,"column":28},"end":{"line":765,"column":32}},"335":{"start":{"line":778,"column":2},"end":{"line":787,"column":4}},"336":{"start":{"line":779,"column":14},"end":{"line":779,"column":16}},"337":{"start":{"line":780,"column":4},"end":{"line":782,"column":5}},"338":{"start":{"line":781,"column":6},"end":{"line":781,"column":84}},"339":{"start":{"line":781,"column":46},"end":{"line":781,"column":66}},"340":{"start":{"line":783,"column":4},"end":{"line":783,"column":19}},"341":{"start":{"line":784,"column":4},"end":{"line":784,"column":61}},"342":{"start":{"line":784,"column":20},"end":{"line":784,"column":61}},"343":{"start":{"line":785,"column":4},"end":{"line":785,"column":32}},"344":{"start":{"line":785,"column":21},"end":{"line":785,"column":32}},"345":{"start":{"line":786,"column":4},"end":{"line":786,"column":15}},"346":{"start":{"line":794,"column":17},"end":{"line":794,"column":28}},"347":{"start":{"line":795,"column":4},"end":{"line":811,"column":5}},"348":{"start":{"line":796,"column":14},"end":{"line":796,"column":53}},"349":{"start":{"line":797,"column":6},"end":{"line":803,"column":7}},"350":{"start":{"line":798,"column":23},"end":{"line":798,"column":30}},"351":{"start":{"line":799,"column":8},"end":{"line":799,"column":32}},"352":{"start":{"line":799,"column":22},"end":{"line":799,"column":32}},"353":{"start":{"line":800,"column":8},"end":{"line":800,"column":35}},"354":{"start":{"line":801,"column":8},"end":{"line":801,"column":79}},"355":{"start":{"line":802,"column":8},"end":{"line":802,"column":43}},"356":{"start":{"line":802,"column":21},"end":{"line":802,"column":43}},"357":{"start":{"line":805,"column":14},"end":{"line":805,"column":52}},"358":{"start":{"line":806,"column":6},"end":{"line":810,"column":7}},"359":{"start":{"line":807,"column":8},"end":{"line":807,"column":16}},"360":{"start":{"line":808,"column":8},"end":{"line":808,"column":31}},"361":{"start":{"line":809,"column":8},"end":{"line":809,"column":63}},"362":{"start":{"line":812,"column":4},"end":{"line":812,"column":18}},"363":{"start":{"line":824,"column":2},"end":{"line":831,"column":4}},"364":{"start":{"line":825,"column":17},"end":{"line":828,"column":5}},"365":{"start":{"line":829,"column":4},"end":{"line":829,"column":88}},"366":{"start":{"line":829,"column":33},"end":{"line":829,"column":88}},"367":{"start":{"line":829,"column":74},"end":{"line":829,"column":86}},"368":{"start":{"line":830,"column":4},"end":{"line":830,"column":18}},"369":{"start":{"line":847,"column":4},"end":{"line":847,"column":32}},"370":{"start":{"line":847,"column":17},"end":{"line":847,"column":32}},"371":{"start":{"line":848,"column":4},"end":{"line":848,"column":44}},"372":{"start":{"line":848,"column":21},"end":{"line":848,"column":44}},"373":{"start":{"line":849,"column":4},"end":{"line":849,"column":50}},"374":{"start":{"line":849,"column":23},"end":{"line":849,"column":50}},"375":{"start":{"line":850,"column":4},"end":{"line":850,"column":57}},"376":{"start":{"line":850,"column":33},"end":{"line":850,"column":57}},"377":{"start":{"line":851,"column":15},"end":{"line":854,"column":6}},"378":{"start":{"line":855,"column":4},"end":{"line":859,"column":5}},"379":{"start":{"line":856,"column":6},"end":{"line":858,"column":9}},"380":{"start":{"line":857,"column":8},"end":{"line":857,"column":40}},"381":{"start":{"line":860,"column":4},"end":{"line":860,"column":31}},"382":{"start":{"line":874,"column":15},"end":{"line":874,"column":17}},"383":{"start":{"line":875,"column":12},"end":{"line":875,"column":34}},"384":{"start":{"line":876,"column":4},"end":{"line":876,"column":46}},"385":{"start":{"line":876,"column":16},"end":{"line":876,"column":46}},"386":{"start":{"line":877,"column":4},"end":{"line":877,"column":21}},"387":{"start":{"line":878,"column":4},"end":{"line":878,"column":20}},"388":{"start":{"line":879,"column":4},"end":{"line":879,"column":25}},"389":{"start":{"line":880,"column":4},"end":{"line":880,"column":27}},"390":{"start":{"line":881,"column":4},"end":{"line":881,"column":41}},"391":{"start":{"line":882,"column":4},"end":{"line":882,"column":34}},"392":{"start":{"line":883,"column":4},"end":{"line":883,"column":31}},"393":{"start":{"line":884,"column":4},"end":{"line":884,"column":40}},"394":{"start":{"line":885,"column":4},"end":{"line":885,"column":23}},"395":{"start":{"line":886,"column":4},"end":{"line":886,"column":31}},"396":{"start":{"line":887,"column":4},"end":{"line":887,"column":31}},"397":{"start":{"line":888,"column":4},"end":{"line":892,"column":5}},"398":{"start":{"line":888,"column":17},"end":{"line":888,"column":18}},"399":{"start":{"line":889,"column":22},"end":{"line":889,"column":57}},"400":{"start":{"line":890,"column":6},"end":{"line":890,"column":28}},"401":{"start":{"line":891,"column":6},"end":{"line":891,"column":40}},"402":{"start":{"line":893,"column":4},"end":{"line":893,"column":36}},"403":{"start":{"line":894,"column":4},"end":{"line":894,"column":33}},"404":{"start":{"line":895,"column":4},"end":{"line":898,"column":5}},"405":{"start":{"line":895,"column":17},"end":{"line":895,"column":18}},"406":{"start":{"line":896,"column":6},"end":{"line":896,"column":35}},"407":{"start":{"line":897,"column":6},"end":{"line":897,"column":30}},"408":{"start":{"line":899,"column":4},"end":{"line":899,"column":23}},"409":{"start":{"line":900,"column":4},"end":{"line":900,"column":22}},"410":{"start":{"line":908,"column":6},"end":{"line":914,"column":7}},"411":{"start":{"line":909,"column":8},"end":{"line":909,"column":75}},"412":{"start":{"line":910,"column":8},"end":{"line":910,"column":44}},"413":{"start":{"line":912,"column":8},"end":{"line":912,"column":44}},"414":{"start":{"line":913,"column":8},"end":{"line":913,"column":33}},"415":{"start":{"line":915,"column":6},"end":{"line":915,"column":18}},"416":{"start":{"line":918,"column":4},"end":{"line":918,"column":35}},"417":{"start":{"line":919,"column":4},"end":{"line":921,"column":5}},"418":{"start":{"line":919,"column":17},"end":{"line":919,"column":18}},"419":{"start":{"line":920,"column":6},"end":{"line":920,"column":77}},"420":{"start":{"line":920,"column":44},"end":{"line":920,"column":77}},"421":{"start":{"line":923,"column":4},"end":{"line":947,"column":5}},"422":{"start":{"line":925,"column":6},"end":{"line":925,"column":38}},"423":{"start":{"line":927,"column":6},"end":{"line":927,"column":100}},"424":{"start":{"line":928,"column":6},"end":{"line":928,"column":35}},"425":{"start":{"line":930,"column":6},"end":{"line":930,"column":39}},"426":{"start":{"line":931,"column":6},"end":{"line":931,"column":39}},"427":{"start":{"line":933,"column":6},"end":{"line":933,"column":32}},"428":{"start":{"line":934,"column":6},"end":{"line":934,"column":32}},"429":{"start":{"line":935,"column":6},"end":{"line":935,"column":53}},"430":{"start":{"line":937,"column":6},"end":{"line":937,"column":50}},"431":{"start":{"line":938,"column":19},"end":{"line":938,"column":60}},"432":{"start":{"line":939,"column":6},"end":{"line":939,"column":28}},"433":{"start":{"line":940,"column":6},"end":{"line":940,"column":40}},"434":{"start":{"line":941,"column":6},"end":{"line":941,"column":39}},"435":{"start":{"line":942,"column":6},"end":{"line":942,"column":16}},"436":{"start":{"line":944,"column":6},"end":{"line":944,"column":47}},"437":{"start":{"line":945,"column":6},"end":{"line":945,"column":39}},"438":{"start":{"line":946,"column":6},"end":{"line":946,"column":53}},"439":{"start":{"line":949,"column":15},"end":{"line":949,"column":40}},"440":{"start":{"line":950,"column":4},"end":{"line":950,"column":29}},"441":{"start":{"line":951,"column":4},"end":{"line":951,"column":29}},"442":{"start":{"line":953,"column":4},"end":{"line":953,"column":37}},"443":{"start":{"line":954,"column":4},"end":{"line":954,"column":37}},"444":{"start":{"line":955,"column":4},"end":{"line":955,"column":37}},"445":{"start":{"line":957,"column":4},"end":{"line":957,"column":30}},"446":{"start":{"line":958,"column":4},"end":{"line":958,"column":30}},"447":{"start":{"line":960,"column":15},"end":{"line":960,"column":53}},"448":{"start":{"line":961,"column":4},"end":{"line":961,"column":25}},"449":{"start":{"line":962,"column":4},"end":{"line":962,"column":31}},"450":{"start":{"line":966,"column":15},"end":{"line":966,"column":23}},"451":{"start":{"line":967,"column":12},"end":{"line":967,"column":15}},"452":{"start":{"line":968,"column":13},"end":{"line":968,"column":17}},"453":{"start":{"line":969,"column":13},"end":{"line":969,"column":19}},"454":{"start":{"line":970,"column":12},"end":{"line":970,"column":15}},"455":{"start":{"line":971,"column":12},"end":{"line":971,"column":15}},"456":{"start":{"line":972,"column":18},"end":{"line":972,"column":27}},"457":{"start":{"line":973,"column":25},"end":{"line":973,"column":41}},"458":{"start":{"line":974,"column":15},"end":{"line":974,"column":26}},"459":{"start":{"line":975,"column":18},"end":{"line":975,"column":20}},"460":{"start":{"line":975,"column":29},"end":{"line":975,"column":31}},"461":{"start":{"line":978,"column":4},"end":{"line":988,"column":5}},"462":{"start":{"line":978,"column":17},"end":{"line":978,"column":18}},"463":{"start":{"line":979,"column":6},"end":{"line":979,"column":42}},"464":{"start":{"line":979,"column":33},"end":{"line":979,"column":42}},"465":{"start":{"line":980,"column":6},"end":{"line":980,"column":19}},"466":{"start":{"line":981,"column":6},"end":{"line":981,"column":43}},"467":{"start":{"line":981,"column":34},"end":{"line":981,"column":43}},"468":{"start":{"line":982,"column":6},"end":{"line":982,"column":51}},"469":{"start":{"line":983,"column":6},"end":{"line":987,"column":7}},"470":{"start":{"line":984,"column":8},"end":{"line":984,"column":17}},"471":{"start":{"line":985,"column":8},"end":{"line":985,"column":17}},"472":{"start":{"line":986,"column":8},"end":{"line":986,"column":18}},"473":{"start":{"line":990,"column":4},"end":{"line":1003,"column":5}},"474":{"start":{"line":990,"column":17},"end":{"line":990,"column":18}},"475":{"start":{"line":991,"column":6},"end":{"line":991,"column":42}},"476":{"start":{"line":991,"column":33},"end":{"line":991,"column":42}},"477":{"start":{"line":992,"column":6},"end":{"line":1002,"column":7}},"478":{"start":{"line":992,"column":19},"end":{"line":992,"column":20}},"479":{"start":{"line":993,"column":8},"end":{"line":993,"column":21}},"480":{"start":{"line":994,"column":8},"end":{"line":994,"column":45}},"481":{"start":{"line":994,"column":36},"end":{"line":994,"column":45}},"482":{"start":{"line":995,"column":8},"end":{"line":995,"column":59}},"483":{"start":{"line":995,"column":53},"end":{"line":995,"column":59}},"484":{"start":{"line":996,"column":8},"end":{"line":996,"column":53}},"485":{"start":{"line":997,"column":8},"end":{"line":1001,"column":9}},"486":{"start":{"line":998,"column":10},"end":{"line":998,"column":19}},"487":{"start":{"line":999,"column":10},"end":{"line":999,"column":19}},"488":{"start":{"line":1000,"column":10},"end":{"line":1000,"column":20}},"489":{"start":{"line":1005,"column":4},"end":{"line":1005,"column":24}},"490":{"start":{"line":1009,"column":12},"end":{"line":1009,"column":15}},"491":{"start":{"line":1010,"column":12},"end":{"line":1010,"column":20}},"492":{"start":{"line":1011,"column":14},"end":{"line":1011,"column":15}},"493":{"start":{"line":1012,"column":25},"end":{"line":1012,"column":41}},"494":{"start":{"line":1013,"column":18},"end":{"line":1013,"column":27}},"495":{"start":{"line":1014,"column":17},"end":{"line":1014,"column":25}},"496":{"start":{"line":1015,"column":20},"end":{"line":1015,"column":31}},"497":{"start":{"line":1016,"column":17},"end":{"line":1016,"column":18}},"498":{"start":{"line":1018,"column":4},"end":{"line":1018,"column":37}},"499":{"start":{"line":1019,"column":4},"end":{"line":1026,"column":5}},"500":{"start":{"line":1019,"column":17},"end":{"line":1019,"column":18}},"501":{"start":{"line":1020,"column":6},"end":{"line":1020,"column":42}},"502":{"start":{"line":1020,"column":33},"end":{"line":1020,"column":42}},"503":{"start":{"line":1021,"column":6},"end":{"line":1021,"column":52}},"504":{"start":{"line":1022,"column":6},"end":{"line":1022,"column":43}},"505":{"start":{"line":1023,"column":6},"end":{"line":1023,"column":37}},"506":{"start":{"line":1024,"column":6},"end":{"line":1024,"column":23}},"507":{"start":{"line":1025,"column":6},"end":{"line":1025,"column":41}},"508":{"start":{"line":1027,"column":4},"end":{"line":1035,"column":5}},"509":{"start":{"line":1027,"column":17},"end":{"line":1027,"column":18}},"510":{"start":{"line":1028,"column":6},"end":{"line":1028,"column":30}},"511":{"start":{"line":1029,"column":6},"end":{"line":1029,"column":30}},"512":{"start":{"line":1030,"column":6},"end":{"line":1030,"column":42}},"513":{"start":{"line":1030,"column":33},"end":{"line":1030,"column":42}},"514":{"start":{"line":1031,"column":6},"end":{"line":1031,"column":37}},"515":{"start":{"line":1032,"column":6},"end":{"line":1032,"column":37}},"516":{"start":{"line":1033,"column":6},"end":{"line":1033,"column":33}},"517":{"start":{"line":1034,"column":6},"end":{"line":1034,"column":51}},"518":{"start":{"line":1034,"column":31},"end":{"line":1034,"column":51}},"519":{"start":{"line":1036,"column":4},"end":{"line":1036,"column":30}},"520":{"start":{"line":1037,"column":4},"end":{"line":1037,"column":32}},"521":{"start":{"line":1038,"column":4},"end":{"line":1038,"column":35}},"522":{"start":{"line":1038,"column":22},"end":{"line":1038,"column":35}},"523":{"start":{"line":1039,"column":4},"end":{"line":1039,"column":25}},"524":{"start":{"line":1040,"column":4},"end":{"line":1040,"column":39}},"525":{"start":{"line":1044,"column":12},"end":{"line":1044,"column":20}},"526":{"start":{"line":1045,"column":15},"end":{"line":1045,"column":27}},"527":{"start":{"line":1046,"column":4},"end":{"line":1054,"column":5}},"528":{"start":{"line":1046,"column":17},"end":{"line":1046,"column":18}},"529":{"start":{"line":1047,"column":16},"end":{"line":1047,"column":17}},"530":{"start":{"line":1048,"column":6},"end":{"line":1052,"column":7}},"531":{"start":{"line":1048,"column":19},"end":{"line":1048,"column":20}},"532":{"start":{"line":1049,"column":16},"end":{"line":1049,"column":35}},"533":{"start":{"line":1050,"column":8},"end":{"line":1050,"column":43}},"534":{"start":{"line":1050,"column":34},"end":{"line":1050,"column":43}},"535":{"start":{"line":1051,"column":8},"end":{"line":1051,"column":23}},"536":{"start":{"line":1053,"column":6},"end":{"line":1053,"column":20}},"537":{"start":{"line":1055,"column":4},"end":{"line":1055,"column":16}},"538":{"start":{"line":1059,"column":4},"end":{"line":1059,"column":46}},"539":{"start":{"line":1059,"column":36},"end":{"line":1059,"column":46}},"540":{"start":{"line":1060,"column":12},"end":{"line":1060,"column":25}},"541":{"start":{"line":1061,"column":20},"end":{"line":1061,"column":32}},"542":{"start":{"line":1062,"column":20},"end":{"line":1062,"column":32}},"543":{"start":{"line":1063,"column":13},"end":{"line":1063,"column":14}},"544":{"start":{"line":1064,"column":4},"end":{"line":1068,"column":5}},"545":{"start":{"line":1064,"column":17},"end":{"line":1064,"column":18}},"546":{"start":{"line":1065,"column":6},"end":{"line":1065,"column":51}},"547":{"start":{"line":1065,"column":42},"end":{"line":1065,"column":51}},"548":{"start":{"line":1066,"column":6},"end":{"line":1066,"column":24}},"549":{"start":{"line":1067,"column":6},"end":{"line":1067,"column":34}},"550":{"start":{"line":1069,"column":4},"end":{"line":1069,"column":26}},"551":{"start":{"line":1070,"column":4},"end":{"line":1070,"column":26}},"552":{"start":{"line":1071,"column":4},"end":{"line":1071,"column":52}},"553":{"start":{"line":1071,"column":29},"end":{"line":1071,"column":50}},"554":{"start":{"line":1072,"column":4},"end":{"line":1072,"column":38}},"555":{"start":{"line":1073,"column":4},"end":{"line":1075,"column":5}},"556":{"start":{"line":1073,"column":17},"end":{"line":1073,"column":18}},"557":{"start":{"line":1074,"column":6},"end":{"line":1074,"column":42}},"558":{"start":{"line":1076,"column":4},"end":{"line":1076,"column":21}},"559":{"start":{"line":1088,"column":20},"end":{"line":1088,"column":22}},"560":{"start":{"line":1089,"column":15},"end":{"line":1089,"column":27}},"561":{"start":{"line":1090,"column":17},"end":{"line":1090,"column":52}},"562":{"start":{"line":1091,"column":12},"end":{"line":1091,"column":25}},"563":{"start":{"line":1092,"column":4},"end":{"line":1118,"column":5}},"564":{"start":{"line":1092,"column":16},"end":{"line":1092,"column":17}},"565":{"start":{"line":1093,"column":18},"end":{"line":1093,"column":27}},"566":{"start":{"line":1095,"column":6},"end":{"line":1117,"column":7}},"567":{"start":{"line":1097,"column":10},"end":{"line":1097,"column":30}},"568":{"start":{"line":1098,"column":10},"end":{"line":1098,"column":31}},"569":{"start":{"line":1099,"column":10},"end":{"line":1099,"column":19}},"570":{"start":{"line":1100,"column":10},"end":{"line":1100,"column":16}},"571":{"start":{"line":1102,"column":10},"end":{"line":1102,"column":55}},"572":{"start":{"line":1103,"column":10},"end":{"line":1103,"column":19}},"573":{"start":{"line":1104,"column":10},"end":{"line":1104,"column":16}},"574":{"start":{"line":1106,"column":10},"end":{"line":1106,"column":33}},"575":{"start":{"line":1107,"column":10},"end":{"line":1107,"column":16}},"576":{"start":{"line":1109,"column":10},"end":{"line":1109,"column":16}},"577":{"start":{"line":1111,"column":18},"end":{"line":1111,"column":29}},"578":{"start":{"line":1112,"column":10},"end":{"line":1116,"column":11}},"579":{"start":{"line":1113,"column":12},"end":{"line":1113,"column":28}},"580":{"start":{"line":1114,"column":17},"end":{"line":1116,"column":11}},"581":{"start":{"line":1115,"column":12},"end":{"line":1115,"column":44}},"582":{"start":{"line":1119,"column":4},"end":{"line":1119,"column":31}},"583":{"start":{"line":1122,"column":2},"end":{"line":1122,"column":28}},"584":{"start":{"line":1123,"column":2},"end":{"line":1123,"column":26}},"585":{"start":{"line":1124,"column":2},"end":{"line":1124,"column":32}},"586":{"start":{"line":1125,"column":2},"end":{"line":1125,"column":36}},"587":{"start":{"line":1126,"column":2},"end":{"line":1126,"column":36}},"588":{"start":{"line":1128,"column":2},"end":{"line":1128,"column":64}}},"fnMap":{"0":{"name":"(anonymous_0)","decl":{"start":{"line":1,"column":1},"end":{"line":1,"column":2}},"loc":{"start":{"line":1,"column":28},"end":{"line":5,"column":1}},"line":1},"1":{"name":"(anonymous_1)","decl":{"start":{"line":5,"column":8},"end":{"line":5,"column":9}},"loc":{"start":{"line":5,"column":27},"end":{"line":1130,"column":1}},"line":5},"2":{"name":"Branch","decl":{"start":{"line":27,"column":11},"end":{"line":27,"column":17}},"loc":{"start":{"line":27,"column":23},"end":{"line":35,"column":3}},"line":27},"3":{"name":"(anonymous_3)","decl":{"start":{"line":42,"column":30},"end":{"line":42,"column":31}},"loc":{"start":{"line":42,"column":44},"end":{"line":55,"column":3}},"line":42},"4":{"name":"(anonymous_4)","decl":{"start":{"line":64,"column":31},"end":{"line":64,"column":32}},"loc":{"start":{"line":64,"column":55},"end":{"line":77,"column":3}},"line":64},"5":{"name":"(anonymous_5)","decl":{"start":{"line":73,"column":21},"end":{"line":73,"column":22}},"loc":{"start":{"line":73,"column":28},"end":{"line":73,"column":44}},"line":73},"6":{"name":"(anonymous_6)","decl":{"start":{"line":84,"column":31},"end":{"line":84,"column":32}},"loc":{"start":{"line":84,"column":41},"end":{"line":86,"column":3}},"line":84},"7":{"name":"(anonymous_7)","decl":{"start":{"line":94,"column":27},"end":{"line":94,"column":28}},"loc":{"start":{"line":94,"column":37},"end":{"line":96,"column":3}},"line":94},"8":{"name":"(anonymous_8)","decl":{"start":{"line":106,"column":26},"end":{"line":106,"column":27}},"loc":{"start":{"line":106,"column":36},"end":{"line":108,"column":3}},"line":106},"9":{"name":"(anonymous_9)","decl":{"start":{"line":114,"column":27},"end":{"line":114,"column":28}},"loc":{"start":{"line":114,"column":37},"end":{"line":116,"column":3}},"line":114},"10":{"name":"(anonymous_10)","decl":{"start":{"line":115,"column":20},"end":{"line":115,"column":21}},"loc":{"start":{"line":115,"column":26},"end":{"line":115,"column":27}},"line":115},"11":{"name":"(anonymous_11)","decl":{"start":{"line":123,"column":33},"end":{"line":123,"column":34}},"loc":{"start":{"line":123,"column":43},"end":{"line":125,"column":3}},"line":123},"12":{"name":"(anonymous_12)","decl":{"start":{"line":136,"column":29},"end":{"line":136,"column":30}},"loc":{"start":{"line":136,"column":49},"end":{"line":147,"column":3}},"line":136},"13":{"name":"(anonymous_13)","decl":{"start":{"line":156,"column":32},"end":{"line":156,"column":33}},"loc":{"start":{"line":156,"column":48},"end":{"line":159,"column":3}},"line":156},"14":{"name":"(anonymous_14)","decl":{"start":{"line":167,"column":26},"end":{"line":167,"column":27}},"loc":{"start":{"line":167,"column":44},"end":{"line":178,"column":3}},"line":167},"15":{"name":"(anonymous_15)","decl":{"start":{"line":174,"column":25},"end":{"line":174,"column":26}},"loc":{"start":{"line":174,"column":34},"end":{"line":174,"column":50}},"line":174},"16":{"name":"(anonymous_16)","decl":{"start":{"line":187,"column":31},"end":{"line":187,"column":32}},"loc":{"start":{"line":187,"column":49},"end":{"line":191,"column":3}},"line":187},"17":{"name":"(anonymous_17)","decl":{"start":{"line":188,"column":19},"end":{"line":188,"column":20}},"loc":{"start":{"line":188,"column":28},"end":{"line":188,"column":53}},"line":188},"18":{"name":"(anonymous_18)","decl":{"start":{"line":200,"column":32},"end":{"line":200,"column":33}},"loc":{"start":{"line":200,"column":50},"end":{"line":204,"column":3}},"line":200},"19":{"name":"(anonymous_19)","decl":{"start":{"line":202,"column":19},"end":{"line":202,"column":20}},"loc":{"start":{"line":202,"column":28},"end":{"line":202,"column":54}},"line":202},"20":{"name":"(anonymous_20)","decl":{"start":{"line":212,"column":31},"end":{"line":212,"column":32}},"loc":{"start":{"line":212,"column":49},"end":{"line":215,"column":3}},"line":212},"21":{"name":"(anonymous_21)","decl":{"start":{"line":221,"column":28},"end":{"line":221,"column":29}},"loc":{"start":{"line":221,"column":38},"end":{"line":232,"column":3}},"line":221},"22":{"name":"(anonymous_22)","decl":{"start":{"line":225,"column":26},"end":{"line":225,"column":27}},"loc":{"start":{"line":225,"column":35},"end":{"line":229,"column":5}},"line":225},"23":{"name":"(anonymous_23)","decl":{"start":{"line":238,"column":34},"end":{"line":238,"column":35}},"loc":{"start":{"line":238,"column":44},"end":{"line":252,"column":3}},"line":238},"24":{"name":"(anonymous_24)","decl":{"start":{"line":242,"column":18},"end":{"line":242,"column":19}},"loc":{"start":{"line":242,"column":23},"end":{"line":246,"column":7}},"line":242},"25":{"name":"(anonymous_25)","decl":{"start":{"line":247,"column":17},"end":{"line":247,"column":18}},"loc":{"start":{"line":247,"column":22},"end":{"line":250,"column":7}},"line":247},"26":{"name":"(anonymous_26)","decl":{"start":{"line":249,"column":46},"end":{"line":249,"column":47}},"loc":{"start":{"line":249,"column":56},"end":{"line":249,"column":67}},"line":249},"27":{"name":"(anonymous_27)","decl":{"start":{"line":264,"column":35},"end":{"line":264,"column":36}},"loc":{"start":{"line":264,"column":57},"end":{"line":273,"column":3}},"line":264},"28":{"name":"(anonymous_28)","decl":{"start":{"line":265,"column":26},"end":{"line":265,"column":27}},"loc":{"start":{"line":265,"column":35},"end":{"line":271,"column":5}},"line":265},"29":{"name":"(anonymous_29)","decl":{"start":{"line":281,"column":34},"end":{"line":281,"column":35}},"loc":{"start":{"line":281,"column":44},"end":{"line":289,"column":3}},"line":281},"30":{"name":"(anonymous_30)","decl":{"start":{"line":298,"column":30},"end":{"line":298,"column":31}},"loc":{"start":{"line":298,"column":47},"end":{"line":301,"column":3}},"line":298},"31":{"name":"(anonymous_31)","decl":{"start":{"line":300,"column":30},"end":{"line":300,"column":31}},"loc":{"start":{"line":300,"column":35},"end":{"line":300,"column":51}},"line":300},"32":{"name":"(anonymous_32)","decl":{"start":{"line":310,"column":35},"end":{"line":310,"column":36}},"loc":{"start":{"line":310,"column":47},"end":{"line":319,"column":3}},"line":310},"33":{"name":"(anonymous_33)","decl":{"start":{"line":327,"column":36},"end":{"line":327,"column":37}},"loc":{"start":{"line":327,"column":57},"end":{"line":335,"column":3}},"line":327},"34":{"name":"(anonymous_34)","decl":{"start":{"line":330,"column":28},"end":{"line":330,"column":29}},"loc":{"start":{"line":330,"column":37},"end":{"line":332,"column":7}},"line":330},"35":{"name":"(anonymous_35)","decl":{"start":{"line":331,"column":43},"end":{"line":331,"column":44}},"loc":{"start":{"line":331,"column":48},"end":{"line":331,"column":67}},"line":331},"36":{"name":"(anonymous_36)","decl":{"start":{"line":342,"column":30},"end":{"line":342,"column":31}},"loc":{"start":{"line":342,"column":40},"end":{"line":344,"column":3}},"line":342},"37":{"name":"(anonymous_37)","decl":{"start":{"line":351,"column":31},"end":{"line":351,"column":32}},"loc":{"start":{"line":351,"column":41},"end":{"line":362,"column":3}},"line":351},"38":{"name":"(anonymous_38)","decl":{"start":{"line":356,"column":28},"end":{"line":356,"column":29}},"loc":{"start":{"line":356,"column":37},"end":{"line":358,"column":7}},"line":356},"39":{"name":"(anonymous_39)","decl":{"start":{"line":357,"column":34},"end":{"line":357,"column":35}},"loc":{"start":{"line":357,"column":39},"end":{"line":357,"column":58}},"line":357},"40":{"name":"(anonymous_40)","decl":{"start":{"line":371,"column":29},"end":{"line":371,"column":30}},"loc":{"start":{"line":371,"column":45},"end":{"line":378,"column":3}},"line":371},"41":{"name":"(anonymous_41)","decl":{"start":{"line":385,"column":29},"end":{"line":385,"column":30}},"loc":{"start":{"line":385,"column":39},"end":{"line":389,"column":3}},"line":385},"42":{"name":"(anonymous_42)","decl":{"start":{"line":396,"column":30},"end":{"line":396,"column":31}},"loc":{"start":{"line":396,"column":45},"end":{"line":403,"column":3}},"line":396},"43":{"name":"(anonymous_43)","decl":{"start":{"line":400,"column":32},"end":{"line":400,"column":33}},"loc":{"start":{"line":400,"column":37},"end":{"line":400,"column":51}},"line":400},"44":{"name":"(anonymous_44)","decl":{"start":{"line":413,"column":35},"end":{"line":413,"column":36}},"loc":{"start":{"line":413,"column":55},"end":{"line":421,"column":3}},"line":413},"45":{"name":"(anonymous_45)","decl":{"start":{"line":416,"column":30},"end":{"line":416,"column":31}},"loc":{"start":{"line":416,"column":35},"end":{"line":416,"column":51}},"line":416},"46":{"name":"(anonymous_46)","decl":{"start":{"line":418,"column":30},"end":{"line":418,"column":31}},"loc":{"start":{"line":418,"column":35},"end":{"line":418,"column":54}},"line":418},"47":{"name":"(anonymous_47)","decl":{"start":{"line":428,"column":29},"end":{"line":428,"column":30}},"loc":{"start":{"line":428,"column":43},"end":{"line":436,"column":3}},"line":428},"48":{"name":"(anonymous_48)","decl":{"start":{"line":433,"column":25},"end":{"line":433,"column":26}},"loc":{"start":{"line":433,"column":30},"end":{"line":433,"column":43}},"line":433},"49":{"name":"(anonymous_49)","decl":{"start":{"line":443,"column":28},"end":{"line":443,"column":29}},"loc":{"start":{"line":443,"column":38},"end":{"line":452,"column":3}},"line":443},"50":{"name":"(anonymous_50)","decl":{"start":{"line":462,"column":31},"end":{"line":462,"column":32}},"loc":{"start":{"line":462,"column":47},"end":{"line":466,"column":3}},"line":462},"51":{"name":"(anonymous_51)","decl":{"start":{"line":473,"column":34},"end":{"line":473,"column":35}},"loc":{"start":{"line":473,"column":44},"end":{"line":482,"column":3}},"line":473},"52":{"name":"(anonymous_52)","decl":{"start":{"line":478,"column":28},"end":{"line":478,"column":29}},"loc":{"start":{"line":478,"column":33},"end":{"line":478,"column":50}},"line":478},"53":{"name":"(anonymous_53)","decl":{"start":{"line":479,"column":33},"end":{"line":479,"column":34}},"loc":{"start":{"line":479,"column":38},"end":{"line":479,"column":54}},"line":479},"54":{"name":"(anonymous_54)","decl":{"start":{"line":490,"column":36},"end":{"line":490,"column":37}},"loc":{"start":{"line":490,"column":54},"end":{"line":494,"column":3}},"line":490},"55":{"name":"(anonymous_55)","decl":{"start":{"line":501,"column":28},"end":{"line":501,"column":29}},"loc":{"start":{"line":501,"column":38},"end":{"line":503,"column":3}},"line":501},"56":{"name":"(anonymous_56)","decl":{"start":{"line":515,"column":29},"end":{"line":515,"column":30}},"loc":{"start":{"line":515,"column":39},"end":{"line":520,"column":3}},"line":515},"57":{"name":"(anonymous_57)","decl":{"start":{"line":527,"column":28},"end":{"line":527,"column":29}},"loc":{"start":{"line":527,"column":38},"end":{"line":529,"column":3}},"line":527},"58":{"name":"(anonymous_58)","decl":{"start":{"line":537,"column":27},"end":{"line":537,"column":28}},"loc":{"start":{"line":537,"column":37},"end":{"line":539,"column":3}},"line":537},"59":{"name":"(anonymous_59)","decl":{"start":{"line":548,"column":28},"end":{"line":548,"column":29}},"loc":{"start":{"line":548,"column":38},"end":{"line":550,"column":3}},"line":548},"60":{"name":"(anonymous_60)","decl":{"start":{"line":559,"column":27},"end":{"line":559,"column":28}},"loc":{"start":{"line":559,"column":37},"end":{"line":569,"column":3}},"line":559},"61":{"name":"(anonymous_61)","decl":{"start":{"line":561,"column":14},"end":{"line":561,"column":15}},"loc":{"start":{"line":561,"column":19},"end":{"line":567,"column":5}},"line":561},"62":{"name":"(anonymous_62)","decl":{"start":{"line":580,"column":31},"end":{"line":580,"column":32}},"loc":{"start":{"line":580,"column":55},"end":{"line":590,"column":3}},"line":580},"63":{"name":"(anonymous_63)","decl":{"start":{"line":584,"column":14},"end":{"line":584,"column":15}},"loc":{"start":{"line":584,"column":19},"end":{"line":587,"column":5}},"line":584},"64":{"name":"(anonymous_64)","decl":{"start":{"line":589,"column":21},"end":{"line":589,"column":22}},"loc":{"start":{"line":589,"column":26},"end":{"line":589,"column":68}},"line":589},"65":{"name":"(anonymous_65)","decl":{"start":{"line":599,"column":26},"end":{"line":599,"column":27}},"loc":{"start":{"line":599,"column":42},"end":{"line":614,"column":3}},"line":599},"66":{"name":"(anonymous_66)","decl":{"start":{"line":622,"column":28},"end":{"line":622,"column":29}},"loc":{"start":{"line":622,"column":38},"end":{"line":626,"column":3}},"line":622},"67":{"name":"(anonymous_67)","decl":{"start":{"line":637,"column":28},"end":{"line":637,"column":29}},"loc":{"start":{"line":637,"column":38},"end":{"line":649,"column":3}},"line":637},"68":{"name":"(anonymous_68)","decl":{"start":{"line":647,"column":31},"end":{"line":647,"column":32}},"loc":{"start":{"line":647,"column":36},"end":{"line":647,"column":46}},"line":647},"69":{"name":"(anonymous_69)","decl":{"start":{"line":658,"column":28},"end":{"line":658,"column":29}},"loc":{"start":{"line":658,"column":47},"end":{"line":666,"column":3}},"line":658},"70":{"name":"(anonymous_70)","decl":{"start":{"line":661,"column":16},"end":{"line":661,"column":17}},"loc":{"start":{"line":661,"column":21},"end":{"line":661,"column":31}},"line":661},"71":{"name":"(anonymous_71)","decl":{"start":{"line":673,"column":31},"end":{"line":673,"column":32}},"loc":{"start":{"line":673,"column":47},"end":{"line":676,"column":3}},"line":673},"72":{"name":"(anonymous_72)","decl":{"start":{"line":683,"column":31},"end":{"line":683,"column":32}},"loc":{"start":{"line":683,"column":47},"end":{"line":687,"column":3}},"line":683},"73":{"name":"(anonymous_73)","decl":{"start":{"line":695,"column":26},"end":{"line":695,"column":27}},"loc":{"start":{"line":695,"column":46},"end":{"line":698,"column":3}},"line":695},"74":{"name":"(anonymous_74)","decl":{"start":{"line":696,"column":33},"end":{"line":696,"column":34}},"loc":{"start":{"line":696,"column":43},"end":{"line":696,"column":60}},"line":696},"75":{"name":"(anonymous_75)","decl":{"start":{"line":697,"column":27},"end":{"line":697,"column":28}},"loc":{"start":{"line":697,"column":32},"end":{"line":697,"column":59}},"line":697},"76":{"name":"(anonymous_76)","decl":{"start":{"line":707,"column":29},"end":{"line":707,"column":30}},"loc":{"start":{"line":707,"column":45},"end":{"line":710,"column":3}},"line":707},"77":{"name":"(anonymous_77)","decl":{"start":{"line":718,"column":25},"end":{"line":718,"column":26}},"loc":{"start":{"line":718,"column":40},"end":{"line":721,"column":3}},"line":718},"78":{"name":"(anonymous_78)","decl":{"start":{"line":719,"column":23},"end":{"line":719,"column":24}},"loc":{"start":{"line":719,"column":28},"end":{"line":719,"column":35}},"line":719},"79":{"name":"(anonymous_79)","decl":{"start":{"line":720,"column":26},"end":{"line":720,"column":27}},"loc":{"start":{"line":720,"column":31},"end":{"line":720,"column":95}},"line":720},"80":{"name":"(anonymous_80)","decl":{"start":{"line":720,"column":70},"end":{"line":720,"column":71}},"loc":{"start":{"line":720,"column":80},"end":{"line":720,"column":91}},"line":720},"81":{"name":"(anonymous_81)","decl":{"start":{"line":730,"column":29},"end":{"line":730,"column":30}},"loc":{"start":{"line":730,"column":45},"end":{"line":732,"column":3}},"line":730},"82":{"name":"(anonymous_82)","decl":{"start":{"line":740,"column":28},"end":{"line":740,"column":29}},"loc":{"start":{"line":740,"column":38},"end":{"line":742,"column":3}},"line":740},"83":{"name":"(anonymous_83)","decl":{"start":{"line":750,"column":30},"end":{"line":750,"column":31}},"loc":{"start":{"line":750,"column":40},"end":{"line":767,"column":3}},"line":750},"84":{"name":"(anonymous_84)","decl":{"start":{"line":765,"column":23},"end":{"line":765,"column":24}},"loc":{"start":{"line":765,"column":28},"end":{"line":765,"column":32}},"line":765},"85":{"name":"(anonymous_85)","decl":{"start":{"line":778,"column":30},"end":{"line":778,"column":31}},"loc":{"start":{"line":778,"column":51},"end":{"line":787,"column":3}},"line":778},"86":{"name":"(anonymous_86)","decl":{"start":{"line":781,"column":37},"end":{"line":781,"column":38}},"loc":{"start":{"line":781,"column":46},"end":{"line":781,"column":66}},"line":781},"87":{"name":"numberToString","decl":{"start":{"line":793,"column":11},"end":{"line":793,"column":25}},"loc":{"start":{"line":793,"column":30},"end":{"line":813,"column":3}},"line":793},"88":{"name":"(anonymous_88)","decl":{"start":{"line":824,"column":30},"end":{"line":824,"column":31}},"loc":{"start":{"line":824,"column":40},"end":{"line":831,"column":3}},"line":824},"89":{"name":"(anonymous_89)","decl":{"start":{"line":829,"column":69},"end":{"line":829,"column":70}},"loc":{"start":{"line":829,"column":74},"end":{"line":829,"column":86}},"line":829},"90":{"name":"parseJSON","decl":{"start":{"line":846,"column":11},"end":{"line":846,"column":20}},"loc":{"start":{"line":846,"column":63},"end":{"line":861,"column":3}},"line":846},"91":{"name":"(anonymous_91)","decl":{"start":{"line":856,"column":34},"end":{"line":856,"column":35}},"loc":{"start":{"line":856,"column":43},"end":{"line":858,"column":7}},"line":856},"92":{"name":"parseMatrix","decl":{"start":{"line":873,"column":11},"end":{"line":873,"column":22}},"loc":{"start":{"line":873,"column":38},"end":{"line":963,"column":3}},"line":873},"93":{"name":"setUpNode","decl":{"start":{"line":906,"column":13},"end":{"line":906,"column":22}},"loc":{"start":{"line":906,"column":44},"end":{"line":916,"column":5}},"line":906},"94":{"name":"search","decl":{"start":{"line":965,"column":11},"end":{"line":965,"column":17}},"loc":{"start":{"line":965,"column":20},"end":{"line":1006,"column":3}},"line":965},"95":{"name":"recalculateDistanceMatrix","decl":{"start":{"line":1008,"column":11},"end":{"line":1008,"column":36}},"loc":{"start":{"line":1008,"column":67},"end":{"line":1041,"column":3}},"line":1008},"96":{"name":"sumRows","decl":{"start":{"line":1043,"column":11},"end":{"line":1043,"column":18}},"loc":{"start":{"line":1043,"column":21},"end":{"line":1056,"column":3}},"line":1043},"97":{"name":"sortWithIndices","decl":{"start":{"line":1058,"column":11},"end":{"line":1058,"column":26}},"loc":{"start":{"line":1058,"column":40},"end":{"line":1077,"column":3}},"line":1058},"98":{"name":"(anonymous_98)","decl":{"start":{"line":1071,"column":19},"end":{"line":1071,"column":20}},"loc":{"start":{"line":1071,"column":29},"end":{"line":1071,"column":50}},"line":1071},"99":{"name":"parseNewick","decl":{"start":{"line":1087,"column":11},"end":{"line":1087,"column":22}},"loc":{"start":{"line":1087,"column":30},"end":{"line":1120,"column":3}},"line":1087}},"branchMap":{"0":{"loc":{"start":{"line":2,"column":2},"end":{"line":4,"column":59}},"type":"cond-expr","locations":[{"start":{"line":2,"column":65},"end":{"line":2,"column":81}},{"start":{"line":3,"column":2},"end":{"line":4,"column":59}}],"line":2},"1":{"loc":{"start":{"line":2,"column":2},"end":{"line":2,"column":62}},"type":"binary-expr","locations":[{"start":{"line":2,"column":2},"end":{"line":2,"column":29}},{"start":{"line":2,"column":33},"end":{"line":2,"column":62}}],"line":2},"2":{"loc":{"start":{"line":3,"column":2},"end":{"line":4,"column":59}},"type":"cond-expr","locations":[{"start":{"line":3,"column":47},"end":{"line":3,"column":75}},{"start":{"line":4,"column":3},"end":{"line":4,"column":58}}],"line":3},"3":{"loc":{"start":{"line":3,"column":2},"end":{"line":3,"column":44}},"type":"binary-expr","locations":[{"start":{"line":3,"column":2},"end":{"line":3,"column":30}},{"start":{"line":3,"column":34},"end":{"line":3,"column":44}}],"line":3},"4":{"loc":{"start":{"line":4,"column":12},"end":{"line":4,"column":26}},"type":"binary-expr","locations":[{"start":{"line":4,"column":12},"end":{"line":4,"column":18}},{"start":{"line":4,"column":22},"end":{"line":4,"column":26}}],"line":4},"5":{"loc":{"start":{"line":44,"column":4},"end":{"line":52,"column":5}},"type":"if","locations":[{"start":{"line":44,"column":4},"end":{"line":52,"column":5}},{"start":{"line":44,"column":4},"end":{"line":52,"column":5}}],"line":44},"6":{"loc":{"start":{"line":48,"column":6},"end":{"line":48,"column":26}},"type":"if","locations":[{"start":{"line":48,"column":6},"end":{"line":48,"column":26}},{"start":{"line":48,"column":6},"end":{"line":48,"column":26}}],"line":48},"7":{"loc":{"start":{"line":65,"column":4},"end":{"line":65,"column":32}},"type":"if","locations":[{"start":{"line":65,"column":4},"end":{"line":65,"column":32}},{"start":{"line":65,"column":4},"end":{"line":65,"column":32}}],"line":65},"8":{"loc":{"start":{"line":67,"column":4},"end":{"line":72,"column":5}},"type":"if","locations":[{"start":{"line":67,"column":4},"end":{"line":72,"column":5}},{"start":{"line":67,"column":4},"end":{"line":72,"column":5}}],"line":67},"9":{"loc":{"start":{"line":70,"column":6},"end":{"line":70,"column":26}},"type":"if","locations":[{"start":{"line":70,"column":6},"end":{"line":70,"column":26}},{"start":{"line":70,"column":6},"end":{"line":70,"column":26}}],"line":70},"10":{"loc":{"start":{"line":138,"column":4},"end":{"line":138,"column":83}},"type":"if","locations":[{"start":{"line":138,"column":4},"end":{"line":138,"column":83}},{"start":{"line":138,"column":4},"end":{"line":138,"column":83}}],"line":138},"11":{"loc":{"start":{"line":139,"column":4},"end":{"line":139,"column":103}},"type":"if","locations":[{"start":{"line":139,"column":4},"end":{"line":139,"column":103}},{"start":{"line":139,"column":4},"end":{"line":139,"column":103}}],"line":139},"12":{"loc":{"start":{"line":142,"column":6},"end":{"line":142,"column":33}},"type":"if","locations":[{"start":{"line":142,"column":6},"end":{"line":142,"column":33}},{"start":{"line":142,"column":6},"end":{"line":142,"column":33}}],"line":142},"13":{"loc":{"start":{"line":222,"column":4},"end":{"line":224,"column":5}},"type":"if","locations":[{"start":{"line":222,"column":4},"end":{"line":224,"column":5}},{"start":{"line":222,"column":4},"end":{"line":224,"column":5}}],"line":222},"14":{"loc":{"start":{"line":222,"column":7},"end":{"line":222,"column":48}},"type":"binary-expr","locations":[{"start":{"line":222,"column":7},"end":{"line":222,"column":20}},{"start":{"line":222,"column":24},"end":{"line":222,"column":48}}],"line":222},"15":{"loc":{"start":{"line":228,"column":6},"end":{"line":228,"column":58}},"type":"if","locations":[{"start":{"line":228,"column":6},"end":{"line":228,"column":58}},{"start":{"line":228,"column":6},"end":{"line":228,"column":58}}],"line":228},"16":{"loc":{"start":{"line":243,"column":8},"end":{"line":243,"column":30}},"type":"if","locations":[{"start":{"line":243,"column":8},"end":{"line":243,"column":30}},{"start":{"line":243,"column":8},"end":{"line":243,"column":30}}],"line":243},"17":{"loc":{"start":{"line":245,"column":8},"end":{"line":245,"column":50}},"type":"if","locations":[{"start":{"line":245,"column":8},"end":{"line":245,"column":50}},{"start":{"line":245,"column":8},"end":{"line":245,"column":50}}],"line":245},"18":{"loc":{"start":{"line":266,"column":6},"end":{"line":266,"column":44}},"type":"if","locations":[{"start":{"line":266,"column":6},"end":{"line":266,"column":44}},{"start":{"line":266,"column":6},"end":{"line":266,"column":44}}],"line":266},"19":{"loc":{"start":{"line":267,"column":6},"end":{"line":267,"column":52}},"type":"if","locations":[{"start":{"line":267,"column":6},"end":{"line":267,"column":52}},{"start":{"line":267,"column":6},"end":{"line":267,"column":52}}],"line":267},"20":{"loc":{"start":{"line":268,"column":6},"end":{"line":270,"column":7}},"type":"if","locations":[{"start":{"line":268,"column":6},"end":{"line":270,"column":7}},{"start":{"line":268,"column":6},"end":{"line":270,"column":7}}],"line":268},"21":{"loc":{"start":{"line":268,"column":9},"end":{"line":268,"column":51}},"type":"binary-expr","locations":[{"start":{"line":268,"column":9},"end":{"line":268,"column":22}},{"start":{"line":268,"column":26},"end":{"line":268,"column":51}}],"line":268},"22":{"loc":{"start":{"line":299,"column":4},"end":{"line":299,"column":76}},"type":"if","locations":[{"start":{"line":299,"column":4},"end":{"line":299,"column":76}},{"start":{"line":299,"column":4},"end":{"line":299,"column":76}}],"line":299},"23":{"loc":{"start":{"line":311,"column":4},"end":{"line":311,"column":35}},"type":"if","locations":[{"start":{"line":311,"column":4},"end":{"line":311,"column":35}},{"start":{"line":311,"column":4},"end":{"line":311,"column":35}}],"line":311},"24":{"loc":{"start":{"line":313,"column":4},"end":{"line":318,"column":5}},"type":"if","locations":[{"start":{"line":313,"column":4},"end":{"line":318,"column":5}},{"start":{"line":313,"column":4},"end":{"line":318,"column":5}}],"line":313},"25":{"loc":{"start":{"line":316,"column":8},"end":{"line":316,"column":41}},"type":"if","locations":[{"start":{"line":316,"column":8},"end":{"line":316,"column":41}},{"start":{"line":316,"column":8},"end":{"line":316,"column":41}}],"line":316},"26":{"loc":{"start":{"line":328,"column":22},"end":{"line":328,"column":47}},"type":"cond-expr","locations":[{"start":{"line":328,"column":36},"end":{"line":328,"column":42}},{"start":{"line":328,"column":45},"end":{"line":328,"column":47}}],"line":328},"27":{"loc":{"start":{"line":329,"column":4},"end":{"line":333,"column":5}},"type":"if","locations":[{"start":{"line":329,"column":4},"end":{"line":333,"column":5}},{"start":{"line":329,"column":4},"end":{"line":333,"column":5}}],"line":329},"28":{"loc":{"start":{"line":352,"column":4},"end":{"line":360,"column":5}},"type":"if","locations":[{"start":{"line":352,"column":4},"end":{"line":360,"column":5}},{"start":{"line":352,"column":4},"end":{"line":360,"column":5}}],"line":352},"29":{"loc":{"start":{"line":374,"column":6},"end":{"line":374,"column":99}},"type":"if","locations":[{"start":{"line":374,"column":6},"end":{"line":374,"column":99}},{"start":{"line":374,"column":6},"end":{"line":374,"column":99}}],"line":374},"30":{"loc":{"start":{"line":397,"column":4},"end":{"line":401,"column":5}},"type":"if","locations":[{"start":{"line":397,"column":4},"end":{"line":401,"column":5}},{"start":{"line":397,"column":4},"end":{"line":401,"column":5}}],"line":397},"31":{"loc":{"start":{"line":399,"column":11},"end":{"line":401,"column":5}},"type":"if","locations":[{"start":{"line":399,"column":11},"end":{"line":401,"column":5}},{"start":{"line":399,"column":11},"end":{"line":401,"column":5}}],"line":399},"32":{"loc":{"start":{"line":415,"column":4},"end":{"line":419,"column":5}},"type":"if","locations":[{"start":{"line":415,"column":4},"end":{"line":419,"column":5}},{"start":{"line":415,"column":4},"end":{"line":419,"column":5}}],"line":415},"33":{"loc":{"start":{"line":417,"column":11},"end":{"line":419,"column":5}},"type":"if","locations":[{"start":{"line":417,"column":11},"end":{"line":419,"column":5}},{"start":{"line":417,"column":11},"end":{"line":419,"column":5}}],"line":417},"34":{"loc":{"start":{"line":430,"column":4},"end":{"line":434,"column":5}},"type":"if","locations":[{"start":{"line":430,"column":4},"end":{"line":434,"column":5}},{"start":{"line":430,"column":4},"end":{"line":434,"column":5}}],"line":430},"35":{"loc":{"start":{"line":432,"column":11},"end":{"line":434,"column":5}},"type":"if","locations":[{"start":{"line":432,"column":11},"end":{"line":434,"column":5}},{"start":{"line":432,"column":11},"end":{"line":434,"column":5}}],"line":432},"36":{"loc":{"start":{"line":445,"column":4},"end":{"line":450,"column":5}},"type":"if","locations":[{"start":{"line":445,"column":4},"end":{"line":450,"column":5}},{"start":{"line":445,"column":4},"end":{"line":450,"column":5}}],"line":445},"37":{"loc":{"start":{"line":463,"column":4},"end":{"line":463,"column":63}},"type":"if","locations":[{"start":{"line":463,"column":4},"end":{"line":463,"column":63}},{"start":{"line":463,"column":4},"end":{"line":463,"column":63}}],"line":463},"38":{"loc":{"start":{"line":464,"column":4},"end":{"line":464,"column":68}},"type":"if","locations":[{"start":{"line":464,"column":4},"end":{"line":464,"column":68}},{"start":{"line":464,"column":4},"end":{"line":464,"column":68}}],"line":464},"39":{"loc":{"start":{"line":474,"column":4},"end":{"line":476,"column":5}},"type":"if","locations":[{"start":{"line":474,"column":4},"end":{"line":476,"column":5}},{"start":{"line":474,"column":4},"end":{"line":476,"column":5}}],"line":474},"40":{"loc":{"start":{"line":475,"column":6},"end":{"line":475,"column":60}},"type":"if","locations":[{"start":{"line":475,"column":6},"end":{"line":475,"column":60}},{"start":{"line":475,"column":6},"end":{"line":475,"column":60}}],"line":475},"41":{"loc":{"start":{"line":477,"column":4},"end":{"line":480,"column":5}},"type":"if","locations":[{"start":{"line":477,"column":4},"end":{"line":480,"column":5}},{"start":{"line":477,"column":4},"end":{"line":480,"column":5}}],"line":477},"42":{"loc":{"start":{"line":478,"column":6},"end":{"line":478,"column":66}},"type":"if","locations":[{"start":{"line":478,"column":6},"end":{"line":478,"column":66}},{"start":{"line":478,"column":6},"end":{"line":478,"column":66}}],"line":478},"43":{"loc":{"start":{"line":491,"column":4},"end":{"line":491,"column":47}},"type":"if","locations":[{"start":{"line":491,"column":4},"end":{"line":491,"column":47}},{"start":{"line":491,"column":4},"end":{"line":491,"column":47}}],"line":491},"44":{"loc":{"start":{"line":491,"column":7},"end":{"line":491,"column":32}},"type":"binary-expr","locations":[{"start":{"line":491,"column":7},"end":{"line":491,"column":16}},{"start":{"line":491,"column":20},"end":{"line":491,"column":32}}],"line":491},"45":{"loc":{"start":{"line":492,"column":4},"end":{"line":492,"column":76}},"type":"if","locations":[{"start":{"line":492,"column":4},"end":{"line":492,"column":76}},{"start":{"line":492,"column":4},"end":{"line":492,"column":76}}],"line":492},"46":{"loc":{"start":{"line":492,"column":7},"end":{"line":492,"column":62}},"type":"binary-expr","locations":[{"start":{"line":492,"column":7},"end":{"line":492,"column":31}},{"start":{"line":492,"column":35},"end":{"line":492,"column":62}}],"line":492},"47":{"loc":{"start":{"line":562,"column":6},"end":{"line":562,"column":28}},"type":"if","locations":[{"start":{"line":562,"column":6},"end":{"line":562,"column":28}},{"start":{"line":562,"column":6},"end":{"line":562,"column":28}}],"line":562},"48":{"loc":{"start":{"line":581,"column":4},"end":{"line":581,"column":46}},"type":"if","locations":[{"start":{"line":581,"column":4},"end":{"line":581,"column":46}},{"start":{"line":581,"column":4},"end":{"line":581,"column":46}}],"line":581},"49":{"loc":{"start":{"line":582,"column":4},"end":{"line":582,"column":46}},"type":"if","locations":[{"start":{"line":582,"column":4},"end":{"line":582,"column":46}},{"start":{"line":582,"column":4},"end":{"line":582,"column":46}}],"line":582},"50":{"loc":{"start":{"line":585,"column":6},"end":{"line":585,"column":38}},"type":"if","locations":[{"start":{"line":585,"column":6},"end":{"line":585,"column":38}},{"start":{"line":585,"column":6},"end":{"line":585,"column":38}}],"line":585},"51":{"loc":{"start":{"line":586,"column":6},"end":{"line":586,"column":38}},"type":"if","locations":[{"start":{"line":586,"column":6},"end":{"line":586,"column":38}},{"start":{"line":586,"column":6},"end":{"line":586,"column":38}}],"line":586},"52":{"loc":{"start":{"line":638,"column":4},"end":{"line":638,"column":34}},"type":"if","locations":[{"start":{"line":638,"column":4},"end":{"line":638,"column":34}},{"start":{"line":638,"column":4},"end":{"line":638,"column":34}}],"line":638},"53":{"loc":{"start":{"line":639,"column":4},"end":{"line":639,"column":65}},"type":"if","locations":[{"start":{"line":639,"column":4},"end":{"line":639,"column":65}},{"start":{"line":639,"column":4},"end":{"line":639,"column":65}}],"line":639},"54":{"loc":{"start":{"line":639,"column":7},"end":{"line":639,"column":44}},"type":"binary-expr","locations":[{"start":{"line":639,"column":7},"end":{"line":639,"column":27}},{"start":{"line":639,"column":31},"end":{"line":639,"column":44}}],"line":639},"55":{"loc":{"start":{"line":640,"column":18},"end":{"line":640,"column":52}},"type":"cond-expr","locations":[{"start":{"line":640,"column":34},"end":{"line":640,"column":45}},{"start":{"line":640,"column":48},"end":{"line":640,"column":52}}],"line":640},"56":{"loc":{"start":{"line":659,"column":4},"end":{"line":659,"column":35}},"type":"if","locations":[{"start":{"line":659,"column":4},"end":{"line":659,"column":35}},{"start":{"line":659,"column":4},"end":{"line":659,"column":35}}],"line":659},"57":{"loc":{"start":{"line":660,"column":4},"end":{"line":664,"column":5}},"type":"if","locations":[{"start":{"line":660,"column":4},"end":{"line":664,"column":5}},{"start":{"line":660,"column":4},"end":{"line":664,"column":5}}],"line":660},"58":{"loc":{"start":{"line":684,"column":4},"end":{"line":684,"column":108}},"type":"if","locations":[{"start":{"line":684,"column":4},"end":{"line":684,"column":108}},{"start":{"line":684,"column":4},"end":{"line":684,"column":108}}],"line":684},"59":{"loc":{"start":{"line":684,"column":7},"end":{"line":684,"column":51}},"type":"binary-expr","locations":[{"start":{"line":684,"column":7},"end":{"line":684,"column":32}},{"start":{"line":684,"column":36},"end":{"line":684,"column":51}}],"line":684},"60":{"loc":{"start":{"line":696,"column":4},"end":{"line":696,"column":61}},"type":"if","locations":[{"start":{"line":696,"column":4},"end":{"line":696,"column":61}},{"start":{"line":696,"column":4},"end":{"line":696,"column":61}}],"line":696},"61":{"loc":{"start":{"line":719,"column":4},"end":{"line":719,"column":36}},"type":"if","locations":[{"start":{"line":719,"column":4},"end":{"line":719,"column":36}},{"start":{"line":719,"column":4},"end":{"line":719,"column":36}}],"line":719},"62":{"loc":{"start":{"line":780,"column":4},"end":{"line":782,"column":5}},"type":"if","locations":[{"start":{"line":780,"column":4},"end":{"line":782,"column":5}},{"start":{"line":780,"column":4},"end":{"line":782,"column":5}}],"line":780},"63":{"loc":{"start":{"line":784,"column":4},"end":{"line":784,"column":61}},"type":"if","locations":[{"start":{"line":784,"column":4},"end":{"line":784,"column":61}},{"start":{"line":784,"column":4},"end":{"line":784,"column":61}}],"line":784},"64":{"loc":{"start":{"line":785,"column":4},"end":{"line":785,"column":32}},"type":"if","locations":[{"start":{"line":785,"column":4},"end":{"line":785,"column":32}},{"start":{"line":785,"column":4},"end":{"line":785,"column":32}}],"line":785},"65":{"loc":{"start":{"line":795,"column":4},"end":{"line":811,"column":5}},"type":"if","locations":[{"start":{"line":795,"column":4},"end":{"line":811,"column":5}},{"start":{"line":795,"column":4},"end":{"line":811,"column":5}}],"line":795},"66":{"loc":{"start":{"line":797,"column":6},"end":{"line":803,"column":7}},"type":"if","locations":[{"start":{"line":797,"column":6},"end":{"line":803,"column":7}},{"start":{"line":797,"column":6},"end":{"line":803,"column":7}}],"line":797},"67":{"loc":{"start":{"line":799,"column":8},"end":{"line":799,"column":32}},"type":"if","locations":[{"start":{"line":799,"column":8},"end":{"line":799,"column":32}},{"start":{"line":799,"column":8},"end":{"line":799,"column":32}}],"line":799},"68":{"loc":{"start":{"line":802,"column":8},"end":{"line":802,"column":43}},"type":"if","locations":[{"start":{"line":802,"column":8},"end":{"line":802,"column":43}},{"start":{"line":802,"column":8},"end":{"line":802,"column":43}}],"line":802},"69":{"loc":{"start":{"line":806,"column":6},"end":{"line":810,"column":7}},"type":"if","locations":[{"start":{"line":806,"column":6},"end":{"line":810,"column":7}},{"start":{"line":806,"column":6},"end":{"line":810,"column":7}}],"line":806},"70":{"loc":{"start":{"line":829,"column":4},"end":{"line":829,"column":88}},"type":"if","locations":[{"start":{"line":829,"column":4},"end":{"line":829,"column":88}},{"start":{"line":829,"column":4},"end":{"line":829,"column":88}}],"line":829},"71":{"loc":{"start":{"line":847,"column":4},"end":{"line":847,"column":32}},"type":"if","locations":[{"start":{"line":847,"column":4},"end":{"line":847,"column":32}},{"start":{"line":847,"column":4},"end":{"line":847,"column":32}}],"line":847},"72":{"loc":{"start":{"line":848,"column":4},"end":{"line":848,"column":44}},"type":"if","locations":[{"start":{"line":848,"column":4},"end":{"line":848,"column":44}},{"start":{"line":848,"column":4},"end":{"line":848,"column":44}}],"line":848},"73":{"loc":{"start":{"line":849,"column":4},"end":{"line":849,"column":50}},"type":"if","locations":[{"start":{"line":849,"column":4},"end":{"line":849,"column":50}},{"start":{"line":849,"column":4},"end":{"line":849,"column":50}}],"line":849},"74":{"loc":{"start":{"line":850,"column":4},"end":{"line":850,"column":57}},"type":"if","locations":[{"start":{"line":850,"column":4},"end":{"line":850,"column":57}},{"start":{"line":850,"column":4},"end":{"line":850,"column":57}}],"line":850},"75":{"loc":{"start":{"line":855,"column":4},"end":{"line":859,"column":5}},"type":"if","locations":[{"start":{"line":855,"column":4},"end":{"line":859,"column":5}},{"start":{"line":855,"column":4},"end":{"line":859,"column":5}}],"line":855},"76":{"loc":{"start":{"line":876,"column":4},"end":{"line":876,"column":46}},"type":"if","locations":[{"start":{"line":876,"column":4},"end":{"line":876,"column":46}},{"start":{"line":876,"column":4},"end":{"line":876,"column":46}}],"line":876},"77":{"loc":{"start":{"line":908,"column":6},"end":{"line":914,"column":7}},"type":"if","locations":[{"start":{"line":908,"column":6},"end":{"line":914,"column":7}},{"start":{"line":908,"column":6},"end":{"line":914,"column":7}}],"line":908},"78":{"loc":{"start":{"line":920,"column":6},"end":{"line":920,"column":77}},"type":"if","locations":[{"start":{"line":920,"column":6},"end":{"line":920,"column":77}},{"start":{"line":920,"column":6},"end":{"line":920,"column":77}}],"line":920},"79":{"loc":{"start":{"line":979,"column":6},"end":{"line":979,"column":42}},"type":"if","locations":[{"start":{"line":979,"column":6},"end":{"line":979,"column":42}},{"start":{"line":979,"column":6},"end":{"line":979,"column":42}}],"line":979},"80":{"loc":{"start":{"line":981,"column":6},"end":{"line":981,"column":43}},"type":"if","locations":[{"start":{"line":981,"column":6},"end":{"line":981,"column":43}},{"start":{"line":981,"column":6},"end":{"line":981,"column":43}}],"line":981},"81":{"loc":{"start":{"line":983,"column":6},"end":{"line":987,"column":7}},"type":"if","locations":[{"start":{"line":983,"column":6},"end":{"line":987,"column":7}},{"start":{"line":983,"column":6},"end":{"line":987,"column":7}}],"line":983},"82":{"loc":{"start":{"line":991,"column":6},"end":{"line":991,"column":42}},"type":"if","locations":[{"start":{"line":991,"column":6},"end":{"line":991,"column":42}},{"start":{"line":991,"column":6},"end":{"line":991,"column":42}}],"line":991},"83":{"loc":{"start":{"line":994,"column":8},"end":{"line":994,"column":45}},"type":"if","locations":[{"start":{"line":994,"column":8},"end":{"line":994,"column":45}},{"start":{"line":994,"column":8},"end":{"line":994,"column":45}}],"line":994},"84":{"loc":{"start":{"line":995,"column":8},"end":{"line":995,"column":59}},"type":"if","locations":[{"start":{"line":995,"column":8},"end":{"line":995,"column":59}},{"start":{"line":995,"column":8},"end":{"line":995,"column":59}}],"line":995},"85":{"loc":{"start":{"line":997,"column":8},"end":{"line":1001,"column":9}},"type":"if","locations":[{"start":{"line":997,"column":8},"end":{"line":1001,"column":9}},{"start":{"line":997,"column":8},"end":{"line":1001,"column":9}}],"line":997},"86":{"loc":{"start":{"line":1020,"column":6},"end":{"line":1020,"column":42}},"type":"if","locations":[{"start":{"line":1020,"column":6},"end":{"line":1020,"column":42}},{"start":{"line":1020,"column":6},"end":{"line":1020,"column":42}}],"line":1020},"87":{"loc":{"start":{"line":1030,"column":6},"end":{"line":1030,"column":42}},"type":"if","locations":[{"start":{"line":1030,"column":6},"end":{"line":1030,"column":42}},{"start":{"line":1030,"column":6},"end":{"line":1030,"column":42}}],"line":1030},"88":{"loc":{"start":{"line":1034,"column":6},"end":{"line":1034,"column":51}},"type":"if","locations":[{"start":{"line":1034,"column":6},"end":{"line":1034,"column":51}},{"start":{"line":1034,"column":6},"end":{"line":1034,"column":51}}],"line":1034},"89":{"loc":{"start":{"line":1038,"column":4},"end":{"line":1038,"column":35}},"type":"if","locations":[{"start":{"line":1038,"column":4},"end":{"line":1038,"column":35}},{"start":{"line":1038,"column":4},"end":{"line":1038,"column":35}}],"line":1038},"90":{"loc":{"start":{"line":1050,"column":8},"end":{"line":1050,"column":43}},"type":"if","locations":[{"start":{"line":1050,"column":8},"end":{"line":1050,"column":43}},{"start":{"line":1050,"column":8},"end":{"line":1050,"column":43}}],"line":1050},"91":{"loc":{"start":{"line":1059,"column":4},"end":{"line":1059,"column":46}},"type":"if","locations":[{"start":{"line":1059,"column":4},"end":{"line":1059,"column":46}},{"start":{"line":1059,"column":4},"end":{"line":1059,"column":46}}],"line":1059},"92":{"loc":{"start":{"line":1065,"column":6},"end":{"line":1065,"column":51}},"type":"if","locations":[{"start":{"line":1065,"column":6},"end":{"line":1065,"column":51}},{"start":{"line":1065,"column":6},"end":{"line":1065,"column":51}}],"line":1065},"93":{"loc":{"start":{"line":1065,"column":10},"end":{"line":1065,"column":40}},"type":"binary-expr","locations":[{"start":{"line":1065,"column":10},"end":{"line":1065,"column":26}},{"start":{"line":1065,"column":30},"end":{"line":1065,"column":40}}],"line":1065},"94":{"loc":{"start":{"line":1095,"column":6},"end":{"line":1117,"column":7}},"type":"switch","locations":[{"start":{"line":1096,"column":8},"end":{"line":1100,"column":16}},{"start":{"line":1101,"column":8},"end":{"line":1104,"column":16}},{"start":{"line":1105,"column":8},"end":{"line":1107,"column":16}},{"start":{"line":1108,"column":8},"end":{"line":1109,"column":16}},{"start":{"line":1110,"column":8},"end":{"line":1116,"column":11}}],"line":1095},"95":{"loc":{"start":{"line":1112,"column":10},"end":{"line":1116,"column":11}},"type":"if","locations":[{"start":{"line":1112,"column":10},"end":{"line":1116,"column":11}},{"start":{"line":1112,"column":10},"end":{"line":1116,"column":11}}],"line":1112},"96":{"loc":{"start":{"line":1112,"column":14},"end":{"line":1112,"column":46}},"type":"binary-expr","locations":[{"start":{"line":1112,"column":14},"end":{"line":1112,"column":22}},{"start":{"line":1112,"column":26},"end":{"line":1112,"column":34}},{"start":{"line":1112,"column":38},"end":{"line":1112,"column":46}}],"line":1112},"97":{"loc":{"start":{"line":1114,"column":17},"end":{"line":1116,"column":11}},"type":"if","locations":[{"start":{"line":1114,"column":17},"end":{"line":1116,"column":11}},{"start":{"line":1114,"column":17},"end":{"line":1116,"column":11}}],"line":1114}},"s":{"0":2,"1":2,"2":2,"3":32,"4":2,"5":26,"6":0,"7":0,"8":26,"9":25,"10":26,"11":26,"12":26,"13":2,"14":1,"15":1,"16":1,"17":0,"18":1,"19":0,"20":1,"21":1,"22":0,"23":1,"24":1,"25":1,"26":2,"27":1,"28":2,"29":0,"30":2,"31":0,"32":2,"33":0,"34":0,"35":2,"36":0,"37":2,"38":0,"39":0,"40":0,"41":0,"42":0,"43":0,"44":0,"45":0,"46":0,"47":0,"48":0,"49":0,"50":2,"51":0,"52":0,"53":2,"54":0,"55":0,"56":0,"57":0,"58":0,"59":0,"60":0,"61":0,"62":0,"63":0,"64":2,"65":30,"66":25,"67":30,"68":30,"69":2,"70":30,"71":30,"72":25,"73":30,"74":2,"75":60,"76":60,"77":2,"78":0,"79":0,"80":0,"81":0,"82":0,"83":0,"84":0,"85":0,"86":0,"87":2,"88":5,"89":5,"90":5,"91":5,"92":30,"93":5,"94":25,"95":25,"96":10,"97":30,"98":30,"99":25,"100":5,"101":2,"102":0,"103":0,"104":0,"105":0,"106":0,"107":0,"108":0,"109":0,"110":2,"111":1,"112":1,"113":1,"114":2,"115":2,"116":1,"117":2,"118":0,"119":0,"120":0,"121":0,"122":2,"123":22,"124":4,"125":18,"126":18,"127":18,"128":18,"129":18,"130":17,"131":17,"132":6,"133":2,"134":0,"135":0,"136":0,"137":0,"138":0,"139":0,"140":2,"141":0,"142":2,"143":0,"144":0,"145":0,"146":0,"147":0,"148":0,"149":0,"150":0,"151":2,"152":0,"153":0,"154":0,"155":0,"156":0,"157":0,"158":2,"159":8,"160":8,"161":4,"162":8,"163":2,"164":0,"165":0,"166":0,"167":0,"168":0,"169":0,"170":2,"171":0,"172":0,"173":0,"174":0,"175":0,"176":0,"177":0,"178":0,"179":2,"180":0,"181":0,"182":0,"183":0,"184":0,"185":0,"186":0,"187":2,"188":0,"189":0,"190":0,"191":0,"192":0,"193":0,"194":0,"195":2,"196":0,"197":0,"198":0,"199":0,"200":0,"201":2,"202":7,"203":5,"204":0,"205":7,"206":3,"207":6,"208":1,"209":2,"210":5,"211":4,"212":2,"213":0,"214":0,"215":0,"216":0,"217":0,"218":2,"219":13,"220":2,"221":0,"222":0,"223":0,"224":0,"225":2,"226":52,"227":2,"228":0,"229":2,"230":0,"231":2,"232":0,"233":0,"234":0,"235":0,"236":0,"237":0,"238":2,"239":0,"240":0,"241":0,"242":0,"243":0,"244":0,"245":0,"246":0,"247":0,"248":0,"249":0,"250":0,"251":0,"252":0,"253":2,"254":0,"255":0,"256":0,"257":0,"258":0,"259":0,"260":0,"261":0,"262":0,"263":0,"264":0,"265":0,"266":2,"267":0,"268":0,"269":0,"270":2,"271":0,"272":0,"273":0,"274":0,"275":0,"276":0,"277":0,"278":0,"279":0,"280":0,"281":0,"282":0,"283":0,"284":2,"285":0,"286":0,"287":0,"288":0,"289":0,"290":0,"291":0,"292":2,"293":0,"294":0,"295":2,"296":0,"297":0,"298":0,"299":0,"300":2,"301":0,"302":0,"303":0,"304":0,"305":0,"306":2,"307":0,"308":0,"309":2,"310":0,"311":0,"312":0,"313":0,"314":0,"315":0,"316":2,"317":0,"318":2,"319":16,"320":2,"321":0,"322":0,"323":0,"324":0,"325":0,"326":0,"327":0,"328":0,"329":0,"330":0,"331":0,"332":0,"333":0,"334":0,"335":2,"336":6,"337":6,"338":2,"339":5,"340":6,"341":6,"342":5,"343":6,"344":1,"345":6,"346":5,"347":5,"348":5,"349":5,"350":0,"351":0,"352":0,"353":0,"354":0,"355":0,"356":0,"357":0,"358":0,"359":0,"360":0,"361":0,"362":5,"363":2,"364":72,"365":72,"366":23,"367":55,"368":72,"369":0,"370":0,"371":0,"372":0,"373":0,"374":0,"375":0,"376":0,"377":0,"378":0,"379":0,"380":0,"381":0,"382":0,"383":0,"384":0,"385":0,"386":0,"387":0,"388":0,"389":0,"390":0,"391":0,"392":0,"393":0,"394":0,"395":0,"396":0,"397":0,"398":0,"399":0,"400":0,"401":0,"402":0,"403":0,"404":0,"405":0,"406":0,"407":0,"408":0,"409":0,"410":0,"411":0,"412":0,"413":0,"414":0,"415":0,"416":0,"417":0,"418":0,"419":0,"420":0,"421":0,"422":0,"423":0,"424":0,"425":0,"426":0,"427":0,"428":0,"429":0,"430":0,"431":0,"432":0,"433":0,"434":0,"435":0,"436":0,"437":0,"438":0,"439":0,"440":0,"441":0,"442":0,"443":0,"444":0,"445":0,"446":0,"447":0,"448":0,"449":0,"450":0,"451":0,"452":0,"453":0,"454":0,"455":0,"456":0,"457":0,"458":0,"459":0,"460":0,"461":0,"462":0,"463":0,"464":0,"465":0,"466":0,"467":0,"468":0,"469":0,"470":0,"471":0,"472":0,"473":0,"474":0,"475":0,"476":0,"477":0,"478":0,"479":0,"480":0,"481":0,"482":0,"483":0,"484":0,"485":0,"486":0,"487":0,"488":0,"489":0,"490":0,"491":0,"492":0,"493":0,"494":0,"495":0,"496":0,"497":0,"498":0,"499":0,"500":0,"501":0,"502":0,"503":0,"504":0,"505":0,"506":0,"507":0,"508":0,"509":0,"510":0,"511":0,"512":0,"513":0,"514":0,"515":0,"516":0,"517":0,"518":0,"519":0,"520":0,"521":0,"522":0,"523":0,"524":0,"525":0,"526":0,"527":0,"528":0,"529":0,"530":0,"531":0,"532":0,"533":0,"534":0,"535":0,"536":0,"537":0,"538":0,"539":0,"540":0,"541":0,"542":0,"543":0,"544":0,"545":0,"546":0,"547":0,"548":0,"549":0,"550":0,"551":0,"552":0,"553":0,"554":0,"555":0,"556":0,"557":0,"558":0,"559":5,"560":5,"561":5,"562":5,"563":5,"564":5,"565":135,"566":135,"567":10,"568":10,"569":10,"570":10,"571":15,"572":15,"573":15,"574":10,"575":10,"576":25,"577":75,"578":75,"579":35,"580":40,"581":25,"582":5,"583":2,"584":2,"585":2,"586":2,"587":2,"588":2},"f":{"0":2,"1":2,"2":32,"3":26,"4":1,"5":0,"6":1,"7":0,"8":0,"9":0,"10":0,"11":0,"12":0,"13":0,"14":0,"15":0,"16":30,"17":25,"18":30,"19":25,"20":60,"21":0,"22":0,"23":5,"24":30,"25":30,"26":25,"27":0,"28":0,"29":1,"30":0,"31":0,"32":22,"33":0,"34":0,"35":0,"36":0,"37":0,"38":0,"39":0,"40":0,"41":8,"42":0,"43":0,"44":0,"45":0,"46":0,"47":0,"48":0,"49":0,"50":0,"51":7,"52":6,"53":5,"54":0,"55":13,"56":0,"57":52,"58":0,"59":0,"60":0,"61":0,"62":0,"63":0,"64":0,"65":0,"66":0,"67":0,"68":0,"69":0,"70":0,"71":0,"72":0,"73":0,"74":0,"75":0,"76":0,"77":0,"78":0,"79":0,"80":0,"81":0,"82":16,"83":0,"84":0,"85":6,"86":5,"87":5,"88":72,"89":55,"90":0,"91":0,"92":0,"93":0,"94":0,"95":0,"96":0,"97":0,"98":0,"99":5},"b":{"0":[2,0],"1":[2,2],"2":[0,0],"3":[0,0],"4":[0,0],"5":[0,26],"6":[25,1],"7":[1,0],"8":[0,1],"9":[0,1],"10":[0,0],"11":[0,0],"12":[0,0],"13":[0,0],"14":[0,0],"15":[0,0],"16":[5,25],"17":[10,15],"18":[0,0],"19":[0,0],"20":[0,0],"21":[0,0],"22":[0,0],"23":[4,18],"24":[18,0],"25":[6,11],"26":[0,0],"27":[0,0],"28":[0,0],"29":[0,0],"30":[0,0],"31":[0,0],"32":[0,0],"33":[0,0],"34":[0,0],"35":[0,0],"36":[0,0],"37":[0,0],"38":[0,0],"39":[5,2],"40":[0,5],"41":[3,4],"42":[1,2],"43":[0,0],"44":[0,0],"45":[0,0],"46":[0,0],"47":[0,0],"48":[0,0],"49":[0,0],"50":[0,0],"51":[0,0],"52":[0,0],"53":[0,0],"54":[0,0],"55":[0,0],"56":[0,0],"57":[0,0],"58":[0,0],"59":[0,0],"60":[0,0],"61":[0,0],"62":[2,4],"63":[5,1],"64":[1,5],"65":[5,0],"66":[0,5],"67":[0,0],"68":[0,0],"69":[0,0],"70":[23,49],"71":[0,0],"72":[0,0],"73":[0,0],"74":[0,0],"75":[0,0],"76":[0,0],"77":[0,0],"78":[0,0],"79":[0,0],"80":[0,0],"81":[0,0],"82":[0,0],"83":[0,0],"84":[0,0],"85":[0,0],"86":[0,0],"87":[0,0],"88":[0,0],"89":[0,0],"90":[0,0],"91":[0,0],"92":[0,0],"93":[0,0],"94":[10,15,10,25,75],"95":[35,40],"96":[75,65,55],"97":[25,15]},"_coverageSchema":"43e27e138ebf9cfc5966b082cf9a028302ed4184","hash":"46a2bced17a74b9f125e1f67f4f3f72db62d2343"}
}
