{"/home/aaboyles/Projects/patristic/dist/patristic.js": {"path":"/home/aaboyles/Projects/patristic/dist/patristic.js","statementMap":{"0":{"start":{"line":1,"column":0},"end":{"line":1230,"column":4}},"1":{"start":{"line":2,"column":2},"end":{"line":4,"column":60}},"2":{"start":{"line":14,"column":18},"end":{"line":14,"column":25}},"3":{"start":{"line":28,"column":4},"end":{"line":28,"column":25}},"4":{"start":{"line":28,"column":15},"end":{"line":28,"column":25}},"5":{"start":{"line":29,"column":4},"end":{"line":29,"column":46}},"6":{"start":{"line":29,"column":19},"end":{"line":29,"column":46}},"7":{"start":{"line":29,"column":35},"end":{"line":29,"column":45}},"8":{"start":{"line":30,"column":4},"end":{"line":40,"column":7}},"9":{"start":{"line":44,"column":4},"end":{"line":48,"column":5}},"10":{"start":{"line":45,"column":6},"end":{"line":45,"column":66}},"11":{"start":{"line":47,"column":6},"end":{"line":47,"column":74}},"12":{"start":{"line":56,"column":2},"end":{"line":71,"column":4}},"13":{"start":{"line":58,"column":4},"end":{"line":68,"column":5}},"14":{"start":{"line":59,"column":6},"end":{"line":59,"column":15}},"15":{"start":{"line":60,"column":6},"end":{"line":60,"column":22}},"16":{"start":{"line":62,"column":6},"end":{"line":62,"column":27}},"17":{"start":{"line":62,"column":17},"end":{"line":62,"column":27}},"18":{"start":{"line":63,"column":6},"end":{"line":67,"column":8}},"19":{"start":{"line":69,"column":4},"end":{"line":69,"column":26}},"20":{"start":{"line":70,"column":4},"end":{"line":70,"column":13}},"21":{"start":{"line":80,"column":2},"end":{"line":93,"column":4}},"22":{"start":{"line":81,"column":4},"end":{"line":81,"column":33}},"23":{"start":{"line":81,"column":19},"end":{"line":81,"column":33}},"24":{"start":{"line":83,"column":4},"end":{"line":88,"column":5}},"25":{"start":{"line":84,"column":6},"end":{"line":84,"column":15}},"26":{"start":{"line":86,"column":6},"end":{"line":86,"column":27}},"27":{"start":{"line":86,"column":17},"end":{"line":86,"column":27}},"28":{"start":{"line":87,"column":6},"end":{"line":87,"column":42}},"29":{"start":{"line":89,"column":4},"end":{"line":89,"column":46}},"30":{"start":{"line":89,"column":28},"end":{"line":89,"column":44}},"31":{"start":{"line":90,"column":4},"end":{"line":90,"column":41}},"32":{"start":{"line":91,"column":4},"end":{"line":91,"column":20}},"33":{"start":{"line":92,"column":4},"end":{"line":92,"column":16}},"34":{"start":{"line":100,"column":2},"end":{"line":102,"column":4}},"35":{"start":{"line":101,"column":4},"end":{"line":101,"column":35}},"36":{"start":{"line":110,"column":2},"end":{"line":112,"column":4}},"37":{"start":{"line":111,"column":4},"end":{"line":111,"column":38}},"38":{"start":{"line":123,"column":2},"end":{"line":127,"column":4}},"39":{"start":{"line":124,"column":18},"end":{"line":124,"column":49}},"40":{"start":{"line":125,"column":4},"end":{"line":125,"column":26}},"41":{"start":{"line":126,"column":4},"end":{"line":126,"column":34}},"42":{"start":{"line":133,"column":2},"end":{"line":135,"column":4}},"43":{"start":{"line":134,"column":4},"end":{"line":134,"column":29}},"44":{"start":{"line":134,"column":26},"end":{"line":134,"column":27}},"45":{"start":{"line":142,"column":2},"end":{"line":144,"column":4}},"46":{"start":{"line":143,"column":4},"end":{"line":143,"column":37}},"47":{"start":{"line":155,"column":2},"end":{"line":167,"column":4}},"48":{"start":{"line":156,"column":19},"end":{"line":156,"column":30}},"49":{"start":{"line":157,"column":4},"end":{"line":158,"column":50}},"50":{"start":{"line":158,"column":6},"end":{"line":158,"column":50}},"51":{"start":{"line":159,"column":4},"end":{"line":160,"column":67}},"52":{"start":{"line":160,"column":6},"end":{"line":160,"column":67}},"53":{"start":{"line":161,"column":18},"end":{"line":161,"column":28}},"54":{"start":{"line":162,"column":4},"end":{"line":165,"column":5}},"55":{"start":{"line":163,"column":6},"end":{"line":163,"column":33}},"56":{"start":{"line":164,"column":6},"end":{"line":164,"column":31}},"57":{"start":{"line":166,"column":4},"end":{"line":166,"column":20}},"58":{"start":{"line":176,"column":2},"end":{"line":179,"column":4}},"59":{"start":{"line":177,"column":15},"end":{"line":177,"column":47}},"60":{"start":{"line":178,"column":4},"end":{"line":178,"column":65}},"61":{"start":{"line":188,"column":2},"end":{"line":191,"column":4}},"62":{"start":{"line":189,"column":15},"end":{"line":189,"column":35}},"63":{"start":{"line":190,"column":4},"end":{"line":190,"column":53}},"64":{"start":{"line":200,"column":2},"end":{"line":213,"column":4}},"65":{"start":{"line":201,"column":17},"end":{"line":201,"column":21}},"66":{"start":{"line":202,"column":13},"end":{"line":202,"column":21}},"67":{"start":{"line":204,"column":4},"end":{"line":211,"column":5}},"68":{"start":{"line":205,"column":6},"end":{"line":205,"column":31}},"69":{"start":{"line":206,"column":6},"end":{"line":206,"column":16}},"70":{"start":{"line":207,"column":6},"end":{"line":210,"column":7}},"71":{"start":{"line":208,"column":8},"end":{"line":208,"column":25}},"72":{"start":{"line":209,"column":8},"end":{"line":209,"column":52}},"73":{"start":{"line":209,"column":34},"end":{"line":209,"column":50}},"74":{"start":{"line":212,"column":4},"end":{"line":212,"column":16}},"75":{"start":{"line":222,"column":2},"end":{"line":226,"column":4}},"76":{"start":{"line":223,"column":4},"end":{"line":223,"column":55}},"77":{"start":{"line":223,"column":28},"end":{"line":223,"column":53}},"78":{"start":{"line":224,"column":4},"end":{"line":224,"column":19}},"79":{"start":{"line":225,"column":4},"end":{"line":225,"column":16}},"80":{"start":{"line":235,"column":2},"end":{"line":239,"column":4}},"81":{"start":{"line":236,"column":4},"end":{"line":236,"column":19}},"82":{"start":{"line":237,"column":4},"end":{"line":237,"column":56}},"83":{"start":{"line":237,"column":28},"end":{"line":237,"column":54}},"84":{"start":{"line":238,"column":4},"end":{"line":238,"column":16}},"85":{"start":{"line":246,"column":2},"end":{"line":249,"column":4}},"86":{"start":{"line":247,"column":4},"end":{"line":247,"column":36}},"87":{"start":{"line":248,"column":4},"end":{"line":248,"column":16}},"88":{"start":{"line":255,"column":2},"end":{"line":266,"column":4}},"89":{"start":{"line":256,"column":4},"end":{"line":258,"column":5}},"90":{"start":{"line":257,"column":6},"end":{"line":257,"column":77}},"91":{"start":{"line":259,"column":4},"end":{"line":263,"column":7}},"92":{"start":{"line":260,"column":6},"end":{"line":260,"column":34}},"93":{"start":{"line":261,"column":6},"end":{"line":261,"column":33}},"94":{"start":{"line":262,"column":6},"end":{"line":262,"column":59}},"95":{"start":{"line":262,"column":26},"end":{"line":262,"column":59}},"96":{"start":{"line":264,"column":4},"end":{"line":264,"column":71}},"97":{"start":{"line":265,"column":4},"end":{"line":265,"column":23}},"98":{"start":{"line":272,"column":2},"end":{"line":285,"column":4}},"99":{"start":{"line":273,"column":19},"end":{"line":273,"column":20}},"100":{"start":{"line":274,"column":13},"end":{"line":274,"column":27}},"101":{"start":{"line":275,"column":4},"end":{"line":275,"column":19}},"102":{"start":{"line":276,"column":4},"end":{"line":283,"column":7}},"103":{"start":{"line":277,"column":6},"end":{"line":277,"column":29}},"104":{"start":{"line":277,"column":22},"end":{"line":277,"column":29}},"105":{"start":{"line":278,"column":6},"end":{"line":278,"column":35}},"106":{"start":{"line":279,"column":6},"end":{"line":279,"column":49}},"107":{"start":{"line":279,"column":30},"end":{"line":279,"column":49}},"108":{"start":{"line":281,"column":6},"end":{"line":281,"column":36}},"109":{"start":{"line":282,"column":6},"end":{"line":282,"column":70}},"110":{"start":{"line":282,"column":54},"end":{"line":282,"column":65}},"111":{"start":{"line":284,"column":4},"end":{"line":284,"column":16}},"112":{"start":{"line":297,"column":2},"end":{"line":306,"column":4}},"113":{"start":{"line":298,"column":4},"end":{"line":304,"column":7}},"114":{"start":{"line":299,"column":6},"end":{"line":299,"column":45}},"115":{"start":{"line":299,"column":25},"end":{"line":299,"column":45}},"116":{"start":{"line":300,"column":6},"end":{"line":300,"column":53}},"117":{"start":{"line":300,"column":33},"end":{"line":300,"column":53}},"118":{"start":{"line":301,"column":6},"end":{"line":303,"column":7}},"119":{"start":{"line":302,"column":8},"end":{"line":302,"column":30}},"120":{"start":{"line":305,"column":4},"end":{"line":305,"column":16}},"121":{"start":{"line":312,"column":2},"end":{"line":314,"column":4}},"122":{"start":{"line":313,"column":4},"end":{"line":313,"column":38}},"123":{"start":{"line":313,"column":26},"end":{"line":313,"column":36}},"124":{"start":{"line":324,"column":2},"end":{"line":329,"column":4}},"125":{"start":{"line":325,"column":20},"end":{"line":325,"column":45}},"126":{"start":{"line":326,"column":18},"end":{"line":326,"column":22}},"127":{"start":{"line":327,"column":4},"end":{"line":327,"column":63}},"128":{"start":{"line":327,"column":39},"end":{"line":327,"column":63}},"129":{"start":{"line":328,"column":4},"end":{"line":328,"column":21}},"130":{"start":{"line":338,"column":2},"end":{"line":341,"column":4}},"131":{"start":{"line":339,"column":4},"end":{"line":339,"column":77}},"132":{"start":{"line":339,"column":37},"end":{"line":339,"column":77}},"133":{"start":{"line":340,"column":4},"end":{"line":340,"column":53}},"134":{"start":{"line":340,"column":35},"end":{"line":340,"column":51}},"135":{"start":{"line":350,"column":2},"end":{"line":360,"column":4}},"136":{"start":{"line":351,"column":4},"end":{"line":351,"column":36}},"137":{"start":{"line":351,"column":24},"end":{"line":351,"column":36}},"138":{"start":{"line":352,"column":19},"end":{"line":352,"column":32}},"139":{"start":{"line":353,"column":10},"end":{"line":353,"column":25}},"140":{"start":{"line":354,"column":4},"end":{"line":359,"column":5}},"141":{"start":{"line":355,"column":6},"end":{"line":358,"column":7}},"142":{"start":{"line":355,"column":19},"end":{"line":355,"column":20}},"143":{"start":{"line":356,"column":25},"end":{"line":356,"column":54}},"144":{"start":{"line":357,"column":8},"end":{"line":357,"column":42}},"145":{"start":{"line":357,"column":24},"end":{"line":357,"column":42}},"146":{"start":{"line":368,"column":2},"end":{"line":376,"column":4}},"147":{"start":{"line":369,"column":22},"end":{"line":369,"column":47}},"148":{"start":{"line":370,"column":4},"end":{"line":374,"column":5}},"149":{"start":{"line":371,"column":6},"end":{"line":373,"column":9}},"150":{"start":{"line":372,"column":8},"end":{"line":372,"column":69}},"151":{"start":{"line":372,"column":48},"end":{"line":372,"column":67}},"152":{"start":{"line":375,"column":4},"end":{"line":375,"column":23}},"153":{"start":{"line":383,"column":2},"end":{"line":385,"column":4}},"154":{"start":{"line":384,"column":4},"end":{"line":384,"column":28}},"155":{"start":{"line":392,"column":2},"end":{"line":403,"column":4}},"156":{"start":{"line":393,"column":4},"end":{"line":401,"column":5}},"157":{"start":{"line":394,"column":6},"end":{"line":394,"column":20}},"158":{"start":{"line":396,"column":24},"end":{"line":396,"column":26}},"159":{"start":{"line":397,"column":6},"end":{"line":399,"column":9}},"160":{"start":{"line":398,"column":8},"end":{"line":398,"column":60}},"161":{"start":{"line":398,"column":39},"end":{"line":398,"column":58}},"162":{"start":{"line":400,"column":6},"end":{"line":400,"column":25}},"163":{"start":{"line":402,"column":4},"end":{"line":402,"column":72}},"164":{"start":{"line":412,"column":2},"end":{"line":422,"column":4}},"165":{"start":{"line":413,"column":15},"end":{"line":413,"column":19}},"166":{"start":{"line":414,"column":4},"end":{"line":420,"column":5}},"167":{"start":{"line":415,"column":6},"end":{"line":418,"column":10}},"168":{"start":{"line":416,"column":8},"end":{"line":418,"column":10}},"169":{"start":{"line":419,"column":6},"end":{"line":419,"column":25}},"170":{"start":{"line":421,"column":4},"end":{"line":421,"column":16}},"171":{"start":{"line":429,"column":2},"end":{"line":433,"column":4}},"172":{"start":{"line":430,"column":17},"end":{"line":430,"column":21}},"173":{"start":{"line":431,"column":4},"end":{"line":431,"column":52}},"174":{"start":{"line":431,"column":29},"end":{"line":431,"column":52}},"175":{"start":{"line":432,"column":4},"end":{"line":432,"column":18}},"176":{"start":{"line":440,"column":2},"end":{"line":449,"column":4}},"177":{"start":{"line":441,"column":4},"end":{"line":445,"column":5}},"178":{"start":{"line":442,"column":6},"end":{"line":442,"column":43}},"179":{"start":{"line":443,"column":11},"end":{"line":445,"column":5}},"180":{"start":{"line":444,"column":6},"end":{"line":444,"column":53}},"181":{"start":{"line":444,"column":37},"end":{"line":444,"column":51}},"182":{"start":{"line":446,"column":4},"end":{"line":448,"column":6}},"183":{"start":{"line":459,"column":2},"end":{"line":467,"column":4}},"184":{"start":{"line":460,"column":22},"end":{"line":460,"column":43}},"185":{"start":{"line":461,"column":4},"end":{"line":465,"column":5}},"186":{"start":{"line":462,"column":6},"end":{"line":462,"column":53}},"187":{"start":{"line":462,"column":35},"end":{"line":462,"column":51}},"188":{"start":{"line":463,"column":11},"end":{"line":465,"column":5}},"189":{"start":{"line":464,"column":6},"end":{"line":464,"column":56}},"190":{"start":{"line":464,"column":35},"end":{"line":464,"column":54}},"191":{"start":{"line":466,"column":4},"end":{"line":466,"column":78}},"192":{"start":{"line":474,"column":2},"end":{"line":482,"column":4}},"193":{"start":{"line":475,"column":17},"end":{"line":475,"column":33}},"194":{"start":{"line":476,"column":4},"end":{"line":480,"column":5}},"195":{"start":{"line":477,"column":6},"end":{"line":477,"column":35}},"196":{"start":{"line":478,"column":11},"end":{"line":480,"column":5}},"197":{"start":{"line":479,"column":6},"end":{"line":479,"column":45}},"198":{"start":{"line":479,"column":30},"end":{"line":479,"column":43}},"199":{"start":{"line":481,"column":4},"end":{"line":481,"column":66}},"200":{"start":{"line":489,"column":2},"end":{"line":503,"column":4}},"201":{"start":{"line":490,"column":20},"end":{"line":490,"column":31}},"202":{"start":{"line":491,"column":4},"end":{"line":501,"column":5}},"203":{"start":{"line":492,"column":17},"end":{"line":492,"column":35}},"204":{"start":{"line":493,"column":6},"end":{"line":493,"column":39}},"205":{"start":{"line":494,"column":6},"end":{"line":494,"column":25}},"206":{"start":{"line":495,"column":6},"end":{"line":495,"column":37}},"207":{"start":{"line":496,"column":6},"end":{"line":496,"column":36}},"208":{"start":{"line":497,"column":6},"end":{"line":497,"column":30}},"209":{"start":{"line":498,"column":6},"end":{"line":498,"column":69}},"210":{"start":{"line":500,"column":6},"end":{"line":500,"column":46}},"211":{"start":{"line":502,"column":4},"end":{"line":502,"column":16}},"212":{"start":{"line":513,"column":2},"end":{"line":517,"column":4}},"213":{"start":{"line":514,"column":4},"end":{"line":514,"column":64}},"214":{"start":{"line":514,"column":34},"end":{"line":514,"column":64}},"215":{"start":{"line":515,"column":4},"end":{"line":515,"column":69}},"216":{"start":{"line":515,"column":36},"end":{"line":515,"column":69}},"217":{"start":{"line":516,"column":4},"end":{"line":516,"column":66}},"218":{"start":{"line":524,"column":2},"end":{"line":533,"column":4}},"219":{"start":{"line":525,"column":4},"end":{"line":527,"column":5}},"220":{"start":{"line":526,"column":6},"end":{"line":526,"column":61}},"221":{"start":{"line":526,"column":48},"end":{"line":526,"column":61}},"222":{"start":{"line":528,"column":4},"end":{"line":531,"column":5}},"223":{"start":{"line":529,"column":6},"end":{"line":529,"column":67}},"224":{"start":{"line":529,"column":34},"end":{"line":529,"column":51}},"225":{"start":{"line":529,"column":54},"end":{"line":529,"column":67}},"226":{"start":{"line":530,"column":6},"end":{"line":530,"column":56}},"227":{"start":{"line":530,"column":38},"end":{"line":530,"column":54}},"228":{"start":{"line":532,"column":4},"end":{"line":532,"column":16}},"229":{"start":{"line":541,"column":2},"end":{"line":545,"column":4}},"230":{"start":{"line":542,"column":4},"end":{"line":542,"column":48}},"231":{"start":{"line":542,"column":35},"end":{"line":542,"column":48}},"232":{"start":{"line":543,"column":4},"end":{"line":543,"column":77}},"233":{"start":{"line":543,"column":65},"end":{"line":543,"column":77}},"234":{"start":{"line":544,"column":4},"end":{"line":544,"column":48}},"235":{"start":{"line":552,"column":2},"end":{"line":554,"column":4}},"236":{"start":{"line":553,"column":4},"end":{"line":553,"column":38}},"237":{"start":{"line":566,"column":2},"end":{"line":571,"column":4}},"238":{"start":{"line":567,"column":16},"end":{"line":567,"column":50}},"239":{"start":{"line":568,"column":4},"end":{"line":568,"column":42}},"240":{"start":{"line":569,"column":4},"end":{"line":569,"column":25}},"241":{"start":{"line":570,"column":4},"end":{"line":570,"column":16}},"242":{"start":{"line":578,"column":2},"end":{"line":580,"column":4}},"243":{"start":{"line":579,"column":4},"end":{"line":579,"column":32}},"244":{"start":{"line":588,"column":2},"end":{"line":590,"column":4}},"245":{"start":{"line":589,"column":4},"end":{"line":589,"column":28}},"246":{"start":{"line":599,"column":2},"end":{"line":601,"column":4}},"247":{"start":{"line":600,"column":4},"end":{"line":600,"column":28}},"248":{"start":{"line":610,"column":2},"end":{"line":620,"column":4}},"249":{"start":{"line":611,"column":16},"end":{"line":611,"column":18}},"250":{"start":{"line":612,"column":4},"end":{"line":618,"column":7}},"251":{"start":{"line":613,"column":6},"end":{"line":613,"column":29}},"252":{"start":{"line":613,"column":22},"end":{"line":613,"column":29}},"253":{"start":{"line":614,"column":6},"end":{"line":617,"column":9}},"254":{"start":{"line":619,"column":4},"end":{"line":619,"column":17}},"255":{"start":{"line":631,"column":2},"end":{"line":642,"column":4}},"256":{"start":{"line":632,"column":4},"end":{"line":632,"column":47}},"257":{"start":{"line":632,"column":36},"end":{"line":632,"column":47}},"258":{"start":{"line":633,"column":4},"end":{"line":633,"column":47}},"259":{"start":{"line":633,"column":36},"end":{"line":633,"column":47}},"260":{"start":{"line":634,"column":14},"end":{"line":634,"column":22}},"261":{"start":{"line":635,"column":12},"end":{"line":635,"column":21}},"262":{"start":{"line":636,"column":4},"end":{"line":639,"column":7}},"263":{"start":{"line":637,"column":6},"end":{"line":637,"column":39}},"264":{"start":{"line":637,"column":25},"end":{"line":637,"column":39}},"265":{"start":{"line":638,"column":6},"end":{"line":638,"column":39}},"266":{"start":{"line":638,"column":25},"end":{"line":638,"column":39}},"267":{"start":{"line":640,"column":16},"end":{"line":640,"column":47}},"268":{"start":{"line":641,"column":4},"end":{"line":641,"column":72}},"269":{"start":{"line":641,"column":27},"end":{"line":641,"column":69}},"270":{"start":{"line":651,"column":2},"end":{"line":666,"column":4}},"271":{"start":{"line":652,"column":18},"end":{"line":652,"column":22}},"272":{"start":{"line":653,"column":19},"end":{"line":653,"column":25}},"273":{"start":{"line":654,"column":15},"end":{"line":654,"column":35}},"274":{"start":{"line":655,"column":4},"end":{"line":658,"column":5}},"275":{"start":{"line":656,"column":6},"end":{"line":656,"column":31}},"276":{"start":{"line":657,"column":6},"end":{"line":657,"column":29}},"277":{"start":{"line":659,"column":12},"end":{"line":659,"column":27}},"278":{"start":{"line":660,"column":4},"end":{"line":660,"column":21}},"279":{"start":{"line":661,"column":4},"end":{"line":664,"column":5}},"280":{"start":{"line":662,"column":6},"end":{"line":662,"column":37}},"281":{"start":{"line":663,"column":6},"end":{"line":663,"column":31}},"282":{"start":{"line":665,"column":4},"end":{"line":665,"column":20}},"283":{"start":{"line":674,"column":2},"end":{"line":678,"column":4}},"284":{"start":{"line":675,"column":15},"end":{"line":675,"column":29}},"285":{"start":{"line":676,"column":4},"end":{"line":676,"column":19}},"286":{"start":{"line":677,"column":4},"end":{"line":677,"column":16}},"287":{"start":{"line":686,"column":2},"end":{"line":692,"column":4}},"288":{"start":{"line":687,"column":15},"end":{"line":687,"column":29}},"289":{"start":{"line":688,"column":17},"end":{"line":688,"column":28}},"290":{"start":{"line":689,"column":16},"end":{"line":689,"column":50}},"291":{"start":{"line":690,"column":4},"end":{"line":690,"column":55}},"292":{"start":{"line":691,"column":4},"end":{"line":691,"column":16}},"293":{"start":{"line":703,"column":2},"end":{"line":712,"column":4}},"294":{"start":{"line":704,"column":18},"end":{"line":704,"column":22}},"295":{"start":{"line":705,"column":19},"end":{"line":705,"column":21}},"296":{"start":{"line":706,"column":4},"end":{"line":709,"column":5}},"297":{"start":{"line":707,"column":6},"end":{"line":707,"column":29}},"298":{"start":{"line":708,"column":6},"end":{"line":708,"column":31}},"299":{"start":{"line":710,"column":4},"end":{"line":710,"column":48}},"300":{"start":{"line":710,"column":36},"end":{"line":710,"column":46}},"301":{"start":{"line":711,"column":4},"end":{"line":711,"column":31}},"302":{"start":{"line":718,"column":2},"end":{"line":722,"column":4}},"303":{"start":{"line":719,"column":4},"end":{"line":719,"column":36}},"304":{"start":{"line":719,"column":24},"end":{"line":719,"column":36}},"305":{"start":{"line":720,"column":4},"end":{"line":720,"column":28}},"306":{"start":{"line":721,"column":4},"end":{"line":721,"column":16}},"307":{"start":{"line":729,"column":2},"end":{"line":732,"column":4}},"308":{"start":{"line":730,"column":4},"end":{"line":730,"column":25}},"309":{"start":{"line":731,"column":4},"end":{"line":731,"column":16}},"310":{"start":{"line":739,"column":2},"end":{"line":744,"column":4}},"311":{"start":{"line":740,"column":4},"end":{"line":741,"column":61}},"312":{"start":{"line":741,"column":6},"end":{"line":741,"column":61}},"313":{"start":{"line":742,"column":4},"end":{"line":742,"column":25}},"314":{"start":{"line":743,"column":4},"end":{"line":743,"column":16}},"315":{"start":{"line":753,"column":2},"end":{"line":764,"column":4}},"316":{"start":{"line":754,"column":4},"end":{"line":763,"column":22}},"317":{"start":{"line":756,"column":8},"end":{"line":756,"column":51}},"318":{"start":{"line":756,"column":44},"end":{"line":756,"column":51}},"319":{"start":{"line":757,"column":8},"end":{"line":761,"column":33}},"320":{"start":{"line":761,"column":10},"end":{"line":761,"column":33}},"321":{"start":{"line":772,"column":2},"end":{"line":775,"column":4}},"322":{"start":{"line":773,"column":4},"end":{"line":773,"column":62}},"323":{"start":{"line":773,"column":21},"end":{"line":773,"column":62}},"324":{"start":{"line":773,"column":44},"end":{"line":773,"column":61}},"325":{"start":{"line":774,"column":4},"end":{"line":774,"column":61}},"326":{"start":{"line":774,"column":32},"end":{"line":774,"column":59}},"327":{"start":{"line":784,"column":2},"end":{"line":787,"column":4}},"328":{"start":{"line":785,"column":15},"end":{"line":785,"column":35}},"329":{"start":{"line":786,"column":4},"end":{"line":786,"column":53}},"330":{"start":{"line":795,"column":2},"end":{"line":800,"column":4}},"331":{"start":{"line":796,"column":4},"end":{"line":796,"column":37}},"332":{"start":{"line":796,"column":16},"end":{"line":796,"column":37}},"333":{"start":{"line":796,"column":29},"end":{"line":796,"column":36}},"334":{"start":{"line":797,"column":4},"end":{"line":799,"column":6}},"335":{"start":{"line":798,"column":12},"end":{"line":798,"column":76}},"336":{"start":{"line":798,"column":61},"end":{"line":798,"column":72}},"337":{"start":{"line":809,"column":2},"end":{"line":811,"column":4}},"338":{"start":{"line":810,"column":4},"end":{"line":810,"column":32}},"339":{"start":{"line":819,"column":2},"end":{"line":821,"column":4}},"340":{"start":{"line":820,"column":4},"end":{"line":820,"column":27}},"341":{"start":{"line":829,"column":2},"end":{"line":846,"column":4}},"342":{"start":{"line":830,"column":16},"end":{"line":830,"column":32}},"343":{"start":{"line":831,"column":12},"end":{"line":831,"column":24}},"344":{"start":{"line":832,"column":17},"end":{"line":832,"column":29}},"345":{"start":{"line":833,"column":4},"end":{"line":841,"column":5}},"346":{"start":{"line":833,"column":17},"end":{"line":833,"column":18}},"347":{"start":{"line":834,"column":6},"end":{"line":834,"column":31}},"348":{"start":{"line":835,"column":6},"end":{"line":835,"column":23}},"349":{"start":{"line":836,"column":6},"end":{"line":840,"column":7}},"350":{"start":{"line":836,"column":19},"end":{"line":836,"column":20}},"351":{"start":{"line":837,"column":23},"end":{"line":837,"column":52}},"352":{"start":{"line":838,"column":8},"end":{"line":838,"column":32}},"353":{"start":{"line":839,"column":8},"end":{"line":839,"column":32}},"354":{"start":{"line":842,"column":4},"end":{"line":845,"column":6}},"355":{"start":{"line":844,"column":26},"end":{"line":844,"column":30}},"356":{"start":{"line":857,"column":2},"end":{"line":867,"column":4}},"357":{"start":{"line":858,"column":14},"end":{"line":858,"column":16}},"358":{"start":{"line":859,"column":4},"end":{"line":862,"column":5}},"359":{"start":{"line":860,"column":6},"end":{"line":861,"column":79}},"360":{"start":{"line":861,"column":41},"end":{"line":861,"column":61}},"361":{"start":{"line":863,"column":4},"end":{"line":863,"column":19}},"362":{"start":{"line":864,"column":4},"end":{"line":864,"column":62}},"363":{"start":{"line":864,"column":21},"end":{"line":864,"column":62}},"364":{"start":{"line":865,"column":4},"end":{"line":865,"column":33}},"365":{"start":{"line":865,"column":22},"end":{"line":865,"column":33}},"366":{"start":{"line":866,"column":4},"end":{"line":866,"column":15}},"367":{"start":{"line":874,"column":17},"end":{"line":874,"column":28}},"368":{"start":{"line":875,"column":4},"end":{"line":891,"column":5}},"369":{"start":{"line":876,"column":14},"end":{"line":876,"column":53}},"370":{"start":{"line":877,"column":6},"end":{"line":883,"column":7}},"371":{"start":{"line":878,"column":23},"end":{"line":878,"column":30}},"372":{"start":{"line":879,"column":8},"end":{"line":879,"column":32}},"373":{"start":{"line":879,"column":22},"end":{"line":879,"column":32}},"374":{"start":{"line":880,"column":8},"end":{"line":880,"column":35}},"375":{"start":{"line":881,"column":8},"end":{"line":881,"column":77}},"376":{"start":{"line":882,"column":8},"end":{"line":882,"column":44}},"377":{"start":{"line":882,"column":22},"end":{"line":882,"column":44}},"378":{"start":{"line":885,"column":14},"end":{"line":885,"column":52}},"379":{"start":{"line":886,"column":6},"end":{"line":890,"column":7}},"380":{"start":{"line":887,"column":8},"end":{"line":887,"column":16}},"381":{"start":{"line":888,"column":8},"end":{"line":888,"column":31}},"382":{"start":{"line":889,"column":8},"end":{"line":889,"column":61}},"383":{"start":{"line":892,"column":4},"end":{"line":892,"column":18}},"384":{"start":{"line":904,"column":2},"end":{"line":912,"column":4}},"385":{"start":{"line":905,"column":17},"end":{"line":908,"column":5}},"386":{"start":{"line":909,"column":4},"end":{"line":910,"column":61}},"387":{"start":{"line":910,"column":6},"end":{"line":910,"column":61}},"388":{"start":{"line":910,"column":47},"end":{"line":910,"column":59}},"389":{"start":{"line":911,"column":4},"end":{"line":911,"column":18}},"390":{"start":{"line":923,"column":2},"end":{"line":927,"column":4}},"391":{"start":{"line":924,"column":4},"end":{"line":924,"column":35}},"392":{"start":{"line":924,"column":19},"end":{"line":924,"column":35}},"393":{"start":{"line":925,"column":4},"end":{"line":925,"column":26}},"394":{"start":{"line":925,"column":16},"end":{"line":925,"column":26}},"395":{"start":{"line":926,"column":4},"end":{"line":926,"column":49}},"396":{"start":{"line":943,"column":4},"end":{"line":943,"column":33}},"397":{"start":{"line":943,"column":18},"end":{"line":943,"column":33}},"398":{"start":{"line":944,"column":4},"end":{"line":944,"column":45}},"399":{"start":{"line":944,"column":22},"end":{"line":944,"column":45}},"400":{"start":{"line":945,"column":4},"end":{"line":945,"column":51}},"401":{"start":{"line":945,"column":24},"end":{"line":945,"column":51}},"402":{"start":{"line":946,"column":4},"end":{"line":946,"column":58}},"403":{"start":{"line":946,"column":34},"end":{"line":946,"column":58}},"404":{"start":{"line":947,"column":15},"end":{"line":950,"column":6}},"405":{"start":{"line":951,"column":4},"end":{"line":955,"column":5}},"406":{"start":{"line":952,"column":6},"end":{"line":954,"column":9}},"407":{"start":{"line":953,"column":8},"end":{"line":953,"column":40}},"408":{"start":{"line":956,"column":4},"end":{"line":956,"column":31}},"409":{"start":{"line":970,"column":15},"end":{"line":970,"column":17}},"410":{"start":{"line":971,"column":13},"end":{"line":971,"column":35}},"411":{"start":{"line":972,"column":4},"end":{"line":972,"column":47}},"412":{"start":{"line":972,"column":17},"end":{"line":972,"column":47}},"413":{"start":{"line":973,"column":4},"end":{"line":973,"column":21}},"414":{"start":{"line":974,"column":4},"end":{"line":974,"column":20}},"415":{"start":{"line":975,"column":4},"end":{"line":975,"column":25}},"416":{"start":{"line":976,"column":4},"end":{"line":976,"column":27}},"417":{"start":{"line":977,"column":4},"end":{"line":977,"column":41}},"418":{"start":{"line":978,"column":4},"end":{"line":978,"column":34}},"419":{"start":{"line":979,"column":4},"end":{"line":979,"column":31}},"420":{"start":{"line":980,"column":4},"end":{"line":980,"column":40}},"421":{"start":{"line":981,"column":4},"end":{"line":981,"column":23}},"422":{"start":{"line":982,"column":4},"end":{"line":982,"column":31}},"423":{"start":{"line":983,"column":4},"end":{"line":983,"column":31}},"424":{"start":{"line":984,"column":4},"end":{"line":988,"column":5}},"425":{"start":{"line":984,"column":17},"end":{"line":984,"column":18}},"426":{"start":{"line":985,"column":22},"end":{"line":985,"column":51}},"427":{"start":{"line":986,"column":6},"end":{"line":986,"column":28}},"428":{"start":{"line":987,"column":6},"end":{"line":987,"column":40}},"429":{"start":{"line":989,"column":4},"end":{"line":989,"column":36}},"430":{"start":{"line":990,"column":4},"end":{"line":990,"column":33}},"431":{"start":{"line":991,"column":4},"end":{"line":994,"column":5}},"432":{"start":{"line":991,"column":17},"end":{"line":991,"column":18}},"433":{"start":{"line":992,"column":6},"end":{"line":992,"column":35}},"434":{"start":{"line":993,"column":6},"end":{"line":993,"column":30}},"435":{"start":{"line":995,"column":4},"end":{"line":995,"column":23}},"436":{"start":{"line":996,"column":4},"end":{"line":996,"column":22}},"437":{"start":{"line":1001,"column":6},"end":{"line":1007,"column":7}},"438":{"start":{"line":1002,"column":8},"end":{"line":1002,"column":77}},"439":{"start":{"line":1003,"column":8},"end":{"line":1003,"column":44}},"440":{"start":{"line":1005,"column":8},"end":{"line":1005,"column":44}},"441":{"start":{"line":1006,"column":8},"end":{"line":1006,"column":33}},"442":{"start":{"line":1008,"column":6},"end":{"line":1008,"column":18}},"443":{"start":{"line":1011,"column":4},"end":{"line":1011,"column":35}},"444":{"start":{"line":1012,"column":4},"end":{"line":1014,"column":5}},"445":{"start":{"line":1012,"column":17},"end":{"line":1012,"column":18}},"446":{"start":{"line":1013,"column":6},"end":{"line":1013,"column":77}},"447":{"start":{"line":1013,"column":44},"end":{"line":1013,"column":77}},"448":{"start":{"line":1016,"column":4},"end":{"line":1042,"column":5}},"449":{"start":{"line":1018,"column":6},"end":{"line":1018,"column":38}},"450":{"start":{"line":1020,"column":6},"end":{"line":1022,"column":70}},"451":{"start":{"line":1023,"column":6},"end":{"line":1023,"column":35}},"452":{"start":{"line":1025,"column":6},"end":{"line":1025,"column":39}},"453":{"start":{"line":1026,"column":6},"end":{"line":1026,"column":39}},"454":{"start":{"line":1028,"column":6},"end":{"line":1028,"column":32}},"455":{"start":{"line":1029,"column":6},"end":{"line":1029,"column":32}},"456":{"start":{"line":1030,"column":6},"end":{"line":1030,"column":55}},"457":{"start":{"line":1032,"column":6},"end":{"line":1032,"column":50}},"458":{"start":{"line":1033,"column":19},"end":{"line":1033,"column":54}},"459":{"start":{"line":1034,"column":6},"end":{"line":1034,"column":28}},"460":{"start":{"line":1035,"column":6},"end":{"line":1035,"column":40}},"461":{"start":{"line":1036,"column":6},"end":{"line":1036,"column":39}},"462":{"start":{"line":1037,"column":6},"end":{"line":1037,"column":16}},"463":{"start":{"line":1039,"column":6},"end":{"line":1039,"column":47}},"464":{"start":{"line":1040,"column":6},"end":{"line":1040,"column":39}},"465":{"start":{"line":1041,"column":6},"end":{"line":1041,"column":53}},"466":{"start":{"line":1044,"column":15},"end":{"line":1044,"column":40}},"467":{"start":{"line":1045,"column":4},"end":{"line":1045,"column":29}},"468":{"start":{"line":1046,"column":4},"end":{"line":1046,"column":29}},"469":{"start":{"line":1048,"column":4},"end":{"line":1048,"column":37}},"470":{"start":{"line":1049,"column":4},"end":{"line":1049,"column":37}},"471":{"start":{"line":1050,"column":4},"end":{"line":1050,"column":37}},"472":{"start":{"line":1052,"column":4},"end":{"line":1052,"column":30}},"473":{"start":{"line":1053,"column":4},"end":{"line":1053,"column":30}},"474":{"start":{"line":1055,"column":15},"end":{"line":1055,"column":55}},"475":{"start":{"line":1056,"column":4},"end":{"line":1056,"column":25}},"476":{"start":{"line":1057,"column":4},"end":{"line":1057,"column":31}},"477":{"start":{"line":1061,"column":15},"end":{"line":1061,"column":23}},"478":{"start":{"line":1062,"column":10},"end":{"line":1062,"column":13}},"479":{"start":{"line":1063,"column":11},"end":{"line":1063,"column":15}},"480":{"start":{"line":1064,"column":11},"end":{"line":1064,"column":17}},"481":{"start":{"line":1065,"column":10},"end":{"line":1065,"column":13}},"482":{"start":{"line":1066,"column":10},"end":{"line":1066,"column":13}},"483":{"start":{"line":1067,"column":16},"end":{"line":1067,"column":25}},"484":{"start":{"line":1068,"column":23},"end":{"line":1068,"column":39}},"485":{"start":{"line":1069,"column":13},"end":{"line":1069,"column":24}},"486":{"start":{"line":1071,"column":13},"end":{"line":1071,"column":15}},"487":{"start":{"line":1072,"column":13},"end":{"line":1072,"column":15}},"488":{"start":{"line":1076,"column":4},"end":{"line":1086,"column":5}},"489":{"start":{"line":1076,"column":17},"end":{"line":1076,"column":18}},"490":{"start":{"line":1077,"column":6},"end":{"line":1077,"column":42}},"491":{"start":{"line":1077,"column":33},"end":{"line":1077,"column":42}},"492":{"start":{"line":1078,"column":6},"end":{"line":1078,"column":19}},"493":{"start":{"line":1079,"column":6},"end":{"line":1079,"column":43}},"494":{"start":{"line":1079,"column":34},"end":{"line":1079,"column":43}},"495":{"start":{"line":1080,"column":6},"end":{"line":1080,"column":51}},"496":{"start":{"line":1081,"column":6},"end":{"line":1085,"column":7}},"497":{"start":{"line":1082,"column":8},"end":{"line":1082,"column":17}},"498":{"start":{"line":1083,"column":8},"end":{"line":1083,"column":17}},"499":{"start":{"line":1084,"column":8},"end":{"line":1084,"column":18}},"500":{"start":{"line":1088,"column":4},"end":{"line":1101,"column":5}},"501":{"start":{"line":1088,"column":17},"end":{"line":1088,"column":18}},"502":{"start":{"line":1089,"column":6},"end":{"line":1089,"column":42}},"503":{"start":{"line":1089,"column":33},"end":{"line":1089,"column":42}},"504":{"start":{"line":1090,"column":6},"end":{"line":1100,"column":7}},"505":{"start":{"line":1090,"column":19},"end":{"line":1090,"column":20}},"506":{"start":{"line":1091,"column":8},"end":{"line":1091,"column":21}},"507":{"start":{"line":1092,"column":8},"end":{"line":1092,"column":45}},"508":{"start":{"line":1092,"column":36},"end":{"line":1092,"column":45}},"509":{"start":{"line":1093,"column":8},"end":{"line":1093,"column":59}},"510":{"start":{"line":1093,"column":53},"end":{"line":1093,"column":59}},"511":{"start":{"line":1094,"column":8},"end":{"line":1094,"column":53}},"512":{"start":{"line":1095,"column":8},"end":{"line":1099,"column":9}},"513":{"start":{"line":1096,"column":10},"end":{"line":1096,"column":19}},"514":{"start":{"line":1097,"column":10},"end":{"line":1097,"column":19}},"515":{"start":{"line":1098,"column":10},"end":{"line":1098,"column":20}},"516":{"start":{"line":1103,"column":4},"end":{"line":1103,"column":26}},"517":{"start":{"line":1107,"column":12},"end":{"line":1107,"column":15}},"518":{"start":{"line":1108,"column":10},"end":{"line":1108,"column":18}},"519":{"start":{"line":1109,"column":12},"end":{"line":1109,"column":13}},"520":{"start":{"line":1112,"column":23},"end":{"line":1112,"column":39}},"521":{"start":{"line":1113,"column":16},"end":{"line":1113,"column":25}},"522":{"start":{"line":1114,"column":15},"end":{"line":1114,"column":23}},"523":{"start":{"line":1115,"column":18},"end":{"line":1115,"column":29}},"524":{"start":{"line":1116,"column":15},"end":{"line":1116,"column":16}},"525":{"start":{"line":1118,"column":4},"end":{"line":1118,"column":37}},"526":{"start":{"line":1119,"column":4},"end":{"line":1126,"column":5}},"527":{"start":{"line":1119,"column":17},"end":{"line":1119,"column":18}},"528":{"start":{"line":1120,"column":6},"end":{"line":1120,"column":42}},"529":{"start":{"line":1120,"column":33},"end":{"line":1120,"column":42}},"530":{"start":{"line":1121,"column":6},"end":{"line":1121,"column":52}},"531":{"start":{"line":1122,"column":6},"end":{"line":1122,"column":43}},"532":{"start":{"line":1123,"column":6},"end":{"line":1123,"column":37}},"533":{"start":{"line":1124,"column":6},"end":{"line":1124,"column":23}},"534":{"start":{"line":1125,"column":6},"end":{"line":1125,"column":41}},"535":{"start":{"line":1127,"column":4},"end":{"line":1135,"column":5}},"536":{"start":{"line":1127,"column":17},"end":{"line":1127,"column":18}},"537":{"start":{"line":1128,"column":6},"end":{"line":1128,"column":30}},"538":{"start":{"line":1129,"column":6},"end":{"line":1129,"column":30}},"539":{"start":{"line":1130,"column":6},"end":{"line":1130,"column":42}},"540":{"start":{"line":1130,"column":33},"end":{"line":1130,"column":42}},"541":{"start":{"line":1131,"column":6},"end":{"line":1131,"column":37}},"542":{"start":{"line":1132,"column":6},"end":{"line":1132,"column":37}},"543":{"start":{"line":1133,"column":6},"end":{"line":1133,"column":33}},"544":{"start":{"line":1134,"column":6},"end":{"line":1134,"column":51}},"545":{"start":{"line":1134,"column":31},"end":{"line":1134,"column":51}},"546":{"start":{"line":1136,"column":4},"end":{"line":1136,"column":30}},"547":{"start":{"line":1137,"column":4},"end":{"line":1137,"column":32}},"548":{"start":{"line":1138,"column":4},"end":{"line":1138,"column":35}},"549":{"start":{"line":1138,"column":22},"end":{"line":1138,"column":35}},"550":{"start":{"line":1139,"column":4},"end":{"line":1139,"column":25}},"551":{"start":{"line":1140,"column":4},"end":{"line":1140,"column":39}},"552":{"start":{"line":1144,"column":12},"end":{"line":1144,"column":20}},"553":{"start":{"line":1145,"column":13},"end":{"line":1145,"column":25}},"554":{"start":{"line":1146,"column":4},"end":{"line":1154,"column":5}},"555":{"start":{"line":1146,"column":17},"end":{"line":1146,"column":18}},"556":{"start":{"line":1147,"column":16},"end":{"line":1147,"column":17}},"557":{"start":{"line":1148,"column":6},"end":{"line":1152,"column":7}},"558":{"start":{"line":1148,"column":19},"end":{"line":1148,"column":20}},"559":{"start":{"line":1149,"column":16},"end":{"line":1149,"column":35}},"560":{"start":{"line":1150,"column":8},"end":{"line":1150,"column":44}},"561":{"start":{"line":1150,"column":35},"end":{"line":1150,"column":44}},"562":{"start":{"line":1151,"column":8},"end":{"line":1151,"column":23}},"563":{"start":{"line":1153,"column":6},"end":{"line":1153,"column":20}},"564":{"start":{"line":1155,"column":4},"end":{"line":1155,"column":16}},"565":{"start":{"line":1159,"column":4},"end":{"line":1159,"column":47}},"566":{"start":{"line":1159,"column":37},"end":{"line":1159,"column":47}},"567":{"start":{"line":1160,"column":12},"end":{"line":1160,"column":25}},"568":{"start":{"line":1161,"column":20},"end":{"line":1161,"column":32}},"569":{"start":{"line":1162,"column":20},"end":{"line":1162,"column":32}},"570":{"start":{"line":1163,"column":13},"end":{"line":1163,"column":14}},"571":{"start":{"line":1164,"column":4},"end":{"line":1168,"column":5}},"572":{"start":{"line":1164,"column":17},"end":{"line":1164,"column":18}},"573":{"start":{"line":1165,"column":6},"end":{"line":1165,"column":51}},"574":{"start":{"line":1165,"column":42},"end":{"line":1165,"column":51}},"575":{"start":{"line":1166,"column":6},"end":{"line":1166,"column":24}},"576":{"start":{"line":1167,"column":6},"end":{"line":1167,"column":34}},"577":{"start":{"line":1169,"column":4},"end":{"line":1169,"column":26}},"578":{"start":{"line":1170,"column":4},"end":{"line":1170,"column":26}},"579":{"start":{"line":1171,"column":4},"end":{"line":1171,"column":52}},"580":{"start":{"line":1171,"column":29},"end":{"line":1171,"column":50}},"581":{"start":{"line":1172,"column":4},"end":{"line":1172,"column":38}},"582":{"start":{"line":1173,"column":4},"end":{"line":1175,"column":5}},"583":{"start":{"line":1173,"column":17},"end":{"line":1173,"column":18}},"584":{"start":{"line":1174,"column":6},"end":{"line":1174,"column":42}},"585":{"start":{"line":1176,"column":4},"end":{"line":1176,"column":21}},"586":{"start":{"line":1188,"column":20},"end":{"line":1188,"column":22}},"587":{"start":{"line":1189,"column":13},"end":{"line":1189,"column":25}},"588":{"start":{"line":1190,"column":15},"end":{"line":1190,"column":50}},"589":{"start":{"line":1191,"column":10},"end":{"line":1191,"column":23}},"590":{"start":{"line":1192,"column":4},"end":{"line":1218,"column":5}},"591":{"start":{"line":1192,"column":17},"end":{"line":1192,"column":18}},"592":{"start":{"line":1193,"column":18},"end":{"line":1193,"column":27}},"593":{"start":{"line":1195,"column":6},"end":{"line":1217,"column":7}},"594":{"start":{"line":1197,"column":10},"end":{"line":1197,"column":30}},"595":{"start":{"line":1198,"column":10},"end":{"line":1198,"column":31}},"596":{"start":{"line":1199,"column":10},"end":{"line":1199,"column":19}},"597":{"start":{"line":1200,"column":10},"end":{"line":1200,"column":16}},"598":{"start":{"line":1202,"column":10},"end":{"line":1202,"column":57}},"599":{"start":{"line":1203,"column":10},"end":{"line":1203,"column":19}},"600":{"start":{"line":1204,"column":10},"end":{"line":1204,"column":16}},"601":{"start":{"line":1206,"column":10},"end":{"line":1206,"column":33}},"602":{"start":{"line":1207,"column":10},"end":{"line":1207,"column":16}},"603":{"start":{"line":1209,"column":10},"end":{"line":1209,"column":16}},"604":{"start":{"line":1211,"column":18},"end":{"line":1211,"column":31}},"605":{"start":{"line":1212,"column":10},"end":{"line":1216,"column":11}},"606":{"start":{"line":1213,"column":12},"end":{"line":1213,"column":28}},"607":{"start":{"line":1214,"column":17},"end":{"line":1216,"column":11}},"608":{"start":{"line":1215,"column":12},"end":{"line":1215,"column":44}},"609":{"start":{"line":1219,"column":4},"end":{"line":1219,"column":31}},"610":{"start":{"line":1222,"column":2},"end":{"line":1222,"column":26}},"611":{"start":{"line":1223,"column":2},"end":{"line":1223,"column":32}},"612":{"start":{"line":1224,"column":2},"end":{"line":1224,"column":36}},"613":{"start":{"line":1225,"column":2},"end":{"line":1225,"column":36}},"614":{"start":{"line":1226,"column":2},"end":{"line":1226,"column":28}},"615":{"start":{"line":1228,"column":2},"end":{"line":1228,"column":64}}},"fnMap":{"0":{"name":"(anonymous_0)","decl":{"start":{"line":1,"column":1},"end":{"line":1,"column":2}},"loc":{"start":{"line":1,"column":28},"end":{"line":5,"column":1}},"line":1},"1":{"name":"(anonymous_1)","decl":{"start":{"line":5,"column":8},"end":{"line":5,"column":9}},"loc":{"start":{"line":5,"column":27},"end":{"line":1230,"column":1}},"line":5},"2":{"name":"Branch","decl":{"start":{"line":27,"column":11},"end":{"line":27,"column":17}},"loc":{"start":{"line":27,"column":34},"end":{"line":41,"column":3}},"line":27},"3":{"name":"(anonymous_3)","decl":{"start":{"line":29,"column":30},"end":{"line":29,"column":31}},"loc":{"start":{"line":29,"column":35},"end":{"line":29,"column":45}},"line":29},"4":{"name":"guid","decl":{"start":{"line":43,"column":11},"end":{"line":43,"column":15}},"loc":{"start":{"line":43,"column":19},"end":{"line":49,"column":3}},"line":43},"5":{"name":"(anonymous_5)","decl":{"start":{"line":56,"column":30},"end":{"line":56,"column":31}},"loc":{"start":{"line":56,"column":45},"end":{"line":71,"column":3}},"line":56},"6":{"name":"(anonymous_6)","decl":{"start":{"line":80,"column":31},"end":{"line":80,"column":32}},"loc":{"start":{"line":80,"column":56},"end":{"line":93,"column":3}},"line":80},"7":{"name":"(anonymous_7)","decl":{"start":{"line":89,"column":21},"end":{"line":89,"column":22}},"loc":{"start":{"line":89,"column":28},"end":{"line":89,"column":44}},"line":89},"8":{"name":"(anonymous_8)","decl":{"start":{"line":100,"column":31},"end":{"line":100,"column":32}},"loc":{"start":{"line":100,"column":42},"end":{"line":102,"column":3}},"line":100},"9":{"name":"(anonymous_9)","decl":{"start":{"line":110,"column":27},"end":{"line":110,"column":28}},"loc":{"start":{"line":110,"column":38},"end":{"line":112,"column":3}},"line":110},"10":{"name":"(anonymous_10)","decl":{"start":{"line":123,"column":26},"end":{"line":123,"column":27}},"loc":{"start":{"line":123,"column":37},"end":{"line":127,"column":3}},"line":123},"11":{"name":"(anonymous_11)","decl":{"start":{"line":133,"column":27},"end":{"line":133,"column":28}},"loc":{"start":{"line":133,"column":38},"end":{"line":135,"column":3}},"line":133},"12":{"name":"(anonymous_12)","decl":{"start":{"line":134,"column":20},"end":{"line":134,"column":21}},"loc":{"start":{"line":134,"column":26},"end":{"line":134,"column":27}},"line":134},"13":{"name":"(anonymous_13)","decl":{"start":{"line":142,"column":33},"end":{"line":142,"column":34}},"loc":{"start":{"line":142,"column":44},"end":{"line":144,"column":3}},"line":142},"14":{"name":"(anonymous_14)","decl":{"start":{"line":155,"column":29},"end":{"line":155,"column":30}},"loc":{"start":{"line":155,"column":50},"end":{"line":167,"column":3}},"line":155},"15":{"name":"(anonymous_15)","decl":{"start":{"line":176,"column":37},"end":{"line":176,"column":38}},"loc":{"start":{"line":176,"column":72},"end":{"line":179,"column":3}},"line":176},"16":{"name":"(anonymous_16)","decl":{"start":{"line":188,"column":32},"end":{"line":188,"column":33}},"loc":{"start":{"line":188,"column":49},"end":{"line":191,"column":3}},"line":188},"17":{"name":"(anonymous_17)","decl":{"start":{"line":200,"column":26},"end":{"line":200,"column":27}},"loc":{"start":{"line":200,"column":45},"end":{"line":213,"column":3}},"line":200},"18":{"name":"(anonymous_18)","decl":{"start":{"line":209,"column":25},"end":{"line":209,"column":26}},"loc":{"start":{"line":209,"column":34},"end":{"line":209,"column":50}},"line":209},"19":{"name":"(anonymous_19)","decl":{"start":{"line":222,"column":31},"end":{"line":222,"column":32}},"loc":{"start":{"line":222,"column":50},"end":{"line":226,"column":3}},"line":222},"20":{"name":"(anonymous_20)","decl":{"start":{"line":223,"column":19},"end":{"line":223,"column":20}},"loc":{"start":{"line":223,"column":28},"end":{"line":223,"column":53}},"line":223},"21":{"name":"(anonymous_21)","decl":{"start":{"line":235,"column":32},"end":{"line":235,"column":33}},"loc":{"start":{"line":235,"column":51},"end":{"line":239,"column":3}},"line":235},"22":{"name":"(anonymous_22)","decl":{"start":{"line":237,"column":19},"end":{"line":237,"column":20}},"loc":{"start":{"line":237,"column":28},"end":{"line":237,"column":54}},"line":237},"23":{"name":"(anonymous_23)","decl":{"start":{"line":246,"column":31},"end":{"line":246,"column":32}},"loc":{"start":{"line":246,"column":50},"end":{"line":249,"column":3}},"line":246},"24":{"name":"(anonymous_24)","decl":{"start":{"line":255,"column":28},"end":{"line":255,"column":29}},"loc":{"start":{"line":255,"column":39},"end":{"line":266,"column":3}},"line":255},"25":{"name":"(anonymous_25)","decl":{"start":{"line":259,"column":19},"end":{"line":259,"column":20}},"loc":{"start":{"line":259,"column":28},"end":{"line":263,"column":5}},"line":259},"26":{"name":"(anonymous_26)","decl":{"start":{"line":272,"column":34},"end":{"line":272,"column":35}},"loc":{"start":{"line":272,"column":45},"end":{"line":285,"column":3}},"line":272},"27":{"name":"(anonymous_27)","decl":{"start":{"line":276,"column":20},"end":{"line":276,"column":21}},"loc":{"start":{"line":276,"column":25},"end":{"line":280,"column":5}},"line":276},"28":{"name":"(anonymous_28)","decl":{"start":{"line":280,"column":17},"end":{"line":280,"column":18}},"loc":{"start":{"line":280,"column":22},"end":{"line":283,"column":5}},"line":280},"29":{"name":"(anonymous_29)","decl":{"start":{"line":282,"column":44},"end":{"line":282,"column":45}},"loc":{"start":{"line":282,"column":54},"end":{"line":282,"column":65}},"line":282},"30":{"name":"(anonymous_30)","decl":{"start":{"line":297,"column":35},"end":{"line":297,"column":36}},"loc":{"start":{"line":297,"column":58},"end":{"line":306,"column":3}},"line":297},"31":{"name":"(anonymous_31)","decl":{"start":{"line":298,"column":26},"end":{"line":298,"column":27}},"loc":{"start":{"line":298,"column":35},"end":{"line":304,"column":5}},"line":298},"32":{"name":"(anonymous_32)","decl":{"start":{"line":312,"column":26},"end":{"line":312,"column":27}},"loc":{"start":{"line":312,"column":37},"end":{"line":314,"column":3}},"line":312},"33":{"name":"(anonymous_33)","decl":{"start":{"line":313,"column":21},"end":{"line":313,"column":22}},"loc":{"start":{"line":313,"column":26},"end":{"line":313,"column":36}},"line":313},"34":{"name":"(anonymous_34)","decl":{"start":{"line":324,"column":34},"end":{"line":324,"column":35}},"loc":{"start":{"line":324,"column":56},"end":{"line":329,"column":3}},"line":324},"35":{"name":"(anonymous_35)","decl":{"start":{"line":338,"column":30},"end":{"line":338,"column":31}},"loc":{"start":{"line":338,"column":48},"end":{"line":341,"column":3}},"line":338},"36":{"name":"(anonymous_36)","decl":{"start":{"line":340,"column":30},"end":{"line":340,"column":31}},"loc":{"start":{"line":340,"column":35},"end":{"line":340,"column":51}},"line":340},"37":{"name":"(anonymous_37)","decl":{"start":{"line":350,"column":35},"end":{"line":350,"column":36}},"loc":{"start":{"line":350,"column":48},"end":{"line":360,"column":3}},"line":350},"38":{"name":"(anonymous_38)","decl":{"start":{"line":368,"column":36},"end":{"line":368,"column":37}},"loc":{"start":{"line":368,"column":58},"end":{"line":376,"column":3}},"line":368},"39":{"name":"(anonymous_39)","decl":{"start":{"line":371,"column":28},"end":{"line":371,"column":29}},"loc":{"start":{"line":371,"column":37},"end":{"line":373,"column":7}},"line":371},"40":{"name":"(anonymous_40)","decl":{"start":{"line":372,"column":43},"end":{"line":372,"column":44}},"loc":{"start":{"line":372,"column":48},"end":{"line":372,"column":67}},"line":372},"41":{"name":"(anonymous_41)","decl":{"start":{"line":383,"column":30},"end":{"line":383,"column":31}},"loc":{"start":{"line":383,"column":41},"end":{"line":385,"column":3}},"line":383},"42":{"name":"(anonymous_42)","decl":{"start":{"line":392,"column":31},"end":{"line":392,"column":32}},"loc":{"start":{"line":392,"column":42},"end":{"line":403,"column":3}},"line":392},"43":{"name":"(anonymous_43)","decl":{"start":{"line":397,"column":28},"end":{"line":397,"column":29}},"loc":{"start":{"line":397,"column":37},"end":{"line":399,"column":7}},"line":397},"44":{"name":"(anonymous_44)","decl":{"start":{"line":398,"column":34},"end":{"line":398,"column":35}},"loc":{"start":{"line":398,"column":39},"end":{"line":398,"column":58}},"line":398},"45":{"name":"(anonymous_45)","decl":{"start":{"line":412,"column":29},"end":{"line":412,"column":30}},"loc":{"start":{"line":412,"column":46},"end":{"line":422,"column":3}},"line":412},"46":{"name":"(anonymous_46)","decl":{"start":{"line":429,"column":29},"end":{"line":429,"column":30}},"loc":{"start":{"line":429,"column":40},"end":{"line":433,"column":3}},"line":429},"47":{"name":"(anonymous_47)","decl":{"start":{"line":440,"column":30},"end":{"line":440,"column":31}},"loc":{"start":{"line":440,"column":46},"end":{"line":449,"column":3}},"line":440},"48":{"name":"(anonymous_48)","decl":{"start":{"line":444,"column":32},"end":{"line":444,"column":33}},"loc":{"start":{"line":444,"column":37},"end":{"line":444,"column":51}},"line":444},"49":{"name":"(anonymous_49)","decl":{"start":{"line":459,"column":35},"end":{"line":459,"column":36}},"loc":{"start":{"line":459,"column":56},"end":{"line":467,"column":3}},"line":459},"50":{"name":"(anonymous_50)","decl":{"start":{"line":462,"column":30},"end":{"line":462,"column":31}},"loc":{"start":{"line":462,"column":35},"end":{"line":462,"column":51}},"line":462},"51":{"name":"(anonymous_51)","decl":{"start":{"line":464,"column":30},"end":{"line":464,"column":31}},"loc":{"start":{"line":464,"column":35},"end":{"line":464,"column":54}},"line":464},"52":{"name":"(anonymous_52)","decl":{"start":{"line":474,"column":29},"end":{"line":474,"column":30}},"loc":{"start":{"line":474,"column":44},"end":{"line":482,"column":3}},"line":474},"53":{"name":"(anonymous_53)","decl":{"start":{"line":479,"column":25},"end":{"line":479,"column":26}},"loc":{"start":{"line":479,"column":30},"end":{"line":479,"column":43}},"line":479},"54":{"name":"(anonymous_54)","decl":{"start":{"line":489,"column":28},"end":{"line":489,"column":29}},"loc":{"start":{"line":489,"column":39},"end":{"line":503,"column":3}},"line":489},"55":{"name":"(anonymous_55)","decl":{"start":{"line":513,"column":31},"end":{"line":513,"column":32}},"loc":{"start":{"line":513,"column":48},"end":{"line":517,"column":3}},"line":513},"56":{"name":"(anonymous_56)","decl":{"start":{"line":524,"column":34},"end":{"line":524,"column":35}},"loc":{"start":{"line":524,"column":45},"end":{"line":533,"column":3}},"line":524},"57":{"name":"(anonymous_57)","decl":{"start":{"line":529,"column":29},"end":{"line":529,"column":30}},"loc":{"start":{"line":529,"column":34},"end":{"line":529,"column":51}},"line":529},"58":{"name":"(anonymous_58)","decl":{"start":{"line":530,"column":33},"end":{"line":530,"column":34}},"loc":{"start":{"line":530,"column":38},"end":{"line":530,"column":54}},"line":530},"59":{"name":"(anonymous_59)","decl":{"start":{"line":541,"column":36},"end":{"line":541,"column":37}},"loc":{"start":{"line":541,"column":55},"end":{"line":545,"column":3}},"line":541},"60":{"name":"(anonymous_60)","decl":{"start":{"line":552,"column":28},"end":{"line":552,"column":29}},"loc":{"start":{"line":552,"column":39},"end":{"line":554,"column":3}},"line":552},"61":{"name":"(anonymous_61)","decl":{"start":{"line":566,"column":29},"end":{"line":566,"column":30}},"loc":{"start":{"line":566,"column":40},"end":{"line":571,"column":3}},"line":566},"62":{"name":"(anonymous_62)","decl":{"start":{"line":578,"column":28},"end":{"line":578,"column":29}},"loc":{"start":{"line":578,"column":39},"end":{"line":580,"column":3}},"line":578},"63":{"name":"(anonymous_63)","decl":{"start":{"line":588,"column":27},"end":{"line":588,"column":28}},"loc":{"start":{"line":588,"column":38},"end":{"line":590,"column":3}},"line":588},"64":{"name":"(anonymous_64)","decl":{"start":{"line":599,"column":28},"end":{"line":599,"column":29}},"loc":{"start":{"line":599,"column":39},"end":{"line":601,"column":3}},"line":599},"65":{"name":"(anonymous_65)","decl":{"start":{"line":610,"column":27},"end":{"line":610,"column":28}},"loc":{"start":{"line":610,"column":38},"end":{"line":620,"column":3}},"line":610},"66":{"name":"(anonymous_66)","decl":{"start":{"line":612,"column":14},"end":{"line":612,"column":15}},"loc":{"start":{"line":612,"column":19},"end":{"line":618,"column":5}},"line":612},"67":{"name":"(anonymous_67)","decl":{"start":{"line":631,"column":31},"end":{"line":631,"column":32}},"loc":{"start":{"line":631,"column":56},"end":{"line":642,"column":3}},"line":631},"68":{"name":"(anonymous_68)","decl":{"start":{"line":636,"column":14},"end":{"line":636,"column":15}},"loc":{"start":{"line":636,"column":19},"end":{"line":639,"column":5}},"line":636},"69":{"name":"(anonymous_69)","decl":{"start":{"line":641,"column":21},"end":{"line":641,"column":22}},"loc":{"start":{"line":641,"column":27},"end":{"line":641,"column":69}},"line":641},"70":{"name":"(anonymous_70)","decl":{"start":{"line":651,"column":26},"end":{"line":651,"column":27}},"loc":{"start":{"line":651,"column":43},"end":{"line":666,"column":3}},"line":651},"71":{"name":"(anonymous_71)","decl":{"start":{"line":674,"column":28},"end":{"line":674,"column":29}},"loc":{"start":{"line":674,"column":39},"end":{"line":678,"column":3}},"line":674},"72":{"name":"(anonymous_72)","decl":{"start":{"line":686,"column":29},"end":{"line":686,"column":30}},"loc":{"start":{"line":686,"column":51},"end":{"line":692,"column":3}},"line":686},"73":{"name":"(anonymous_73)","decl":{"start":{"line":703,"column":28},"end":{"line":703,"column":29}},"loc":{"start":{"line":703,"column":39},"end":{"line":712,"column":3}},"line":703},"74":{"name":"(anonymous_74)","decl":{"start":{"line":710,"column":31},"end":{"line":710,"column":32}},"loc":{"start":{"line":710,"column":36},"end":{"line":710,"column":46}},"line":710},"75":{"name":"(anonymous_75)","decl":{"start":{"line":718,"column":28},"end":{"line":718,"column":29}},"loc":{"start":{"line":718,"column":48},"end":{"line":722,"column":3}},"line":718},"76":{"name":"(anonymous_76)","decl":{"start":{"line":729,"column":31},"end":{"line":729,"column":32}},"loc":{"start":{"line":729,"column":48},"end":{"line":732,"column":3}},"line":729},"77":{"name":"(anonymous_77)","decl":{"start":{"line":739,"column":31},"end":{"line":739,"column":32}},"loc":{"start":{"line":739,"column":48},"end":{"line":744,"column":3}},"line":739},"78":{"name":"(anonymous_78)","decl":{"start":{"line":753,"column":30},"end":{"line":753,"column":31}},"loc":{"start":{"line":753,"column":51},"end":{"line":764,"column":3}},"line":753},"79":{"name":"(anonymous_79)","decl":{"start":{"line":755,"column":17},"end":{"line":755,"column":18}},"loc":{"start":{"line":755,"column":27},"end":{"line":762,"column":7}},"line":755},"80":{"name":"(anonymous_80)","decl":{"start":{"line":772,"column":26},"end":{"line":772,"column":27}},"loc":{"start":{"line":772,"column":47},"end":{"line":775,"column":3}},"line":772},"81":{"name":"(anonymous_81)","decl":{"start":{"line":773,"column":34},"end":{"line":773,"column":35}},"loc":{"start":{"line":773,"column":44},"end":{"line":773,"column":61}},"line":773},"82":{"name":"(anonymous_82)","decl":{"start":{"line":774,"column":27},"end":{"line":774,"column":28}},"loc":{"start":{"line":774,"column":32},"end":{"line":774,"column":59}},"line":774},"83":{"name":"(anonymous_83)","decl":{"start":{"line":784,"column":29},"end":{"line":784,"column":30}},"loc":{"start":{"line":784,"column":46},"end":{"line":787,"column":3}},"line":784},"84":{"name":"(anonymous_84)","decl":{"start":{"line":795,"column":25},"end":{"line":795,"column":26}},"loc":{"start":{"line":795,"column":41},"end":{"line":800,"column":3}},"line":795},"85":{"name":"(anonymous_85)","decl":{"start":{"line":796,"column":24},"end":{"line":796,"column":25}},"loc":{"start":{"line":796,"column":29},"end":{"line":796,"column":36}},"line":796},"86":{"name":"(anonymous_86)","decl":{"start":{"line":798,"column":6},"end":{"line":798,"column":7}},"loc":{"start":{"line":798,"column":12},"end":{"line":798,"column":76}},"line":798},"87":{"name":"(anonymous_87)","decl":{"start":{"line":798,"column":51},"end":{"line":798,"column":52}},"loc":{"start":{"line":798,"column":61},"end":{"line":798,"column":72}},"line":798},"88":{"name":"(anonymous_88)","decl":{"start":{"line":809,"column":29},"end":{"line":809,"column":30}},"loc":{"start":{"line":809,"column":46},"end":{"line":811,"column":3}},"line":809},"89":{"name":"(anonymous_89)","decl":{"start":{"line":819,"column":28},"end":{"line":819,"column":29}},"loc":{"start":{"line":819,"column":39},"end":{"line":821,"column":3}},"line":819},"90":{"name":"(anonymous_90)","decl":{"start":{"line":829,"column":30},"end":{"line":829,"column":31}},"loc":{"start":{"line":829,"column":41},"end":{"line":846,"column":3}},"line":829},"91":{"name":"(anonymous_91)","decl":{"start":{"line":844,"column":21},"end":{"line":844,"column":22}},"loc":{"start":{"line":844,"column":26},"end":{"line":844,"column":30}},"line":844},"92":{"name":"(anonymous_92)","decl":{"start":{"line":857,"column":30},"end":{"line":857,"column":31}},"loc":{"start":{"line":857,"column":52},"end":{"line":867,"column":3}},"line":857},"93":{"name":"(anonymous_93)","decl":{"start":{"line":861,"column":32},"end":{"line":861,"column":33}},"loc":{"start":{"line":861,"column":41},"end":{"line":861,"column":61}},"line":861},"94":{"name":"numberToString","decl":{"start":{"line":873,"column":11},"end":{"line":873,"column":25}},"loc":{"start":{"line":873,"column":31},"end":{"line":893,"column":3}},"line":873},"95":{"name":"(anonymous_95)","decl":{"start":{"line":904,"column":30},"end":{"line":904,"column":31}},"loc":{"start":{"line":904,"column":41},"end":{"line":912,"column":3}},"line":904},"96":{"name":"(anonymous_96)","decl":{"start":{"line":910,"column":42},"end":{"line":910,"column":43}},"loc":{"start":{"line":910,"column":47},"end":{"line":910,"column":59}},"line":910},"97":{"name":"(anonymous_97)","decl":{"start":{"line":923,"column":30},"end":{"line":923,"column":31}},"loc":{"start":{"line":923,"column":56},"end":{"line":927,"column":3}},"line":923},"98":{"name":"parseJSON","decl":{"start":{"line":942,"column":11},"end":{"line":942,"column":20}},"loc":{"start":{"line":942,"column":64},"end":{"line":957,"column":3}},"line":942},"99":{"name":"(anonymous_99)","decl":{"start":{"line":952,"column":34},"end":{"line":952,"column":35}},"loc":{"start":{"line":952,"column":43},"end":{"line":954,"column":7}},"line":952},"100":{"name":"parseMatrix","decl":{"start":{"line":969,"column":11},"end":{"line":969,"column":22}},"loc":{"start":{"line":969,"column":39},"end":{"line":1058,"column":3}},"line":969},"101":{"name":"setUpNode","decl":{"start":{"line":999,"column":13},"end":{"line":999,"column":22}},"loc":{"start":{"line":999,"column":45},"end":{"line":1009,"column":5}},"line":999},"102":{"name":"search","decl":{"start":{"line":1060,"column":11},"end":{"line":1060,"column":17}},"loc":{"start":{"line":1060,"column":21},"end":{"line":1104,"column":3}},"line":1060},"103":{"name":"recalculateDistanceMatrix","decl":{"start":{"line":1106,"column":11},"end":{"line":1106,"column":36}},"loc":{"start":{"line":1106,"column":68},"end":{"line":1141,"column":3}},"line":1106},"104":{"name":"sumRows","decl":{"start":{"line":1143,"column":11},"end":{"line":1143,"column":18}},"loc":{"start":{"line":1143,"column":22},"end":{"line":1156,"column":3}},"line":1143},"105":{"name":"sortWithIndices","decl":{"start":{"line":1158,"column":11},"end":{"line":1158,"column":26}},"loc":{"start":{"line":1158,"column":41},"end":{"line":1177,"column":3}},"line":1158},"106":{"name":"(anonymous_106)","decl":{"start":{"line":1171,"column":19},"end":{"line":1171,"column":20}},"loc":{"start":{"line":1171,"column":29},"end":{"line":1171,"column":50}},"line":1171},"107":{"name":"parseNewick","decl":{"start":{"line":1187,"column":11},"end":{"line":1187,"column":22}},"loc":{"start":{"line":1187,"column":31},"end":{"line":1220,"column":3}},"line":1187}},"branchMap":{"0":{"loc":{"start":{"line":2,"column":2},"end":{"line":4,"column":59}},"type":"cond-expr","locations":[{"start":{"line":2,"column":65},"end":{"line":2,"column":81}},{"start":{"line":3,"column":2},"end":{"line":4,"column":59}}],"line":2},"1":{"loc":{"start":{"line":2,"column":2},"end":{"line":2,"column":62}},"type":"binary-expr","locations":[{"start":{"line":2,"column":2},"end":{"line":2,"column":29}},{"start":{"line":2,"column":33},"end":{"line":2,"column":62}}],"line":2},"2":{"loc":{"start":{"line":3,"column":2},"end":{"line":4,"column":59}},"type":"cond-expr","locations":[{"start":{"line":3,"column":47},"end":{"line":3,"column":75}},{"start":{"line":4,"column":3},"end":{"line":4,"column":58}}],"line":3},"3":{"loc":{"start":{"line":3,"column":2},"end":{"line":3,"column":44}},"type":"binary-expr","locations":[{"start":{"line":3,"column":2},"end":{"line":3,"column":30}},{"start":{"line":3,"column":34},"end":{"line":3,"column":44}}],"line":3},"4":{"loc":{"start":{"line":4,"column":12},"end":{"line":4,"column":26}},"type":"binary-expr","locations":[{"start":{"line":4,"column":12},"end":{"line":4,"column":18}},{"start":{"line":4,"column":22},"end":{"line":4,"column":26}}],"line":4},"5":{"loc":{"start":{"line":28,"column":4},"end":{"line":28,"column":25}},"type":"if","locations":[{"start":{"line":28,"column":4},"end":{"line":28,"column":25}},{"start":{"line":28,"column":4},"end":{"line":28,"column":25}}],"line":28},"6":{"loc":{"start":{"line":29,"column":4},"end":{"line":29,"column":46}},"type":"if","locations":[{"start":{"line":29,"column":4},"end":{"line":29,"column":46}},{"start":{"line":29,"column":4},"end":{"line":29,"column":46}}],"line":29},"7":{"loc":{"start":{"line":32,"column":10},"end":{"line":32,"column":23}},"type":"binary-expr","locations":[{"start":{"line":32,"column":10},"end":{"line":32,"column":17}},{"start":{"line":32,"column":21},"end":{"line":32,"column":23}}],"line":32},"8":{"loc":{"start":{"line":34,"column":13},"end":{"line":34,"column":28}},"type":"binary-expr","locations":[{"start":{"line":34,"column":13},"end":{"line":34,"column":23}},{"start":{"line":34,"column":27},"end":{"line":34,"column":28}}],"line":34},"9":{"loc":{"start":{"line":35,"column":14},"end":{"line":35,"column":30}},"type":"binary-expr","locations":[{"start":{"line":35,"column":14},"end":{"line":35,"column":25}},{"start":{"line":35,"column":29},"end":{"line":35,"column":30}}],"line":35},"10":{"loc":{"start":{"line":36,"column":14},"end":{"line":36,"column":30}},"type":"binary-expr","locations":[{"start":{"line":36,"column":14},"end":{"line":36,"column":25}},{"start":{"line":36,"column":29},"end":{"line":36,"column":30}}],"line":36},"11":{"loc":{"start":{"line":37,"column":14},"end":{"line":37,"column":33}},"type":"binary-expr","locations":[{"start":{"line":37,"column":14},"end":{"line":37,"column":25}},{"start":{"line":37,"column":29},"end":{"line":37,"column":33}}],"line":37},"12":{"loc":{"start":{"line":38,"column":16},"end":{"line":38,"column":36}},"type":"binary-expr","locations":[{"start":{"line":38,"column":16},"end":{"line":38,"column":30}},{"start":{"line":38,"column":34},"end":{"line":38,"column":36}}],"line":38},"13":{"loc":{"start":{"line":39,"column":13},"end":{"line":39,"column":28}},"type":"binary-expr","locations":[{"start":{"line":39,"column":13},"end":{"line":39,"column":23}},{"start":{"line":39,"column":27},"end":{"line":39,"column":28}}],"line":39},"14":{"loc":{"start":{"line":44,"column":4},"end":{"line":48,"column":5}},"type":"if","locations":[{"start":{"line":44,"column":4},"end":{"line":48,"column":5}},{"start":{"line":44,"column":4},"end":{"line":48,"column":5}}],"line":44},"15":{"loc":{"start":{"line":58,"column":4},"end":{"line":68,"column":5}},"type":"if","locations":[{"start":{"line":58,"column":4},"end":{"line":68,"column":5}},{"start":{"line":58,"column":4},"end":{"line":68,"column":5}}],"line":58},"16":{"loc":{"start":{"line":62,"column":6},"end":{"line":62,"column":27}},"type":"if","locations":[{"start":{"line":62,"column":6},"end":{"line":62,"column":27}},{"start":{"line":62,"column":6},"end":{"line":62,"column":27}}],"line":62},"17":{"loc":{"start":{"line":81,"column":4},"end":{"line":81,"column":33}},"type":"if","locations":[{"start":{"line":81,"column":4},"end":{"line":81,"column":33}},{"start":{"line":81,"column":4},"end":{"line":81,"column":33}}],"line":81},"18":{"loc":{"start":{"line":83,"column":4},"end":{"line":88,"column":5}},"type":"if","locations":[{"start":{"line":83,"column":4},"end":{"line":88,"column":5}},{"start":{"line":83,"column":4},"end":{"line":88,"column":5}}],"line":83},"19":{"loc":{"start":{"line":86,"column":6},"end":{"line":86,"column":27}},"type":"if","locations":[{"start":{"line":86,"column":6},"end":{"line":86,"column":27}},{"start":{"line":86,"column":6},"end":{"line":86,"column":27}}],"line":86},"20":{"loc":{"start":{"line":157,"column":4},"end":{"line":158,"column":50}},"type":"if","locations":[{"start":{"line":157,"column":4},"end":{"line":158,"column":50}},{"start":{"line":157,"column":4},"end":{"line":158,"column":50}}],"line":157},"21":{"loc":{"start":{"line":159,"column":4},"end":{"line":160,"column":67}},"type":"if","locations":[{"start":{"line":159,"column":4},"end":{"line":160,"column":67}},{"start":{"line":159,"column":4},"end":{"line":160,"column":67}}],"line":159},"22":{"loc":{"start":{"line":256,"column":4},"end":{"line":258,"column":5}},"type":"if","locations":[{"start":{"line":256,"column":4},"end":{"line":258,"column":5}},{"start":{"line":256,"column":4},"end":{"line":258,"column":5}}],"line":256},"23":{"loc":{"start":{"line":256,"column":8},"end":{"line":256,"column":49}},"type":"binary-expr","locations":[{"start":{"line":256,"column":8},"end":{"line":256,"column":21}},{"start":{"line":256,"column":25},"end":{"line":256,"column":49}}],"line":256},"24":{"loc":{"start":{"line":262,"column":6},"end":{"line":262,"column":59}},"type":"if","locations":[{"start":{"line":262,"column":6},"end":{"line":262,"column":59}},{"start":{"line":262,"column":6},"end":{"line":262,"column":59}}],"line":262},"25":{"loc":{"start":{"line":277,"column":6},"end":{"line":277,"column":29}},"type":"if","locations":[{"start":{"line":277,"column":6},"end":{"line":277,"column":29}},{"start":{"line":277,"column":6},"end":{"line":277,"column":29}}],"line":277},"26":{"loc":{"start":{"line":279,"column":6},"end":{"line":279,"column":49}},"type":"if","locations":[{"start":{"line":279,"column":6},"end":{"line":279,"column":49}},{"start":{"line":279,"column":6},"end":{"line":279,"column":49}}],"line":279},"27":{"loc":{"start":{"line":299,"column":6},"end":{"line":299,"column":45}},"type":"if","locations":[{"start":{"line":299,"column":6},"end":{"line":299,"column":45}},{"start":{"line":299,"column":6},"end":{"line":299,"column":45}}],"line":299},"28":{"loc":{"start":{"line":300,"column":6},"end":{"line":300,"column":53}},"type":"if","locations":[{"start":{"line":300,"column":6},"end":{"line":300,"column":53}},{"start":{"line":300,"column":6},"end":{"line":300,"column":53}}],"line":300},"29":{"loc":{"start":{"line":301,"column":6},"end":{"line":303,"column":7}},"type":"if","locations":[{"start":{"line":301,"column":6},"end":{"line":303,"column":7}},{"start":{"line":301,"column":6},"end":{"line":303,"column":7}}],"line":301},"30":{"loc":{"start":{"line":301,"column":10},"end":{"line":301,"column":52}},"type":"binary-expr","locations":[{"start":{"line":301,"column":10},"end":{"line":301,"column":23}},{"start":{"line":301,"column":27},"end":{"line":301,"column":52}}],"line":301},"31":{"loc":{"start":{"line":325,"column":20},"end":{"line":325,"column":45}},"type":"cond-expr","locations":[{"start":{"line":325,"column":34},"end":{"line":325,"column":40}},{"start":{"line":325,"column":43},"end":{"line":325,"column":45}}],"line":325},"32":{"loc":{"start":{"line":339,"column":4},"end":{"line":339,"column":77}},"type":"if","locations":[{"start":{"line":339,"column":4},"end":{"line":339,"column":77}},{"start":{"line":339,"column":4},"end":{"line":339,"column":77}}],"line":339},"33":{"loc":{"start":{"line":351,"column":4},"end":{"line":351,"column":36}},"type":"if","locations":[{"start":{"line":351,"column":4},"end":{"line":351,"column":36}},{"start":{"line":351,"column":4},"end":{"line":351,"column":36}}],"line":351},"34":{"loc":{"start":{"line":354,"column":4},"end":{"line":359,"column":5}},"type":"if","locations":[{"start":{"line":354,"column":4},"end":{"line":359,"column":5}},{"start":{"line":354,"column":4},"end":{"line":359,"column":5}}],"line":354},"35":{"loc":{"start":{"line":357,"column":8},"end":{"line":357,"column":42}},"type":"if","locations":[{"start":{"line":357,"column":8},"end":{"line":357,"column":42}},{"start":{"line":357,"column":8},"end":{"line":357,"column":42}}],"line":357},"36":{"loc":{"start":{"line":369,"column":22},"end":{"line":369,"column":47}},"type":"cond-expr","locations":[{"start":{"line":369,"column":36},"end":{"line":369,"column":42}},{"start":{"line":369,"column":45},"end":{"line":369,"column":47}}],"line":369},"37":{"loc":{"start":{"line":370,"column":4},"end":{"line":374,"column":5}},"type":"if","locations":[{"start":{"line":370,"column":4},"end":{"line":374,"column":5}},{"start":{"line":370,"column":4},"end":{"line":374,"column":5}}],"line":370},"38":{"loc":{"start":{"line":393,"column":4},"end":{"line":401,"column":5}},"type":"if","locations":[{"start":{"line":393,"column":4},"end":{"line":401,"column":5}},{"start":{"line":393,"column":4},"end":{"line":401,"column":5}}],"line":393},"39":{"loc":{"start":{"line":415,"column":6},"end":{"line":418,"column":10}},"type":"if","locations":[{"start":{"line":415,"column":6},"end":{"line":418,"column":10}},{"start":{"line":415,"column":6},"end":{"line":418,"column":10}}],"line":415},"40":{"loc":{"start":{"line":441,"column":4},"end":{"line":445,"column":5}},"type":"if","locations":[{"start":{"line":441,"column":4},"end":{"line":445,"column":5}},{"start":{"line":441,"column":4},"end":{"line":445,"column":5}}],"line":441},"41":{"loc":{"start":{"line":443,"column":11},"end":{"line":445,"column":5}},"type":"if","locations":[{"start":{"line":443,"column":11},"end":{"line":445,"column":5}},{"start":{"line":443,"column":11},"end":{"line":445,"column":5}}],"line":443},"42":{"loc":{"start":{"line":461,"column":4},"end":{"line":465,"column":5}},"type":"if","locations":[{"start":{"line":461,"column":4},"end":{"line":465,"column":5}},{"start":{"line":461,"column":4},"end":{"line":465,"column":5}}],"line":461},"43":{"loc":{"start":{"line":463,"column":11},"end":{"line":465,"column":5}},"type":"if","locations":[{"start":{"line":463,"column":11},"end":{"line":465,"column":5}},{"start":{"line":463,"column":11},"end":{"line":465,"column":5}}],"line":463},"44":{"loc":{"start":{"line":476,"column":4},"end":{"line":480,"column":5}},"type":"if","locations":[{"start":{"line":476,"column":4},"end":{"line":480,"column":5}},{"start":{"line":476,"column":4},"end":{"line":480,"column":5}}],"line":476},"45":{"loc":{"start":{"line":478,"column":11},"end":{"line":480,"column":5}},"type":"if","locations":[{"start":{"line":478,"column":11},"end":{"line":480,"column":5}},{"start":{"line":478,"column":11},"end":{"line":480,"column":5}}],"line":478},"46":{"loc":{"start":{"line":491,"column":4},"end":{"line":501,"column":5}},"type":"if","locations":[{"start":{"line":491,"column":4},"end":{"line":501,"column":5}},{"start":{"line":491,"column":4},"end":{"line":501,"column":5}}],"line":491},"47":{"loc":{"start":{"line":514,"column":4},"end":{"line":514,"column":64}},"type":"if","locations":[{"start":{"line":514,"column":4},"end":{"line":514,"column":64}},{"start":{"line":514,"column":4},"end":{"line":514,"column":64}}],"line":514},"48":{"loc":{"start":{"line":515,"column":4},"end":{"line":515,"column":69}},"type":"if","locations":[{"start":{"line":515,"column":4},"end":{"line":515,"column":69}},{"start":{"line":515,"column":4},"end":{"line":515,"column":69}}],"line":515},"49":{"loc":{"start":{"line":525,"column":4},"end":{"line":527,"column":5}},"type":"if","locations":[{"start":{"line":525,"column":4},"end":{"line":527,"column":5}},{"start":{"line":525,"column":4},"end":{"line":527,"column":5}}],"line":525},"50":{"loc":{"start":{"line":526,"column":6},"end":{"line":526,"column":61}},"type":"if","locations":[{"start":{"line":526,"column":6},"end":{"line":526,"column":61}},{"start":{"line":526,"column":6},"end":{"line":526,"column":61}}],"line":526},"51":{"loc":{"start":{"line":528,"column":4},"end":{"line":531,"column":5}},"type":"if","locations":[{"start":{"line":528,"column":4},"end":{"line":531,"column":5}},{"start":{"line":528,"column":4},"end":{"line":531,"column":5}}],"line":528},"52":{"loc":{"start":{"line":529,"column":6},"end":{"line":529,"column":67}},"type":"if","locations":[{"start":{"line":529,"column":6},"end":{"line":529,"column":67}},{"start":{"line":529,"column":6},"end":{"line":529,"column":67}}],"line":529},"53":{"loc":{"start":{"line":542,"column":4},"end":{"line":542,"column":48}},"type":"if","locations":[{"start":{"line":542,"column":4},"end":{"line":542,"column":48}},{"start":{"line":542,"column":4},"end":{"line":542,"column":48}}],"line":542},"54":{"loc":{"start":{"line":542,"column":8},"end":{"line":542,"column":33}},"type":"binary-expr","locations":[{"start":{"line":542,"column":8},"end":{"line":542,"column":17}},{"start":{"line":542,"column":21},"end":{"line":542,"column":33}}],"line":542},"55":{"loc":{"start":{"line":543,"column":4},"end":{"line":543,"column":77}},"type":"if","locations":[{"start":{"line":543,"column":4},"end":{"line":543,"column":77}},{"start":{"line":543,"column":4},"end":{"line":543,"column":77}}],"line":543},"56":{"loc":{"start":{"line":543,"column":8},"end":{"line":543,"column":63}},"type":"binary-expr","locations":[{"start":{"line":543,"column":8},"end":{"line":543,"column":32}},{"start":{"line":543,"column":36},"end":{"line":543,"column":63}}],"line":543},"57":{"loc":{"start":{"line":613,"column":6},"end":{"line":613,"column":29}},"type":"if","locations":[{"start":{"line":613,"column":6},"end":{"line":613,"column":29}},{"start":{"line":613,"column":6},"end":{"line":613,"column":29}}],"line":613},"58":{"loc":{"start":{"line":632,"column":4},"end":{"line":632,"column":47}},"type":"if","locations":[{"start":{"line":632,"column":4},"end":{"line":632,"column":47}},{"start":{"line":632,"column":4},"end":{"line":632,"column":47}}],"line":632},"59":{"loc":{"start":{"line":633,"column":4},"end":{"line":633,"column":47}},"type":"if","locations":[{"start":{"line":633,"column":4},"end":{"line":633,"column":47}},{"start":{"line":633,"column":4},"end":{"line":633,"column":47}}],"line":633},"60":{"loc":{"start":{"line":637,"column":6},"end":{"line":637,"column":39}},"type":"if","locations":[{"start":{"line":637,"column":6},"end":{"line":637,"column":39}},{"start":{"line":637,"column":6},"end":{"line":637,"column":39}}],"line":637},"61":{"loc":{"start":{"line":638,"column":6},"end":{"line":638,"column":39}},"type":"if","locations":[{"start":{"line":638,"column":6},"end":{"line":638,"column":39}},{"start":{"line":638,"column":6},"end":{"line":638,"column":39}}],"line":638},"62":{"loc":{"start":{"line":719,"column":4},"end":{"line":719,"column":36}},"type":"if","locations":[{"start":{"line":719,"column":4},"end":{"line":719,"column":36}},{"start":{"line":719,"column":4},"end":{"line":719,"column":36}}],"line":719},"63":{"loc":{"start":{"line":740,"column":4},"end":{"line":741,"column":61}},"type":"if","locations":[{"start":{"line":740,"column":4},"end":{"line":741,"column":61}},{"start":{"line":740,"column":4},"end":{"line":741,"column":61}}],"line":740},"64":{"loc":{"start":{"line":740,"column":8},"end":{"line":740,"column":52}},"type":"binary-expr","locations":[{"start":{"line":740,"column":8},"end":{"line":740,"column":33}},{"start":{"line":740,"column":37},"end":{"line":740,"column":52}}],"line":740},"65":{"loc":{"start":{"line":756,"column":8},"end":{"line":756,"column":51}},"type":"if","locations":[{"start":{"line":756,"column":8},"end":{"line":756,"column":51}},{"start":{"line":756,"column":8},"end":{"line":756,"column":51}}],"line":756},"66":{"loc":{"start":{"line":756,"column":12},"end":{"line":756,"column":42}},"type":"binary-expr","locations":[{"start":{"line":756,"column":12},"end":{"line":756,"column":23}},{"start":{"line":756,"column":27},"end":{"line":756,"column":42}}],"line":756},"67":{"loc":{"start":{"line":757,"column":8},"end":{"line":761,"column":33}},"type":"if","locations":[{"start":{"line":757,"column":8},"end":{"line":761,"column":33}},{"start":{"line":757,"column":8},"end":{"line":761,"column":33}}],"line":757},"68":{"loc":{"start":{"line":758,"column":10},"end":{"line":759,"column":50}},"type":"binary-expr","locations":[{"start":{"line":758,"column":10},"end":{"line":758,"column":37}},{"start":{"line":759,"column":11},"end":{"line":759,"column":29}},{"start":{"line":759,"column":33},"end":{"line":759,"column":49}}],"line":758},"69":{"loc":{"start":{"line":773,"column":4},"end":{"line":773,"column":62}},"type":"if","locations":[{"start":{"line":773,"column":4},"end":{"line":773,"column":62}},{"start":{"line":773,"column":4},"end":{"line":773,"column":62}}],"line":773},"70":{"loc":{"start":{"line":796,"column":4},"end":{"line":796,"column":37}},"type":"if","locations":[{"start":{"line":796,"column":4},"end":{"line":796,"column":37}},{"start":{"line":796,"column":4},"end":{"line":796,"column":37}}],"line":796},"71":{"loc":{"start":{"line":859,"column":4},"end":{"line":862,"column":5}},"type":"if","locations":[{"start":{"line":859,"column":4},"end":{"line":862,"column":5}},{"start":{"line":859,"column":4},"end":{"line":862,"column":5}}],"line":859},"72":{"loc":{"start":{"line":864,"column":4},"end":{"line":864,"column":62}},"type":"if","locations":[{"start":{"line":864,"column":4},"end":{"line":864,"column":62}},{"start":{"line":864,"column":4},"end":{"line":864,"column":62}}],"line":864},"73":{"loc":{"start":{"line":865,"column":4},"end":{"line":865,"column":33}},"type":"if","locations":[{"start":{"line":865,"column":4},"end":{"line":865,"column":33}},{"start":{"line":865,"column":4},"end":{"line":865,"column":33}}],"line":865},"74":{"loc":{"start":{"line":875,"column":4},"end":{"line":891,"column":5}},"type":"if","locations":[{"start":{"line":875,"column":4},"end":{"line":891,"column":5}},{"start":{"line":875,"column":4},"end":{"line":891,"column":5}}],"line":875},"75":{"loc":{"start":{"line":877,"column":6},"end":{"line":883,"column":7}},"type":"if","locations":[{"start":{"line":877,"column":6},"end":{"line":883,"column":7}},{"start":{"line":877,"column":6},"end":{"line":883,"column":7}}],"line":877},"76":{"loc":{"start":{"line":879,"column":8},"end":{"line":879,"column":32}},"type":"if","locations":[{"start":{"line":879,"column":8},"end":{"line":879,"column":32}},{"start":{"line":879,"column":8},"end":{"line":879,"column":32}}],"line":879},"77":{"loc":{"start":{"line":882,"column":8},"end":{"line":882,"column":44}},"type":"if","locations":[{"start":{"line":882,"column":8},"end":{"line":882,"column":44}},{"start":{"line":882,"column":8},"end":{"line":882,"column":44}}],"line":882},"78":{"loc":{"start":{"line":886,"column":6},"end":{"line":890,"column":7}},"type":"if","locations":[{"start":{"line":886,"column":6},"end":{"line":890,"column":7}},{"start":{"line":886,"column":6},"end":{"line":890,"column":7}}],"line":886},"79":{"loc":{"start":{"line":909,"column":4},"end":{"line":910,"column":61}},"type":"if","locations":[{"start":{"line":909,"column":4},"end":{"line":910,"column":61}},{"start":{"line":909,"column":4},"end":{"line":910,"column":61}}],"line":909},"80":{"loc":{"start":{"line":924,"column":4},"end":{"line":924,"column":35}},"type":"if","locations":[{"start":{"line":924,"column":4},"end":{"line":924,"column":35}},{"start":{"line":924,"column":4},"end":{"line":924,"column":35}}],"line":924},"81":{"loc":{"start":{"line":925,"column":4},"end":{"line":925,"column":26}},"type":"if","locations":[{"start":{"line":925,"column":4},"end":{"line":925,"column":26}},{"start":{"line":925,"column":4},"end":{"line":925,"column":26}}],"line":925},"82":{"loc":{"start":{"line":943,"column":4},"end":{"line":943,"column":33}},"type":"if","locations":[{"start":{"line":943,"column":4},"end":{"line":943,"column":33}},{"start":{"line":943,"column":4},"end":{"line":943,"column":33}}],"line":943},"83":{"loc":{"start":{"line":944,"column":4},"end":{"line":944,"column":45}},"type":"if","locations":[{"start":{"line":944,"column":4},"end":{"line":944,"column":45}},{"start":{"line":944,"column":4},"end":{"line":944,"column":45}}],"line":944},"84":{"loc":{"start":{"line":945,"column":4},"end":{"line":945,"column":51}},"type":"if","locations":[{"start":{"line":945,"column":4},"end":{"line":945,"column":51}},{"start":{"line":945,"column":4},"end":{"line":945,"column":51}}],"line":945},"85":{"loc":{"start":{"line":946,"column":4},"end":{"line":946,"column":58}},"type":"if","locations":[{"start":{"line":946,"column":4},"end":{"line":946,"column":58}},{"start":{"line":946,"column":4},"end":{"line":946,"column":58}}],"line":946},"86":{"loc":{"start":{"line":951,"column":4},"end":{"line":955,"column":5}},"type":"if","locations":[{"start":{"line":951,"column":4},"end":{"line":955,"column":5}},{"start":{"line":951,"column":4},"end":{"line":955,"column":5}}],"line":951},"87":{"loc":{"start":{"line":972,"column":4},"end":{"line":972,"column":47}},"type":"if","locations":[{"start":{"line":972,"column":4},"end":{"line":972,"column":47}},{"start":{"line":972,"column":4},"end":{"line":972,"column":47}}],"line":972},"88":{"loc":{"start":{"line":1001,"column":6},"end":{"line":1007,"column":7}},"type":"if","locations":[{"start":{"line":1001,"column":6},"end":{"line":1007,"column":7}},{"start":{"line":1001,"column":6},"end":{"line":1007,"column":7}}],"line":1001},"89":{"loc":{"start":{"line":1013,"column":6},"end":{"line":1013,"column":77}},"type":"if","locations":[{"start":{"line":1013,"column":6},"end":{"line":1013,"column":77}},{"start":{"line":1013,"column":6},"end":{"line":1013,"column":77}}],"line":1013},"90":{"loc":{"start":{"line":1077,"column":6},"end":{"line":1077,"column":42}},"type":"if","locations":[{"start":{"line":1077,"column":6},"end":{"line":1077,"column":42}},{"start":{"line":1077,"column":6},"end":{"line":1077,"column":42}}],"line":1077},"91":{"loc":{"start":{"line":1079,"column":6},"end":{"line":1079,"column":43}},"type":"if","locations":[{"start":{"line":1079,"column":6},"end":{"line":1079,"column":43}},{"start":{"line":1079,"column":6},"end":{"line":1079,"column":43}}],"line":1079},"92":{"loc":{"start":{"line":1081,"column":6},"end":{"line":1085,"column":7}},"type":"if","locations":[{"start":{"line":1081,"column":6},"end":{"line":1085,"column":7}},{"start":{"line":1081,"column":6},"end":{"line":1085,"column":7}}],"line":1081},"93":{"loc":{"start":{"line":1089,"column":6},"end":{"line":1089,"column":42}},"type":"if","locations":[{"start":{"line":1089,"column":6},"end":{"line":1089,"column":42}},{"start":{"line":1089,"column":6},"end":{"line":1089,"column":42}}],"line":1089},"94":{"loc":{"start":{"line":1092,"column":8},"end":{"line":1092,"column":45}},"type":"if","locations":[{"start":{"line":1092,"column":8},"end":{"line":1092,"column":45}},{"start":{"line":1092,"column":8},"end":{"line":1092,"column":45}}],"line":1092},"95":{"loc":{"start":{"line":1093,"column":8},"end":{"line":1093,"column":59}},"type":"if","locations":[{"start":{"line":1093,"column":8},"end":{"line":1093,"column":59}},{"start":{"line":1093,"column":8},"end":{"line":1093,"column":59}}],"line":1093},"96":{"loc":{"start":{"line":1095,"column":8},"end":{"line":1099,"column":9}},"type":"if","locations":[{"start":{"line":1095,"column":8},"end":{"line":1099,"column":9}},{"start":{"line":1095,"column":8},"end":{"line":1099,"column":9}}],"line":1095},"97":{"loc":{"start":{"line":1120,"column":6},"end":{"line":1120,"column":42}},"type":"if","locations":[{"start":{"line":1120,"column":6},"end":{"line":1120,"column":42}},{"start":{"line":1120,"column":6},"end":{"line":1120,"column":42}}],"line":1120},"98":{"loc":{"start":{"line":1130,"column":6},"end":{"line":1130,"column":42}},"type":"if","locations":[{"start":{"line":1130,"column":6},"end":{"line":1130,"column":42}},{"start":{"line":1130,"column":6},"end":{"line":1130,"column":42}}],"line":1130},"99":{"loc":{"start":{"line":1134,"column":6},"end":{"line":1134,"column":51}},"type":"if","locations":[{"start":{"line":1134,"column":6},"end":{"line":1134,"column":51}},{"start":{"line":1134,"column":6},"end":{"line":1134,"column":51}}],"line":1134},"100":{"loc":{"start":{"line":1138,"column":4},"end":{"line":1138,"column":35}},"type":"if","locations":[{"start":{"line":1138,"column":4},"end":{"line":1138,"column":35}},{"start":{"line":1138,"column":4},"end":{"line":1138,"column":35}}],"line":1138},"101":{"loc":{"start":{"line":1150,"column":8},"end":{"line":1150,"column":44}},"type":"if","locations":[{"start":{"line":1150,"column":8},"end":{"line":1150,"column":44}},{"start":{"line":1150,"column":8},"end":{"line":1150,"column":44}}],"line":1150},"102":{"loc":{"start":{"line":1159,"column":4},"end":{"line":1159,"column":47}},"type":"if","locations":[{"start":{"line":1159,"column":4},"end":{"line":1159,"column":47}},{"start":{"line":1159,"column":4},"end":{"line":1159,"column":47}}],"line":1159},"103":{"loc":{"start":{"line":1165,"column":6},"end":{"line":1165,"column":51}},"type":"if","locations":[{"start":{"line":1165,"column":6},"end":{"line":1165,"column":51}},{"start":{"line":1165,"column":6},"end":{"line":1165,"column":51}}],"line":1165},"104":{"loc":{"start":{"line":1165,"column":10},"end":{"line":1165,"column":40}},"type":"binary-expr","locations":[{"start":{"line":1165,"column":10},"end":{"line":1165,"column":26}},{"start":{"line":1165,"column":30},"end":{"line":1165,"column":40}}],"line":1165},"105":{"loc":{"start":{"line":1195,"column":6},"end":{"line":1217,"column":7}},"type":"switch","locations":[{"start":{"line":1196,"column":8},"end":{"line":1200,"column":16}},{"start":{"line":1201,"column":8},"end":{"line":1204,"column":16}},{"start":{"line":1205,"column":8},"end":{"line":1207,"column":16}},{"start":{"line":1208,"column":8},"end":{"line":1209,"column":16}},{"start":{"line":1210,"column":8},"end":{"line":1216,"column":11}}],"line":1195},"106":{"loc":{"start":{"line":1212,"column":10},"end":{"line":1216,"column":11}},"type":"if","locations":[{"start":{"line":1212,"column":10},"end":{"line":1216,"column":11}},{"start":{"line":1212,"column":10},"end":{"line":1216,"column":11}}],"line":1212},"107":{"loc":{"start":{"line":1212,"column":14},"end":{"line":1212,"column":46}},"type":"binary-expr","locations":[{"start":{"line":1212,"column":14},"end":{"line":1212,"column":22}},{"start":{"line":1212,"column":26},"end":{"line":1212,"column":34}},{"start":{"line":1212,"column":38},"end":{"line":1212,"column":46}}],"line":1212},"108":{"loc":{"start":{"line":1214,"column":17},"end":{"line":1216,"column":11}},"type":"if","locations":[{"start":{"line":1214,"column":17},"end":{"line":1216,"column":11}},{"start":{"line":1214,"column":17},"end":{"line":1216,"column":11}}],"line":1214}},"s":{"0":2,"1":2,"2":2,"3":83,"4":7,"5":83,"6":83,"7":83,"8":83,"9":2656,"10":2573,"11":83,"12":2,"13":73,"14":10,"15":10,"16":63,"17":62,"18":63,"19":73,"20":73,"21":2,"22":1,"23":1,"24":1,"25":0,"26":1,"27":0,"28":1,"29":1,"30":0,"31":1,"32":1,"33":1,"34":2,"35":1,"36":2,"37":0,"38":2,"39":2,"40":2,"41":2,"42":2,"43":0,"44":0,"45":2,"46":0,"47":2,"48":6,"49":6,"50":0,"51":6,"52":0,"53":6,"54":6,"55":24,"56":24,"57":6,"58":2,"59":3,"60":3,"61":2,"62":0,"63":0,"64":2,"65":0,"66":0,"67":0,"68":0,"69":0,"70":0,"71":0,"72":0,"73":0,"74":0,"75":2,"76":194,"77":167,"78":194,"79":194,"80":2,"81":183,"82":183,"83":158,"84":183,"85":2,"86":379,"87":379,"88":2,"89":2,"90":0,"91":2,"92":1,"93":1,"94":1,"95":1,"96":2,"97":2,"98":2,"99":25,"100":25,"101":25,"102":25,"103":183,"104":25,"105":158,"106":158,"107":58,"108":183,"109":183,"110":158,"111":25,"112":2,"113":0,"114":0,"115":0,"116":0,"117":0,"118":0,"119":0,"120":0,"121":2,"122":0,"123":0,"124":2,"125":1,"126":1,"127":1,"128":2,"129":1,"130":2,"131":0,"132":0,"133":0,"134":0,"135":2,"136":112,"137":8,"138":104,"139":104,"140":104,"141":104,"142":104,"143":103,"144":103,"145":28,"146":2,"147":178,"148":178,"149":87,"150":163,"151":690,"152":178,"153":2,"154":0,"155":2,"156":0,"157":0,"158":0,"159":0,"160":0,"161":0,"162":0,"163":0,"164":2,"165":3,"166":3,"167":12,"168":0,"169":12,"170":3,"171":2,"172":28,"173":28,"174":4,"175":28,"176":2,"177":0,"178":0,"179":0,"180":0,"181":0,"182":0,"183":2,"184":15,"185":15,"186":15,"187":129,"188":0,"189":0,"190":0,"191":0,"192":2,"193":0,"194":0,"195":0,"196":0,"197":0,"198":0,"199":0,"200":2,"201":14,"202":14,"203":14,"204":14,"205":14,"206":14,"207":14,"208":14,"209":14,"210":0,"211":14,"212":2,"213":0,"214":0,"215":0,"216":0,"217":0,"218":2,"219":7,"220":5,"221":0,"222":7,"223":3,"224":6,"225":1,"226":2,"227":5,"228":4,"229":2,"230":0,"231":0,"232":0,"233":0,"234":0,"235":2,"236":201,"237":2,"238":0,"239":0,"240":0,"241":0,"242":2,"243":256,"244":2,"245":0,"246":2,"247":0,"248":2,"249":0,"250":0,"251":0,"252":0,"253":0,"254":0,"255":2,"256":0,"257":0,"258":0,"259":0,"260":0,"261":0,"262":0,"263":0,"264":0,"265":0,"266":0,"267":0,"268":0,"269":0,"270":2,"271":0,"272":0,"273":0,"274":0,"275":0,"276":0,"277":0,"278":0,"279":0,"280":0,"281":0,"282":0,"283":2,"284":0,"285":0,"286":0,"287":2,"288":0,"289":0,"290":0,"291":0,"292":0,"293":2,"294":2,"295":2,"296":2,"297":14,"298":14,"299":2,"300":14,"301":2,"302":2,"303":0,"304":0,"305":0,"306":0,"307":2,"308":0,"309":0,"310":2,"311":0,"312":0,"313":0,"314":0,"315":2,"316":2,"317":11,"318":4,"319":7,"320":2,"321":2,"322":0,"323":0,"324":0,"325":0,"326":0,"327":2,"328":0,"329":0,"330":2,"331":0,"332":0,"333":0,"334":0,"335":0,"336":0,"337":2,"338":0,"339":2,"340":6,"341":2,"342":0,"343":0,"344":0,"345":0,"346":0,"347":0,"348":0,"349":0,"350":0,"351":0,"352":0,"353":0,"354":0,"355":0,"356":2,"357":16,"358":16,"359":5,"360":13,"361":16,"362":16,"363":12,"364":16,"365":3,"366":16,"367":12,"368":12,"369":12,"370":12,"371":0,"372":0,"373":0,"374":0,"375":0,"376":0,"377":0,"378":0,"379":0,"380":0,"381":0,"382":0,"383":12,"384":2,"385":44,"386":44,"387":15,"388":37,"389":44,"390":2,"391":0,"392":0,"393":0,"394":0,"395":0,"396":12,"397":12,"398":12,"399":12,"400":12,"401":12,"402":12,"403":2,"404":12,"405":12,"406":4,"407":10,"408":12,"409":0,"410":0,"411":0,"412":0,"413":0,"414":0,"415":0,"416":0,"417":0,"418":0,"419":0,"420":0,"421":0,"422":0,"423":0,"424":0,"425":0,"426":0,"427":0,"428":0,"429":0,"430":0,"431":0,"432":0,"433":0,"434":0,"435":0,"436":0,"437":0,"438":0,"439":0,"440":0,"441":0,"442":0,"443":0,"444":0,"445":0,"446":0,"447":0,"448":0,"449":0,"450":0,"451":0,"452":0,"453":0,"454":0,"455":0,"456":0,"457":0,"458":0,"459":0,"460":0,"461":0,"462":0,"463":0,"464":0,"465":0,"466":0,"467":0,"468":0,"469":0,"470":0,"471":0,"472":0,"473":0,"474":0,"475":0,"476":0,"477":0,"478":0,"479":0,"480":0,"481":0,"482":0,"483":0,"484":0,"485":0,"486":0,"487":0,"488":0,"489":0,"490":0,"491":0,"492":0,"493":0,"494":0,"495":0,"496":0,"497":0,"498":0,"499":0,"500":0,"501":0,"502":0,"503":0,"504":0,"505":0,"506":0,"507":0,"508":0,"509":0,"510":0,"511":0,"512":0,"513":0,"514":0,"515":0,"516":0,"517":0,"518":0,"519":0,"520":0,"521":0,"522":0,"523":0,"524":0,"525":0,"526":0,"527":0,"528":0,"529":0,"530":0,"531":0,"532":0,"533":0,"534":0,"535":0,"536":0,"537":0,"538":0,"539":0,"540":0,"541":0,"542":0,"543":0,"544":0,"545":0,"546":0,"547":0,"548":0,"549":0,"550":0,"551":0,"552":0,"553":0,"554":0,"555":0,"556":0,"557":0,"558":0,"559":0,"560":0,"561":0,"562":0,"563":0,"564":0,"565":0,"566":0,"567":0,"568":0,"569":0,"570":0,"571":0,"572":0,"573":0,"574":0,"575":0,"576":0,"577":0,"578":0,"579":0,"580":0,"581":0,"582":0,"583":0,"584":0,"585":0,"586":7,"587":7,"588":7,"589":7,"590":7,"591":7,"592":293,"593":293,"594":28,"595":28,"596":28,"597":28,"598":34,"599":34,"600":34,"601":28,"602":28,"603":46,"604":157,"605":157,"606":90,"607":67,"608":46,"609":7,"610":2,"611":2,"612":2,"613":2,"614":2,"615":2},"f":{"0":2,"1":2,"2":83,"3":83,"4":2656,"5":73,"6":1,"7":0,"8":1,"9":0,"10":2,"11":0,"12":0,"13":0,"14":6,"15":3,"16":0,"17":0,"18":0,"19":194,"20":167,"21":183,"22":158,"23":379,"24":2,"25":1,"26":25,"27":183,"28":183,"29":158,"30":0,"31":0,"32":0,"33":0,"34":1,"35":0,"36":0,"37":112,"38":178,"39":163,"40":690,"41":0,"42":0,"43":0,"44":0,"45":3,"46":28,"47":0,"48":0,"49":15,"50":129,"51":0,"52":0,"53":0,"54":14,"55":0,"56":7,"57":6,"58":5,"59":0,"60":201,"61":0,"62":256,"63":0,"64":0,"65":0,"66":0,"67":0,"68":0,"69":0,"70":0,"71":0,"72":0,"73":2,"74":14,"75":0,"76":0,"77":0,"78":2,"79":11,"80":0,"81":0,"82":0,"83":0,"84":0,"85":0,"86":0,"87":0,"88":0,"89":6,"90":0,"91":0,"92":16,"93":13,"94":12,"95":44,"96":37,"97":0,"98":12,"99":10,"100":0,"101":0,"102":0,"103":0,"104":0,"105":0,"106":0,"107":7},"b":{"0":[2,0],"1":[2,2],"2":[0,0],"3":[0,0],"4":[0,0],"5":[7,76],"6":[83,0],"7":[83,73],"8":[83,83],"9":[83,83],"10":[83,75],"11":[83,20],"12":[83,83],"13":[83,83],"14":[2573,83],"15":[10,63],"16":[62,1],"17":[1,0],"18":[0,1],"19":[0,1],"20":[0,6],"21":[0,6],"22":[0,2],"23":[2,0],"24":[1,0],"25":[25,158],"26":[58,100],"27":[0,0],"28":[0,0],"29":[0,0],"30":[0,0],"31":[1,0],"32":[0,0],"33":[8,104],"34":[104,0],"35":[28,75],"36":[163,15],"37":[87,91],"38":[0,0],"39":[0,12],"40":[0,0],"41":[0,0],"42":[15,0],"43":[0,0],"44":[0,0],"45":[0,0],"46":[14,0],"47":[0,0],"48":[0,0],"49":[5,2],"50":[0,5],"51":[3,4],"52":[1,2],"53":[0,0],"54":[0,0],"55":[0,0],"56":[0,0],"57":[0,0],"58":[0,0],"59":[0,0],"60":[0,0],"61":[0,0],"62":[0,0],"63":[0,0],"64":[0,0],"65":[4,7],"66":[11,6],"67":[2,5],"68":[7,6,3],"69":[0,0],"70":[0,0],"71":[5,11],"72":[12,4],"73":[3,13],"74":[12,0],"75":[0,12],"76":[0,0],"77":[0,0],"78":[0,0],"79":[15,29],"80":[0,0],"81":[0,0],"82":[12,0],"83":[12,0],"84":[12,0],"85":[2,10],"86":[4,8],"87":[0,0],"88":[0,0],"89":[0,0],"90":[0,0],"91":[0,0],"92":[0,0],"93":[0,0],"94":[0,0],"95":[0,0],"96":[0,0],"97":[0,0],"98":[0,0],"99":[0,0],"100":[0,0],"101":[0,0],"102":[0,0],"103":[0,0],"104":[0,0],"105":[28,34,28,46,157],"106":[90,67],"107":[157,129,101],"108":[46,21]},"_coverageSchema":"43e27e138ebf9cfc5966b082cf9a028302ed4184","hash":"29e956bcc9d2ee48e19e6b97d06215d8dcc695ce"}
}
