TN:
SF:dist/patristic.js
FN:1,(anonymous_0)
FN:5,(anonymous_1)
FN:27,Branch
FN:29,(anonymous_3)
FN:44,guid
FN:45,(anonymous_5)
FN:55,(anonymous_6)
FN:79,(anonymous_7)
FN:88,(anonymous_8)
FN:99,(anonymous_9)
FN:109,(anonymous_10)
FN:117,(anonymous_11)
FN:118,(anonymous_12)
FN:138,(anonymous_13)
FN:148,(anonymous_14)
FN:149,(anonymous_15)
FN:157,(anonymous_16)
FN:170,(anonymous_17)
FN:191,(anonymous_18)
FN:203,(anonymous_19)
FN:215,(anonymous_20)
FN:224,(anonymous_21)
FN:237,(anonymous_22)
FN:238,(anonymous_23)
FN:250,(anonymous_24)
FN:252,(anonymous_25)
FN:261,(anonymous_26)
FN:270,(anonymous_27)
FN:274,(anonymous_28)
FN:288,(anonymous_29)
FN:292,(anonymous_30)
FN:296,(anonymous_31)
FN:298,(anonymous_32)
FN:313,(anonymous_33)
FN:314,(anonymous_34)
FN:328,(anonymous_35)
FN:329,(anonymous_36)
FN:340,(anonymous_37)
FN:354,(anonymous_38)
FN:356,(anonymous_39)
FN:366,(anonymous_40)
FN:384,(anonymous_41)
FN:387,(anonymous_42)
FN:388,(anonymous_43)
FN:399,(anonymous_44)
FN:408,(anonymous_45)
FN:413,(anonymous_46)
FN:414,(anonymous_47)
FN:427,(anonymous_48)
FN:444,(anonymous_49)
FN:455,(anonymous_50)
FN:459,(anonymous_51)
FN:474,(anonymous_52)
FN:477,(anonymous_53)
FN:479,(anonymous_54)
FN:489,(anonymous_55)
FN:494,(anonymous_56)
FN:504,(anonymous_57)
FN:528,(anonymous_58)
FN:539,(anonymous_59)
FN:544,(anonymous_60)
FN:545,(anonymous_61)
FN:556,(anonymous_62)
FN:567,(anonymous_63)
FN:581,(anonymous_64)
FN:593,(anonymous_65)
FN:603,(anonymous_66)
FN:614,(anonymous_67)
FN:625,(anonymous_68)
FN:627,(anonymous_69)
FN:646,(anonymous_70)
FN:651,(anonymous_71)
FN:656,(anonymous_72)
FN:666,(anonymous_73)
FN:690,(anonymous_74)
FN:706,(anonymous_75)
FN:725,(anonymous_76)
FN:742,(anonymous_77)
FN:749,(anonymous_78)
FN:757,(anonymous_79)
FN:768,(anonymous_80)
FN:778,(anonymous_81)
FN:790,(anonymous_82)
FN:791,(anonymous_83)
FN:811,(anonymous_84)
FN:812,(anonymous_85)
FN:813,(anonymous_86)
FN:823,(anonymous_87)
FN:834,(anonymous_88)
FN:835,(anonymous_89)
FN:837,(anonymous_90)
FN:837,(anonymous_91)
FN:848,(anonymous_92)
FN:858,(anonymous_93)
FN:868,(anonymous_94)
FN:883,(anonymous_95)
FN:896,(anonymous_96)
FN:900,(anonymous_97)
FN:912,numberToString
FN:943,(anonymous_99)
FN:949,(anonymous_100)
FN:962,(anonymous_101)
FN:981,parseJSON
FN:991,(anonymous_103)
FN:1008,parseMatrix
FN:1038,setUpNode
FN:1099,search
FN:1145,recalculateDistanceMatrix
FN:1182,sumRows
FN:1197,sortWithIndices
FN:1210,(anonymous_110)
FN:1226,parseNewick
FNF:112
FNH:109
FNDA:2,(anonymous_0)
FNDA:2,(anonymous_1)
FNDA:182,Branch
FNDA:177,(anonymous_3)
FNDA:182,guid
FNDA:5642,(anonymous_5)
FNDA:126,(anonymous_6)
FNDA:2,(anonymous_7)
FNDA:1,(anonymous_8)
FNDA:2,(anonymous_9)
FNDA:18,(anonymous_10)
FNDA:1,(anonymous_11)
FNDA:8,(anonymous_12)
FNDA:1,(anonymous_13)
FNDA:1,(anonymous_14)
FNDA:6,(anonymous_15)
FNDA:1,(anonymous_16)
FNDA:36,(anonymous_17)
FNDA:1,(anonymous_18)
FNDA:15,(anonymous_19)
FNDA:5,(anonymous_20)
FNDA:25,(anonymous_21)
FNDA:356,(anonymous_22)
FNDA:219,(anonymous_23)
FNDA:339,(anonymous_24)
FNDA:205,(anonymous_25)
FNDA:730,(anonymous_26)
FNDA:5,(anonymous_27)
FNDA:3,(anonymous_28)
FNDA:132,(anonymous_29)
FNDA:327,(anonymous_30)
FNDA:327,(anonymous_31)
FNDA:195,(anonymous_32)
FNDA:13,(anonymous_33)
FNDA:31,(anonymous_34)
FNDA:1,(anonymous_35)
FNDA:6,(anonymous_36)
FNDA:3,(anonymous_37)
FNDA:3,(anonymous_38)
FNDA:7,(anonymous_39)
FNDA:24,(anonymous_40)
FNDA:169,(anonymous_41)
FNDA:122,(anonymous_42)
FNDA:176,(anonymous_43)
FNDA:1,(anonymous_44)
FNDA:113,(anonymous_45)
FNDA:94,(anonymous_46)
FNDA:115,(anonymous_47)
FNDA:19,(anonymous_48)
FNDA:135,(anonymous_49)
FNDA:4,(anonymous_50)
FNDA:4,(anonymous_51)
FNDA:45,(anonymous_52)
FNDA:66,(anonymous_53)
FNDA:10,(anonymous_54)
FNDA:5,(anonymous_55)
FNDA:6,(anonymous_56)
FNDA:3,(anonymous_57)
FNDA:2,(anonymous_58)
FNDA:13,(anonymous_59)
FNDA:11,(anonymous_60)
FNDA:10,(anonymous_61)
FNDA:3,(anonymous_62)
FNDA:329,(anonymous_63)
FNDA:2,(anonymous_64)
FNDA:529,(anonymous_65)
FNDA:1,(anonymous_66)
FNDA:1,(anonymous_67)
FNDA:1,(anonymous_68)
FNDA:6,(anonymous_69)
FNDA:1,(anonymous_70)
FNDA:6,(anonymous_71)
FNDA:6,(anonymous_72)
FNDA:1,(anonymous_73)
FNDA:1,(anonymous_74)
FNDA:1,(anonymous_75)
FNDA:1,(anonymous_76)
FNDA:1,(anonymous_77)
FNDA:2,(anonymous_78)
FNDA:7,(anonymous_79)
FNDA:5,(anonymous_80)
FNDA:3,(anonymous_81)
FNDA:1,(anonymous_82)
FNDA:2,(anonymous_83)
FNDA:1,(anonymous_84)
FNDA:0,(anonymous_85)
FNDA:6,(anonymous_86)
FNDA:1,(anonymous_87)
FNDA:2,(anonymous_88)
FNDA:0,(anonymous_89)
FNDA:12,(anonymous_90)
FNDA:10,(anonymous_91)
FNDA:0,(anonymous_92)
FNDA:21,(anonymous_93)
FNDA:4,(anonymous_94)
FNDA:8,(anonymous_95)
FNDA:32,(anonymous_96)
FNDA:27,(anonymous_97)
FNDA:25,numberToString
FNDA:198,(anonymous_99)
FNDA:157,(anonymous_100)
FNDA:2,(anonymous_101)
FNDA:121,parseJSON
FNDA:102,(anonymous_103)
FNDA:3,parseMatrix
FNDA:14,setUpNode
FNDA:4,search
FNDA:4,recalculateDistanceMatrix
FNDA:3,sumRows
FNDA:14,sortWithIndices
FNDA:15,(anonymous_110)
FNDA:4,parseNewick
DA:1,2
DA:2,2
DA:14,2
DA:28,182
DA:29,182
DA:30,182
DA:45,182
DA:46,5642
DA:55,2
DA:57,126
DA:58,106
DA:59,106
DA:61,20
DA:62,20
DA:68,126
DA:69,126
DA:79,2
DA:80,2
DA:82,2
DA:83,2
DA:85,0
DA:86,0
DA:88,2
DA:89,2
DA:90,2
DA:91,2
DA:99,2
DA:100,2
DA:109,2
DA:110,18
DA:117,2
DA:118,1
DA:119,8
DA:120,2
DA:121,1
DA:123,1
DA:125,2
DA:138,2
DA:139,1
DA:140,1
DA:141,1
DA:148,2
DA:149,6
DA:157,2
DA:158,1
DA:170,2
DA:171,36
DA:172,36
DA:173,1
DA:174,36
DA:175,0
DA:176,36
DA:177,36
DA:178,56
DA:179,54
DA:181,34
DA:191,2
DA:192,1
DA:193,1
DA:203,2
DA:204,15
DA:205,15
DA:215,2
DA:216,5
DA:217,5
DA:219,5
DA:220,15
DA:221,15
DA:222,15
DA:223,30
DA:224,30
DA:227,5
DA:237,2
DA:238,356
DA:239,355
DA:240,354
DA:250,2
DA:251,339
DA:252,339
DA:253,339
DA:261,2
DA:262,730
DA:263,729
DA:270,2
DA:271,5
DA:272,1
DA:274,4
DA:275,3
DA:276,3
DA:277,3
DA:279,4
DA:280,3
DA:281,3
DA:288,2
DA:289,132
DA:290,132
DA:291,132
DA:292,132
DA:293,327
DA:294,195
DA:295,195
DA:297,327
DA:298,327
DA:300,132
DA:313,2
DA:314,13
DA:315,31
DA:316,31
DA:317,31
DA:318,6
DA:321,13
DA:328,2
DA:329,6
DA:340,2
DA:341,3
DA:342,3
DA:343,6
DA:344,3
DA:354,2
DA:355,3
DA:356,7
DA:366,2
DA:367,24
DA:368,21
DA:369,21
DA:370,21
DA:371,21
DA:372,20
DA:373,20
DA:384,2
DA:385,169
DA:386,169
DA:387,52
DA:388,176
DA:391,169
DA:399,2
DA:400,1
DA:408,2
DA:409,113
DA:410,76
DA:412,37
DA:413,37
DA:414,115
DA:416,37
DA:427,2
DA:428,19
DA:429,19
DA:430,23
DA:431,0
DA:434,23
DA:436,19
DA:444,2
DA:445,135
DA:446,135
DA:447,135
DA:455,2
DA:456,4
DA:457,1
DA:458,3
DA:459,4
DA:461,1
DA:474,2
DA:475,45
DA:476,45
DA:477,66
DA:478,2
DA:479,10
DA:481,0
DA:489,2
DA:490,5
DA:491,5
DA:492,2
DA:493,3
DA:494,6
DA:496,1
DA:504,2
DA:505,3
DA:506,3
DA:507,2
DA:508,2
DA:509,2
DA:510,2
DA:511,2
DA:512,2
DA:513,2
DA:515,1
DA:517,2
DA:528,2
DA:529,2
DA:530,0
DA:531,0
DA:539,2
DA:540,13
DA:541,10
DA:543,13
DA:544,11
DA:545,10
DA:547,8
DA:556,2
DA:557,3
DA:558,2
DA:559,1
DA:567,2
DA:568,329
DA:581,2
DA:582,2
DA:583,2
DA:584,2
DA:585,2
DA:593,2
DA:594,529
DA:603,2
DA:604,1
DA:614,2
DA:615,1
DA:625,2
DA:626,1
DA:627,1
DA:628,6
DA:629,5
DA:634,1
DA:646,2
DA:647,1
DA:648,1
DA:649,1
DA:650,1
DA:651,1
DA:652,6
DA:653,6
DA:655,1
DA:656,6
DA:666,2
DA:667,1
DA:668,1
DA:669,1
DA:670,1
DA:671,1
DA:672,1
DA:674,1
DA:675,1
DA:676,1
DA:677,2
DA:678,2
DA:680,1
DA:690,2
DA:691,1
DA:692,1
DA:693,1
DA:694,0
DA:696,1
DA:706,2
DA:707,1
DA:709,1
DA:710,1
DA:711,1
DA:712,1
DA:716,0
DA:725,2
DA:726,1
DA:727,1
DA:728,1
DA:729,1
DA:730,1
DA:742,2
DA:743,1
DA:744,1
DA:745,1
DA:746,2
DA:747,2
DA:749,2
DA:750,1
DA:757,2
DA:758,7
DA:759,7
DA:760,7
DA:768,2
DA:769,5
DA:770,5
DA:778,2
DA:779,3
DA:780,0
DA:781,3
DA:782,3
DA:790,2
DA:791,1
DA:792,2
DA:793,1
DA:794,1
DA:795,0
DA:797,1
DA:799,1
DA:802,0
DA:811,2
DA:812,1
DA:813,6
DA:823,2
DA:824,1
DA:825,1
DA:834,2
DA:835,2
DA:836,2
DA:837,12
DA:848,2
DA:849,0
DA:858,2
DA:859,21
DA:868,2
DA:869,4
DA:870,4
DA:871,4
DA:872,4
DA:873,12
DA:874,12
DA:875,12
DA:876,14
DA:877,12
DA:878,12
DA:881,2
DA:883,8
DA:896,2
DA:897,32
DA:898,32
DA:899,10
DA:900,27
DA:902,32
DA:903,32
DA:904,32
DA:905,32
DA:913,25
DA:914,25
DA:915,23
DA:916,23
DA:917,0
DA:918,0
DA:919,0
DA:920,0
DA:921,0
DA:924,2
DA:925,2
DA:926,1
DA:927,1
DA:928,1
DA:931,25
DA:943,2
DA:944,198
DA:948,198
DA:949,157
DA:950,198
DA:962,2
DA:963,2
DA:964,2
DA:965,2
DA:982,121
DA:983,121
DA:984,121
DA:985,121
DA:986,121
DA:990,121
DA:991,38
DA:992,102
DA:995,121
DA:1009,3
DA:1010,3
DA:1011,3
DA:1012,3
DA:1013,3
DA:1014,3
DA:1015,3
DA:1016,3
DA:1017,3
DA:1018,3
DA:1019,3
DA:1020,3
DA:1021,3
DA:1022,3
DA:1023,3
DA:1024,10
DA:1025,10
DA:1026,10
DA:1028,3
DA:1029,3
DA:1030,3
DA:1031,10
DA:1032,10
DA:1034,3
DA:1035,3
DA:1040,14
DA:1041,10
DA:1042,10
DA:1044,4
DA:1045,4
DA:1047,14
DA:1050,3
DA:1051,3
DA:1052,10
DA:1055,3
DA:1057,4
DA:1059,4
DA:1062,4
DA:1064,4
DA:1065,4
DA:1067,4
DA:1068,4
DA:1069,4
DA:1071,4
DA:1072,4
DA:1073,4
DA:1074,4
DA:1075,4
DA:1076,4
DA:1078,4
DA:1079,4
DA:1080,4
DA:1083,3
DA:1084,3
DA:1085,3
DA:1087,3
DA:1088,3
DA:1089,3
DA:1091,3
DA:1092,3
DA:1094,3
DA:1095,3
DA:1096,3
DA:1100,4
DA:1101,4
DA:1102,4
DA:1103,4
DA:1104,4
DA:1105,4
DA:1106,4
DA:1107,4
DA:1108,4
DA:1110,4
DA:1111,4
DA:1115,4
DA:1116,14
DA:1117,13
DA:1118,13
DA:1119,13
DA:1120,13
DA:1121,5
DA:1122,5
DA:1123,5
DA:1127,4
DA:1128,14
DA:1129,13
DA:1130,32
DA:1131,32
DA:1132,30
DA:1133,27
DA:1134,27
DA:1135,0
DA:1136,0
DA:1137,0
DA:1142,4
DA:1146,4
DA:1147,4
DA:1148,4
DA:1151,4
DA:1152,4
DA:1153,4
DA:1154,4
DA:1155,4
DA:1157,4
DA:1158,4
DA:1159,14
DA:1160,9
DA:1161,9
DA:1162,9
DA:1163,9
DA:1164,9
DA:1166,4
DA:1167,14
DA:1168,14
DA:1169,14
DA:1170,9
DA:1171,9
DA:1172,9
DA:1173,9
DA:1175,4
DA:1176,4
DA:1177,4
DA:1178,4
DA:1179,4
DA:1183,3
DA:1184,3
DA:1185,3
DA:1186,10
DA:1187,10
DA:1188,34
DA:1189,34
DA:1190,34
DA:1192,10
DA:1194,3
DA:1198,14
DA:1199,14
DA:1200,14
DA:1201,14
DA:1202,14
DA:1203,14
DA:1204,48
DA:1205,29
DA:1206,29
DA:1208,14
DA:1209,14
DA:1210,15
DA:1211,14
DA:1212,14
DA:1213,29
DA:1215,14
DA:1227,4
DA:1228,4
DA:1229,4
DA:1230,4
DA:1231,4
DA:1232,108
DA:1234,108
DA:1236,8
DA:1237,8
DA:1238,8
DA:1239,8
DA:1241,12
DA:1242,12
DA:1243,12
DA:1245,8
DA:1246,8
DA:1248,20
DA:1250,60
DA:1251,60
DA:1252,28
DA:1253,32
DA:1254,20
DA:1258,4
DA:1261,2
DA:1262,2
DA:1263,2
DA:1264,2
DA:1265,2
LF:539
LH:518
BRDA:2,0,0,2
BRDA:2,0,1,0
BRDA:2,1,0,2
BRDA:2,1,1,2
BRDA:3,2,0,0
BRDA:3,2,1,0
BRDA:3,3,0,0
BRDA:3,3,1,0
BRDA:4,4,0,0
BRDA:4,4,1,0
BRDA:4,5,0,0
BRDA:4,5,1,0
BRDA:28,6,0,8
BRDA:28,6,1,174
BRDA:29,7,0,177
BRDA:29,7,1,5
BRDA:32,8,0,182
BRDA:32,8,1,79
BRDA:34,9,0,182
BRDA:34,9,1,182
BRDA:35,10,0,182
BRDA:35,10,1,182
BRDA:36,11,0,182
BRDA:36,11,1,73
BRDA:37,12,0,182
BRDA:37,12,1,162
BRDA:38,13,0,182
BRDA:38,13,1,170
BRDA:39,14,0,179
BRDA:39,14,1,179
BRDA:57,15,0,106
BRDA:57,15,1,20
BRDA:61,16,0,20
BRDA:61,16,1,0
BRDA:80,17,0,1
BRDA:80,17,1,1
BRDA:82,18,0,2
BRDA:82,18,1,0
BRDA:85,19,0,0
BRDA:85,19,1,0
BRDA:119,20,0,6
BRDA:119,20,1,2
BRDA:119,21,0,8
BRDA:119,21,1,7
BRDA:120,22,0,1
BRDA:120,22,1,1
BRDA:172,23,0,1
BRDA:172,23,1,35
BRDA:174,24,0,0
BRDA:174,24,1,36
BRDA:271,25,0,1
BRDA:271,25,1,4
BRDA:271,26,0,5
BRDA:271,26,1,2
BRDA:277,27,0,2
BRDA:277,27,1,1
BRDA:293,28,0,132
BRDA:293,28,1,195
BRDA:295,29,0,81
BRDA:295,29,1,114
BRDA:315,30,0,17
BRDA:315,30,1,14
BRDA:316,31,0,0
BRDA:316,31,1,31
BRDA:317,32,0,6
BRDA:317,32,1,25
BRDA:317,33,0,31
BRDA:317,33,1,25
BRDA:341,34,0,2
BRDA:341,34,1,1
BRDA:355,35,0,0
BRDA:355,35,1,3
BRDA:367,36,0,3
BRDA:367,36,1,21
BRDA:370,37,0,21
BRDA:370,37,1,0
BRDA:373,38,0,6
BRDA:373,38,1,14
BRDA:385,39,0,124
BRDA:385,39,1,45
BRDA:386,40,0,52
BRDA:386,40,1,117
BRDA:409,41,0,76
BRDA:409,41,1,37
BRDA:430,42,0,0
BRDA:430,42,1,23
BRDA:456,43,0,1
BRDA:456,43,1,3
BRDA:458,44,0,2
BRDA:458,44,1,1
BRDA:476,45,0,43
BRDA:476,45,1,2
BRDA:478,46,0,2
BRDA:478,46,1,0
BRDA:491,47,0,2
BRDA:491,47,1,3
BRDA:493,48,0,2
BRDA:493,48,1,1
BRDA:506,49,0,2
BRDA:506,49,1,1
BRDA:529,50,0,2
BRDA:529,50,1,0
BRDA:530,51,0,0
BRDA:530,51,1,0
BRDA:540,52,0,10
BRDA:540,52,1,3
BRDA:541,53,0,0
BRDA:541,53,1,10
BRDA:543,54,0,5
BRDA:543,54,1,8
BRDA:544,55,0,1
BRDA:544,55,1,4
BRDA:557,56,0,1
BRDA:557,56,1,2
BRDA:557,57,0,3
BRDA:557,57,1,3
BRDA:558,58,0,1
BRDA:558,58,1,1
BRDA:558,59,0,2
BRDA:558,59,1,1
BRDA:628,60,0,1
BRDA:628,60,1,5
BRDA:647,61,0,0
BRDA:647,61,1,1
BRDA:648,62,0,0
BRDA:648,62,1,1
BRDA:652,63,0,2
BRDA:652,63,1,4
BRDA:653,64,0,1
BRDA:653,64,1,5
BRDA:693,65,0,0
BRDA:693,65,1,1
BRDA:709,66,0,1
BRDA:709,66,1,0
BRDA:711,67,0,1
BRDA:711,67,1,0
BRDA:758,68,0,0
BRDA:758,68,1,7
BRDA:779,69,0,0
BRDA:779,69,1,3
BRDA:779,70,0,3
BRDA:779,70,1,0
BRDA:792,71,0,1
BRDA:792,71,1,1
BRDA:794,72,0,0
BRDA:794,72,1,1
BRDA:812,73,0,0
BRDA:812,73,1,1
BRDA:835,74,0,0
BRDA:835,74,1,2
BRDA:898,75,0,10
BRDA:898,75,1,22
BRDA:903,76,0,25
BRDA:903,76,1,7
BRDA:904,77,0,5
BRDA:904,77,1,27
BRDA:914,78,0,23
BRDA:914,78,1,2
BRDA:916,79,0,0
BRDA:916,79,1,23
BRDA:918,80,0,0
BRDA:918,80,1,0
BRDA:921,81,0,0
BRDA:921,81,1,0
BRDA:925,82,0,1
BRDA:925,82,1,1
BRDA:948,83,0,61
BRDA:948,83,1,137
BRDA:963,84,0,2
BRDA:963,84,1,0
BRDA:964,85,0,1
BRDA:964,85,1,1
BRDA:982,86,0,121
BRDA:982,86,1,0
BRDA:983,87,0,121
BRDA:983,87,1,0
BRDA:984,88,0,121
BRDA:984,88,1,0
BRDA:985,89,0,1
BRDA:985,89,1,120
BRDA:990,90,0,38
BRDA:990,90,1,83
BRDA:1011,91,0,1
BRDA:1011,91,1,2
BRDA:1040,92,0,10
BRDA:1040,92,1,4
BRDA:1052,93,0,10
BRDA:1052,93,1,0
BRDA:1116,94,0,1
BRDA:1116,94,1,13
BRDA:1118,95,0,0
BRDA:1118,95,1,13
BRDA:1120,96,0,5
BRDA:1120,96,1,8
BRDA:1128,97,0,1
BRDA:1128,97,1,13
BRDA:1131,98,0,2
BRDA:1131,98,1,30
BRDA:1132,99,0,3
BRDA:1132,99,1,27
BRDA:1134,100,0,0
BRDA:1134,100,1,27
BRDA:1159,101,0,5
BRDA:1159,101,1,9
BRDA:1169,102,0,5
BRDA:1169,102,1,9
BRDA:1173,103,0,6
BRDA:1173,103,1,3
BRDA:1177,104,0,0
BRDA:1177,104,1,4
BRDA:1189,105,0,0
BRDA:1189,105,1,34
BRDA:1198,106,0,0
BRDA:1198,106,1,14
BRDA:1204,107,0,19
BRDA:1204,107,1,29
BRDA:1204,108,0,48
BRDA:1204,108,1,43
BRDA:1234,109,0,8
BRDA:1234,109,1,12
BRDA:1234,109,2,8
BRDA:1234,109,3,20
BRDA:1234,109,4,60
BRDA:1251,110,0,28
BRDA:1251,110,1,32
BRDA:1251,111,0,60
BRDA:1251,111,1,52
BRDA:1251,111,2,44
BRDA:1253,112,0,20
BRDA:1253,112,1,12
BRF:230
BRH:181
end_of_record
