TN:
SF:/home/aaboyles/Projects/patristic/dist/patristic.js
FN:1,(anonymous_0)
FN:5,(anonymous_1)
FN:27,Branch
FN:29,(anonymous_3)
FN:43,guid
FN:56,(anonymous_5)
FN:80,(anonymous_6)
FN:89,(anonymous_7)
FN:100,(anonymous_8)
FN:110,(anonymous_9)
FN:123,(anonymous_10)
FN:133,(anonymous_11)
FN:134,(anonymous_12)
FN:142,(anonymous_13)
FN:155,(anonymous_14)
FN:176,(anonymous_15)
FN:188,(anonymous_16)
FN:200,(anonymous_17)
FN:209,(anonymous_18)
FN:222,(anonymous_19)
FN:223,(anonymous_20)
FN:235,(anonymous_21)
FN:237,(anonymous_22)
FN:246,(anonymous_23)
FN:255,(anonymous_24)
FN:259,(anonymous_25)
FN:272,(anonymous_26)
FN:276,(anonymous_27)
FN:280,(anonymous_28)
FN:282,(anonymous_29)
FN:297,(anonymous_30)
FN:298,(anonymous_31)
FN:312,(anonymous_32)
FN:313,(anonymous_33)
FN:324,(anonymous_34)
FN:338,(anonymous_35)
FN:340,(anonymous_36)
FN:350,(anonymous_37)
FN:368,(anonymous_38)
FN:371,(anonymous_39)
FN:372,(anonymous_40)
FN:383,(anonymous_41)
FN:392,(anonymous_42)
FN:397,(anonymous_43)
FN:398,(anonymous_44)
FN:412,(anonymous_45)
FN:429,(anonymous_46)
FN:440,(anonymous_47)
FN:444,(anonymous_48)
FN:459,(anonymous_49)
FN:462,(anonymous_50)
FN:464,(anonymous_51)
FN:474,(anonymous_52)
FN:479,(anonymous_53)
FN:489,(anonymous_54)
FN:513,(anonymous_55)
FN:524,(anonymous_56)
FN:529,(anonymous_57)
FN:530,(anonymous_58)
FN:541,(anonymous_59)
FN:552,(anonymous_60)
FN:566,(anonymous_61)
FN:578,(anonymous_62)
FN:588,(anonymous_63)
FN:599,(anonymous_64)
FN:610,(anonymous_65)
FN:612,(anonymous_66)
FN:631,(anonymous_67)
FN:636,(anonymous_68)
FN:641,(anonymous_69)
FN:651,(anonymous_70)
FN:674,(anonymous_71)
FN:686,(anonymous_72)
FN:703,(anonymous_73)
FN:710,(anonymous_74)
FN:718,(anonymous_75)
FN:729,(anonymous_76)
FN:739,(anonymous_77)
FN:753,(anonymous_78)
FN:755,(anonymous_79)
FN:772,(anonymous_80)
FN:773,(anonymous_81)
FN:774,(anonymous_82)
FN:784,(anonymous_83)
FN:795,(anonymous_84)
FN:796,(anonymous_85)
FN:798,(anonymous_86)
FN:798,(anonymous_87)
FN:809,(anonymous_88)
FN:819,(anonymous_89)
FN:829,(anonymous_90)
FN:844,(anonymous_91)
FN:857,(anonymous_92)
FN:861,(anonymous_93)
FN:873,numberToString
FN:904,(anonymous_95)
FN:910,(anonymous_96)
FN:923,(anonymous_97)
FN:942,parseJSON
FN:952,(anonymous_99)
FN:969,parseMatrix
FN:999,setUpNode
FN:1060,search
FN:1106,recalculateDistanceMatrix
FN:1143,sumRows
FN:1158,sortWithIndices
FN:1171,(anonymous_106)
FN:1187,parseNewick
FNF:108
FNH:50
FNDA:2,(anonymous_0)
FNDA:2,(anonymous_1)
FNDA:83,Branch
FNDA:83,(anonymous_3)
FNDA:2656,guid
FNDA:73,(anonymous_5)
FNDA:1,(anonymous_6)
FNDA:0,(anonymous_7)
FNDA:1,(anonymous_8)
FNDA:0,(anonymous_9)
FNDA:2,(anonymous_10)
FNDA:0,(anonymous_11)
FNDA:0,(anonymous_12)
FNDA:0,(anonymous_13)
FNDA:6,(anonymous_14)
FNDA:3,(anonymous_15)
FNDA:0,(anonymous_16)
FNDA:0,(anonymous_17)
FNDA:0,(anonymous_18)
FNDA:194,(anonymous_19)
FNDA:167,(anonymous_20)
FNDA:183,(anonymous_21)
FNDA:158,(anonymous_22)
FNDA:379,(anonymous_23)
FNDA:2,(anonymous_24)
FNDA:1,(anonymous_25)
FNDA:25,(anonymous_26)
FNDA:183,(anonymous_27)
FNDA:183,(anonymous_28)
FNDA:158,(anonymous_29)
FNDA:0,(anonymous_30)
FNDA:0,(anonymous_31)
FNDA:0,(anonymous_32)
FNDA:0,(anonymous_33)
FNDA:1,(anonymous_34)
FNDA:0,(anonymous_35)
FNDA:0,(anonymous_36)
FNDA:112,(anonymous_37)
FNDA:178,(anonymous_38)
FNDA:163,(anonymous_39)
FNDA:690,(anonymous_40)
FNDA:0,(anonymous_41)
FNDA:0,(anonymous_42)
FNDA:0,(anonymous_43)
FNDA:0,(anonymous_44)
FNDA:3,(anonymous_45)
FNDA:28,(anonymous_46)
FNDA:0,(anonymous_47)
FNDA:0,(anonymous_48)
FNDA:15,(anonymous_49)
FNDA:129,(anonymous_50)
FNDA:0,(anonymous_51)
FNDA:0,(anonymous_52)
FNDA:0,(anonymous_53)
FNDA:14,(anonymous_54)
FNDA:0,(anonymous_55)
FNDA:7,(anonymous_56)
FNDA:6,(anonymous_57)
FNDA:5,(anonymous_58)
FNDA:0,(anonymous_59)
FNDA:201,(anonymous_60)
FNDA:0,(anonymous_61)
FNDA:256,(anonymous_62)
FNDA:0,(anonymous_63)
FNDA:0,(anonymous_64)
FNDA:0,(anonymous_65)
FNDA:0,(anonymous_66)
FNDA:0,(anonymous_67)
FNDA:0,(anonymous_68)
FNDA:0,(anonymous_69)
FNDA:0,(anonymous_70)
FNDA:0,(anonymous_71)
FNDA:0,(anonymous_72)
FNDA:2,(anonymous_73)
FNDA:14,(anonymous_74)
FNDA:0,(anonymous_75)
FNDA:0,(anonymous_76)
FNDA:0,(anonymous_77)
FNDA:2,(anonymous_78)
FNDA:11,(anonymous_79)
FNDA:0,(anonymous_80)
FNDA:0,(anonymous_81)
FNDA:0,(anonymous_82)
FNDA:0,(anonymous_83)
FNDA:0,(anonymous_84)
FNDA:0,(anonymous_85)
FNDA:0,(anonymous_86)
FNDA:0,(anonymous_87)
FNDA:0,(anonymous_88)
FNDA:6,(anonymous_89)
FNDA:0,(anonymous_90)
FNDA:0,(anonymous_91)
FNDA:16,(anonymous_92)
FNDA:13,(anonymous_93)
FNDA:12,numberToString
FNDA:44,(anonymous_95)
FNDA:37,(anonymous_96)
FNDA:0,(anonymous_97)
FNDA:12,parseJSON
FNDA:10,(anonymous_99)
FNDA:0,parseMatrix
FNDA:0,setUpNode
FNDA:0,search
FNDA:0,recalculateDistanceMatrix
FNDA:0,sumRows
FNDA:0,sortWithIndices
FNDA:0,(anonymous_106)
FNDA:7,parseNewick
DA:1,2
DA:2,2
DA:14,2
DA:28,83
DA:29,83
DA:30,83
DA:44,2656
DA:45,2573
DA:47,83
DA:56,2
DA:58,73
DA:59,10
DA:60,10
DA:62,63
DA:63,63
DA:69,73
DA:70,73
DA:80,2
DA:81,1
DA:83,1
DA:84,0
DA:86,1
DA:87,1
DA:89,1
DA:90,1
DA:91,1
DA:92,1
DA:100,2
DA:101,1
DA:110,2
DA:111,0
DA:123,2
DA:124,2
DA:125,2
DA:126,2
DA:133,2
DA:134,0
DA:142,2
DA:143,0
DA:155,2
DA:156,6
DA:157,6
DA:158,0
DA:159,6
DA:160,0
DA:161,6
DA:162,6
DA:163,24
DA:164,24
DA:166,6
DA:176,2
DA:177,3
DA:178,3
DA:188,2
DA:189,0
DA:190,0
DA:200,2
DA:201,0
DA:202,0
DA:204,0
DA:205,0
DA:206,0
DA:207,0
DA:208,0
DA:209,0
DA:212,0
DA:222,2
DA:223,194
DA:224,194
DA:225,194
DA:235,2
DA:236,183
DA:237,183
DA:238,183
DA:246,2
DA:247,379
DA:248,379
DA:255,2
DA:256,2
DA:257,0
DA:259,2
DA:260,1
DA:261,1
DA:262,1
DA:264,2
DA:265,2
DA:272,2
DA:273,25
DA:274,25
DA:275,25
DA:276,25
DA:277,183
DA:278,158
DA:279,158
DA:281,183
DA:282,183
DA:284,25
DA:297,2
DA:298,0
DA:299,0
DA:300,0
DA:301,0
DA:302,0
DA:305,0
DA:312,2
DA:313,0
DA:324,2
DA:325,1
DA:326,1
DA:327,2
DA:328,1
DA:338,2
DA:339,0
DA:340,0
DA:350,2
DA:351,112
DA:352,104
DA:353,104
DA:354,104
DA:355,104
DA:356,103
DA:357,103
DA:368,2
DA:369,178
DA:370,178
DA:371,87
DA:372,690
DA:375,178
DA:383,2
DA:384,0
DA:392,2
DA:393,0
DA:394,0
DA:396,0
DA:397,0
DA:398,0
DA:400,0
DA:402,0
DA:412,2
DA:413,3
DA:414,3
DA:415,12
DA:416,0
DA:419,12
DA:421,3
DA:429,2
DA:430,28
DA:431,28
DA:432,28
DA:440,2
DA:441,0
DA:442,0
DA:443,0
DA:444,0
DA:446,0
DA:459,2
DA:460,15
DA:461,15
DA:462,129
DA:463,0
DA:464,0
DA:466,0
DA:474,2
DA:475,0
DA:476,0
DA:477,0
DA:478,0
DA:479,0
DA:481,0
DA:489,2
DA:490,14
DA:491,14
DA:492,14
DA:493,14
DA:494,14
DA:495,14
DA:496,14
DA:497,14
DA:498,14
DA:500,0
DA:502,14
DA:513,2
DA:514,0
DA:515,0
DA:516,0
DA:524,2
DA:525,7
DA:526,5
DA:528,7
DA:529,6
DA:530,5
DA:532,4
DA:541,2
DA:542,0
DA:543,0
DA:544,0
DA:552,2
DA:553,201
DA:566,2
DA:567,0
DA:568,0
DA:569,0
DA:570,0
DA:578,2
DA:579,256
DA:588,2
DA:589,0
DA:599,2
DA:600,0
DA:610,2
DA:611,0
DA:612,0
DA:613,0
DA:614,0
DA:619,0
DA:631,2
DA:632,0
DA:633,0
DA:634,0
DA:635,0
DA:636,0
DA:637,0
DA:638,0
DA:640,0
DA:641,0
DA:651,2
DA:652,0
DA:653,0
DA:654,0
DA:655,0
DA:656,0
DA:657,0
DA:659,0
DA:660,0
DA:661,0
DA:662,0
DA:663,0
DA:665,0
DA:674,2
DA:675,0
DA:676,0
DA:677,0
DA:686,2
DA:687,0
DA:688,0
DA:689,0
DA:690,0
DA:691,0
DA:703,2
DA:704,2
DA:705,2
DA:706,2
DA:707,14
DA:708,14
DA:710,14
DA:711,2
DA:718,2
DA:719,0
DA:720,0
DA:721,0
DA:729,2
DA:730,0
DA:731,0
DA:739,2
DA:740,0
DA:741,0
DA:742,0
DA:743,0
DA:753,2
DA:754,2
DA:756,11
DA:757,7
DA:761,2
DA:772,2
DA:773,0
DA:774,0
DA:784,2
DA:785,0
DA:786,0
DA:795,2
DA:796,0
DA:797,0
DA:798,0
DA:809,2
DA:810,0
DA:819,2
DA:820,6
DA:829,2
DA:830,0
DA:831,0
DA:832,0
DA:833,0
DA:834,0
DA:835,0
DA:836,0
DA:837,0
DA:838,0
DA:839,0
DA:842,0
DA:844,0
DA:857,2
DA:858,16
DA:859,16
DA:860,5
DA:861,13
DA:863,16
DA:864,16
DA:865,16
DA:866,16
DA:874,12
DA:875,12
DA:876,12
DA:877,12
DA:878,0
DA:879,0
DA:880,0
DA:881,0
DA:882,0
DA:885,0
DA:886,0
DA:887,0
DA:888,0
DA:889,0
DA:892,12
DA:904,2
DA:905,44
DA:909,44
DA:910,37
DA:911,44
DA:923,2
DA:924,0
DA:925,0
DA:926,0
DA:943,12
DA:944,12
DA:945,12
DA:946,12
DA:947,12
DA:951,12
DA:952,4
DA:953,10
DA:956,12
DA:970,0
DA:971,0
DA:972,0
DA:973,0
DA:974,0
DA:975,0
DA:976,0
DA:977,0
DA:978,0
DA:979,0
DA:980,0
DA:981,0
DA:982,0
DA:983,0
DA:984,0
DA:985,0
DA:986,0
DA:987,0
DA:989,0
DA:990,0
DA:991,0
DA:992,0
DA:993,0
DA:995,0
DA:996,0
DA:1001,0
DA:1002,0
DA:1003,0
DA:1005,0
DA:1006,0
DA:1008,0
DA:1011,0
DA:1012,0
DA:1013,0
DA:1016,0
DA:1018,0
DA:1020,0
DA:1023,0
DA:1025,0
DA:1026,0
DA:1028,0
DA:1029,0
DA:1030,0
DA:1032,0
DA:1033,0
DA:1034,0
DA:1035,0
DA:1036,0
DA:1037,0
DA:1039,0
DA:1040,0
DA:1041,0
DA:1044,0
DA:1045,0
DA:1046,0
DA:1048,0
DA:1049,0
DA:1050,0
DA:1052,0
DA:1053,0
DA:1055,0
DA:1056,0
DA:1057,0
DA:1061,0
DA:1062,0
DA:1063,0
DA:1064,0
DA:1065,0
DA:1066,0
DA:1067,0
DA:1068,0
DA:1069,0
DA:1071,0
DA:1072,0
DA:1076,0
DA:1077,0
DA:1078,0
DA:1079,0
DA:1080,0
DA:1081,0
DA:1082,0
DA:1083,0
DA:1084,0
DA:1088,0
DA:1089,0
DA:1090,0
DA:1091,0
DA:1092,0
DA:1093,0
DA:1094,0
DA:1095,0
DA:1096,0
DA:1097,0
DA:1098,0
DA:1103,0
DA:1107,0
DA:1108,0
DA:1109,0
DA:1112,0
DA:1113,0
DA:1114,0
DA:1115,0
DA:1116,0
DA:1118,0
DA:1119,0
DA:1120,0
DA:1121,0
DA:1122,0
DA:1123,0
DA:1124,0
DA:1125,0
DA:1127,0
DA:1128,0
DA:1129,0
DA:1130,0
DA:1131,0
DA:1132,0
DA:1133,0
DA:1134,0
DA:1136,0
DA:1137,0
DA:1138,0
DA:1139,0
DA:1140,0
DA:1144,0
DA:1145,0
DA:1146,0
DA:1147,0
DA:1148,0
DA:1149,0
DA:1150,0
DA:1151,0
DA:1153,0
DA:1155,0
DA:1159,0
DA:1160,0
DA:1161,0
DA:1162,0
DA:1163,0
DA:1164,0
DA:1165,0
DA:1166,0
DA:1167,0
DA:1169,0
DA:1170,0
DA:1171,0
DA:1172,0
DA:1173,0
DA:1174,0
DA:1176,0
DA:1188,7
DA:1189,7
DA:1190,7
DA:1191,7
DA:1192,7
DA:1193,293
DA:1195,293
DA:1197,28
DA:1198,28
DA:1199,28
DA:1200,28
DA:1202,34
DA:1203,34
DA:1204,34
DA:1206,28
DA:1207,28
DA:1209,46
DA:1211,157
DA:1212,157
DA:1213,90
DA:1214,67
DA:1215,46
DA:1219,7
DA:1222,2
DA:1223,2
DA:1224,2
DA:1225,2
DA:1226,2
DA:1228,2
LF:521
LH:232
BRDA:2,0,0,2
BRDA:2,0,1,0
BRDA:2,1,0,2
BRDA:2,1,1,2
BRDA:3,2,0,0
BRDA:3,2,1,0
BRDA:3,3,0,0
BRDA:3,3,1,0
BRDA:4,4,0,0
BRDA:4,4,1,0
BRDA:28,5,0,7
BRDA:28,5,1,76
BRDA:29,6,0,83
BRDA:29,6,1,0
BRDA:32,7,0,83
BRDA:32,7,1,73
BRDA:34,8,0,83
BRDA:34,8,1,83
BRDA:35,9,0,83
BRDA:35,9,1,83
BRDA:36,10,0,83
BRDA:36,10,1,75
BRDA:37,11,0,83
BRDA:37,11,1,20
BRDA:38,12,0,83
BRDA:38,12,1,83
BRDA:39,13,0,83
BRDA:39,13,1,83
BRDA:44,14,0,2573
BRDA:44,14,1,83
BRDA:58,15,0,10
BRDA:58,15,1,63
BRDA:62,16,0,62
BRDA:62,16,1,1
BRDA:81,17,0,1
BRDA:81,17,1,0
BRDA:83,18,0,0
BRDA:83,18,1,1
BRDA:86,19,0,0
BRDA:86,19,1,1
BRDA:157,20,0,0
BRDA:157,20,1,6
BRDA:159,21,0,0
BRDA:159,21,1,6
BRDA:256,22,0,0
BRDA:256,22,1,2
BRDA:256,23,0,2
BRDA:256,23,1,0
BRDA:262,24,0,1
BRDA:262,24,1,0
BRDA:277,25,0,25
BRDA:277,25,1,158
BRDA:279,26,0,58
BRDA:279,26,1,100
BRDA:299,27,0,0
BRDA:299,27,1,0
BRDA:300,28,0,0
BRDA:300,28,1,0
BRDA:301,29,0,0
BRDA:301,29,1,0
BRDA:301,30,0,0
BRDA:301,30,1,0
BRDA:325,31,0,1
BRDA:325,31,1,0
BRDA:339,32,0,0
BRDA:339,32,1,0
BRDA:351,33,0,8
BRDA:351,33,1,104
BRDA:354,34,0,104
BRDA:354,34,1,0
BRDA:357,35,0,28
BRDA:357,35,1,75
BRDA:369,36,0,163
BRDA:369,36,1,15
BRDA:370,37,0,87
BRDA:370,37,1,91
BRDA:393,38,0,0
BRDA:393,38,1,0
BRDA:415,39,0,0
BRDA:415,39,1,12
BRDA:441,40,0,0
BRDA:441,40,1,0
BRDA:443,41,0,0
BRDA:443,41,1,0
BRDA:461,42,0,15
BRDA:461,42,1,0
BRDA:463,43,0,0
BRDA:463,43,1,0
BRDA:476,44,0,0
BRDA:476,44,1,0
BRDA:478,45,0,0
BRDA:478,45,1,0
BRDA:491,46,0,14
BRDA:491,46,1,0
BRDA:514,47,0,0
BRDA:514,47,1,0
BRDA:515,48,0,0
BRDA:515,48,1,0
BRDA:525,49,0,5
BRDA:525,49,1,2
BRDA:526,50,0,0
BRDA:526,50,1,5
BRDA:528,51,0,3
BRDA:528,51,1,4
BRDA:529,52,0,1
BRDA:529,52,1,2
BRDA:542,53,0,0
BRDA:542,53,1,0
BRDA:542,54,0,0
BRDA:542,54,1,0
BRDA:543,55,0,0
BRDA:543,55,1,0
BRDA:543,56,0,0
BRDA:543,56,1,0
BRDA:613,57,0,0
BRDA:613,57,1,0
BRDA:632,58,0,0
BRDA:632,58,1,0
BRDA:633,59,0,0
BRDA:633,59,1,0
BRDA:637,60,0,0
BRDA:637,60,1,0
BRDA:638,61,0,0
BRDA:638,61,1,0
BRDA:719,62,0,0
BRDA:719,62,1,0
BRDA:740,63,0,0
BRDA:740,63,1,0
BRDA:740,64,0,0
BRDA:740,64,1,0
BRDA:756,65,0,4
BRDA:756,65,1,7
BRDA:756,66,0,11
BRDA:756,66,1,6
BRDA:757,67,0,2
BRDA:757,67,1,5
BRDA:758,68,0,7
BRDA:758,68,1,6
BRDA:758,68,2,3
BRDA:773,69,0,0
BRDA:773,69,1,0
BRDA:796,70,0,0
BRDA:796,70,1,0
BRDA:859,71,0,5
BRDA:859,71,1,11
BRDA:864,72,0,12
BRDA:864,72,1,4
BRDA:865,73,0,3
BRDA:865,73,1,13
BRDA:875,74,0,12
BRDA:875,74,1,0
BRDA:877,75,0,0
BRDA:877,75,1,12
BRDA:879,76,0,0
BRDA:879,76,1,0
BRDA:882,77,0,0
BRDA:882,77,1,0
BRDA:886,78,0,0
BRDA:886,78,1,0
BRDA:909,79,0,15
BRDA:909,79,1,29
BRDA:924,80,0,0
BRDA:924,80,1,0
BRDA:925,81,0,0
BRDA:925,81,1,0
BRDA:943,82,0,12
BRDA:943,82,1,0
BRDA:944,83,0,12
BRDA:944,83,1,0
BRDA:945,84,0,12
BRDA:945,84,1,0
BRDA:946,85,0,2
BRDA:946,85,1,10
BRDA:951,86,0,4
BRDA:951,86,1,8
BRDA:972,87,0,0
BRDA:972,87,1,0
BRDA:1001,88,0,0
BRDA:1001,88,1,0
BRDA:1013,89,0,0
BRDA:1013,89,1,0
BRDA:1077,90,0,0
BRDA:1077,90,1,0
BRDA:1079,91,0,0
BRDA:1079,91,1,0
BRDA:1081,92,0,0
BRDA:1081,92,1,0
BRDA:1089,93,0,0
BRDA:1089,93,1,0
BRDA:1092,94,0,0
BRDA:1092,94,1,0
BRDA:1093,95,0,0
BRDA:1093,95,1,0
BRDA:1095,96,0,0
BRDA:1095,96,1,0
BRDA:1120,97,0,0
BRDA:1120,97,1,0
BRDA:1130,98,0,0
BRDA:1130,98,1,0
BRDA:1134,99,0,0
BRDA:1134,99,1,0
BRDA:1138,100,0,0
BRDA:1138,100,1,0
BRDA:1150,101,0,0
BRDA:1150,101,1,0
BRDA:1159,102,0,0
BRDA:1159,102,1,0
BRDA:1165,103,0,0
BRDA:1165,103,1,0
BRDA:1165,104,0,0
BRDA:1165,104,1,0
BRDA:1195,105,0,28
BRDA:1195,105,1,34
BRDA:1195,105,2,28
BRDA:1195,105,3,46
BRDA:1195,105,4,157
BRDA:1212,106,0,90
BRDA:1212,106,1,67
BRDA:1212,107,0,157
BRDA:1212,107,1,129
BRDA:1212,107,2,101
BRDA:1214,108,0,46
BRDA:1214,108,1,21
BRF:223
BRH:96
end_of_record
